{"/home/runner/work/aided/aided/packages/core/src/h.ts": {"path":"/home/runner/work/aided/aided/packages/core/src/h.ts","all":false,"statementMap":{"1":{"start":{"line":2,"column":0},"end":{"line":2,"column":79}},"2":{"start":{"line":3,"column":0},"end":{"line":3,"column":51}},"7":{"start":{"line":8,"column":0},"end":{"line":8,"column":43}},"8":{"start":{"line":9,"column":0},"end":{"line":9,"column":30}},"9":{"start":{"line":10,"column":0},"end":{"line":10,"column":17}},"10":{"start":{"line":11,"column":0},"end":{"line":11,"column":3}},"12":{"start":{"line":13,"column":0},"end":{"line":13,"column":36}},"13":{"start":{"line":14,"column":0},"end":{"line":14,"column":49}},"15":{"start":{"line":16,"column":0},"end":{"line":16,"column":24}},"16":{"start":{"line":17,"column":0},"end":{"line":17,"column":51}},"17":{"start":{"line":18,"column":0},"end":{"line":18,"column":88}},"18":{"start":{"line":19,"column":0},"end":{"line":19,"column":7}},"19":{"start":{"line":20,"column":0},"end":{"line":20,"column":20}},"20":{"start":{"line":21,"column":0},"end":{"line":21,"column":3}},"22":{"start":{"line":23,"column":0},"end":{"line":23,"column":48}},"23":{"start":{"line":24,"column":0},"end":{"line":24,"column":1}},"25":{"start":{"line":26,"column":0},"end":{"line":26,"column":35}},"26":{"start":{"line":27,"column":0},"end":{"line":27,"column":43}},"27":{"start":{"line":28,"column":0},"end":{"line":28,"column":43}},"28":{"start":{"line":29,"column":0},"end":{"line":29,"column":49}},"30":{"start":{"line":31,"column":0},"end":{"line":31,"column":29}},"31":{"start":{"line":32,"column":0},"end":{"line":32,"column":31}},"32":{"start":{"line":33,"column":0},"end":{"line":33,"column":66}},"33":{"start":{"line":34,"column":0},"end":{"line":34,"column":85}},"35":{"start":{"line":36,"column":0},"end":{"line":36,"column":32}},"36":{"start":{"line":37,"column":0},"end":{"line":37,"column":33}},"37":{"start":{"line":38,"column":0},"end":{"line":38,"column":30}},"38":{"start":{"line":39,"column":0},"end":{"line":39,"column":24}},"39":{"start":{"line":40,"column":0},"end":{"line":40,"column":64}},"40":{"start":{"line":41,"column":0},"end":{"line":41,"column":11}},"41":{"start":{"line":42,"column":0},"end":{"line":42,"column":37}},"42":{"start":{"line":43,"column":0},"end":{"line":43,"column":61}},"43":{"start":{"line":44,"column":0},"end":{"line":44,"column":51}},"44":{"start":{"line":45,"column":0},"end":{"line":45,"column":43}},"46":{"start":{"line":47,"column":0},"end":{"line":47,"column":37}},"47":{"start":{"line":48,"column":0},"end":{"line":48,"column":39}},"49":{"start":{"line":50,"column":0},"end":{"line":50,"column":44}},"51":{"start":{"line":52,"column":0},"end":{"line":52,"column":89}},"52":{"start":{"line":53,"column":0},"end":{"line":53,"column":31}},"53":{"start":{"line":54,"column":0},"end":{"line":54,"column":37}},"54":{"start":{"line":55,"column":0},"end":{"line":55,"column":22}},"56":{"start":{"line":57,"column":0},"end":{"line":57,"column":47}},"57":{"start":{"line":58,"column":0},"end":{"line":58,"column":15}},"58":{"start":{"line":59,"column":0},"end":{"line":59,"column":20}},"60":{"start":{"line":61,"column":0},"end":{"line":61,"column":46}},"61":{"start":{"line":62,"column":0},"end":{"line":62,"column":13}},"62":{"start":{"line":63,"column":0},"end":{"line":63,"column":18}},"64":{"start":{"line":65,"column":0},"end":{"line":65,"column":46}},"65":{"start":{"line":66,"column":0},"end":{"line":66,"column":39}},"66":{"start":{"line":67,"column":0},"end":{"line":67,"column":20}},"67":{"start":{"line":68,"column":0},"end":{"line":68,"column":50}},"68":{"start":{"line":69,"column":0},"end":{"line":69,"column":13}},"69":{"start":{"line":70,"column":0},"end":{"line":70,"column":11}},"70":{"start":{"line":71,"column":0},"end":{"line":71,"column":9}},"71":{"start":{"line":72,"column":0},"end":{"line":72,"column":14}},"72":{"start":{"line":73,"column":0},"end":{"line":73,"column":51}},"73":{"start":{"line":74,"column":0},"end":{"line":74,"column":7}},"74":{"start":{"line":75,"column":0},"end":{"line":75,"column":5}},"76":{"start":{"line":77,"column":0},"end":{"line":77,"column":14}},"77":{"start":{"line":78,"column":0},"end":{"line":78,"column":14}},"78":{"start":{"line":79,"column":0},"end":{"line":79,"column":5}},"79":{"start":{"line":80,"column":0},"end":{"line":80,"column":14}},"80":{"start":{"line":81,"column":0},"end":{"line":81,"column":4}},"81":{"start":{"line":82,"column":0},"end":{"line":82,"column":1}},"83":{"start":{"line":84,"column":0},"end":{"line":84,"column":32}},"84":{"start":{"line":85,"column":0},"end":{"line":85,"column":30}},"85":{"start":{"line":86,"column":0},"end":{"line":86,"column":29}},"86":{"start":{"line":87,"column":0},"end":{"line":87,"column":3}},"87":{"start":{"line":88,"column":0},"end":{"line":88,"column":54}}},"s":{"1":1,"2":1,"7":30,"8":30,"9":9,"10":9,"12":30,"13":5,"15":5,"16":12,"17":12,"18":5,"19":5,"20":5,"22":16,"23":16,"25":36,"26":36,"27":36,"28":36,"30":36,"31":46,"32":1,"33":46,"35":18,"36":29,"37":29,"38":4,"39":4,"40":4,"41":29,"42":1,"43":1,"44":29,"46":1,"47":24,"49":12,"51":11,"52":11,"53":7,"54":10,"56":4,"57":4,"58":12,"60":1,"61":1,"62":23,"64":11,"65":1,"66":11,"67":10,"68":10,"69":11,"70":29,"71":45,"72":27,"73":27,"74":46,"76":36,"77":4,"78":4,"79":36,"80":36,"81":36,"83":1,"84":1,"85":36,"86":36,"87":1},"branchMap":{"0":{"type":"branch","line":8,"loc":{"start":{"line":8,"column":0},"end":{"line":24,"column":1}},"locations":[{"start":{"line":8,"column":0},"end":{"line":24,"column":1}}]},"1":{"type":"branch","line":9,"loc":{"start":{"line":9,"column":29},"end":{"line":11,"column":3}},"locations":[{"start":{"line":9,"column":29},"end":{"line":11,"column":3}}]},"2":{"type":"branch","line":11,"loc":{"start":{"line":11,"column":2},"end":{"line":13,"column":35}},"locations":[{"start":{"line":11,"column":2},"end":{"line":13,"column":35}}]},"3":{"type":"branch","line":13,"loc":{"start":{"line":13,"column":35},"end":{"line":21,"column":3}},"locations":[{"start":{"line":13,"column":35},"end":{"line":21,"column":3}}]},"4":{"type":"branch","line":21,"loc":{"start":{"line":21,"column":2},"end":{"line":24,"column":1}},"locations":[{"start":{"line":21,"column":2},"end":{"line":24,"column":1}}]},"5":{"type":"branch","line":16,"loc":{"start":{"line":16,"column":17},"end":{"line":19,"column":5}},"locations":[{"start":{"line":16,"column":17},"end":{"line":19,"column":5}}]},"6":{"type":"branch","line":18,"loc":{"start":{"line":18,"column":39},"end":{"line":18,"column":69}},"locations":[{"start":{"line":18,"column":39},"end":{"line":18,"column":69}}]},"7":{"type":"branch","line":18,"loc":{"start":{"line":18,"column":57},"end":{"line":18,"column":74}},"locations":[{"start":{"line":18,"column":57},"end":{"line":18,"column":74}}]},"8":{"type":"branch","line":18,"loc":{"start":{"line":18,"column":69},"end":{"line":18,"column":88}},"locations":[{"start":{"line":18,"column":69},"end":{"line":18,"column":88}}]},"9":{"type":"branch","line":26,"loc":{"start":{"line":26,"column":0},"end":{"line":82,"column":1}},"locations":[{"start":{"line":26,"column":0},"end":{"line":82,"column":1}}]},"10":{"type":"branch","line":27,"loc":{"start":{"line":27,"column":9},"end":{"line":81,"column":4}},"locations":[{"start":{"line":27,"column":9},"end":{"line":81,"column":4}}]},"11":{"type":"branch","line":31,"loc":{"start":{"line":31,"column":28},"end":{"line":75,"column":5}},"locations":[{"start":{"line":31,"column":28},"end":{"line":75,"column":5}}]},"12":{"type":"branch","line":32,"loc":{"start":{"line":32,"column":30},"end":{"line":34,"column":17}},"locations":[{"start":{"line":32,"column":30},"end":{"line":34,"column":17}}]},"13":{"type":"branch","line":34,"loc":{"start":{"line":34,"column":6},"end":{"line":74,"column":7}},"locations":[{"start":{"line":34,"column":6},"end":{"line":74,"column":7}}]},"14":{"type":"branch","line":34,"loc":{"start":{"line":34,"column":32},"end":{"line":34,"column":60}},"locations":[{"start":{"line":34,"column":32},"end":{"line":34,"column":60}}]},"15":{"type":"branch","line":34,"loc":{"start":{"line":34,"column":52},"end":{"line":34,"column":84}},"locations":[{"start":{"line":34,"column":52},"end":{"line":34,"column":84}}]},"16":{"type":"branch","line":34,"loc":{"start":{"line":34,"column":84},"end":{"line":72,"column":13}},"locations":[{"start":{"line":34,"column":84},"end":{"line":72,"column":13}}]},"17":{"type":"branch","line":36,"loc":{"start":{"line":36,"column":31},"end":{"line":71,"column":9}},"locations":[{"start":{"line":36,"column":31},"end":{"line":71,"column":9}}]},"18":{"type":"branch","line":38,"loc":{"start":{"line":38,"column":29},"end":{"line":41,"column":11}},"locations":[{"start":{"line":38,"column":29},"end":{"line":41,"column":11}}]},"19":{"type":"branch","line":41,"loc":{"start":{"line":41,"column":10},"end":{"line":42,"column":36}},"locations":[{"start":{"line":41,"column":10},"end":{"line":42,"column":36}}]},"20":{"type":"branch","line":42,"loc":{"start":{"line":42,"column":36},"end":{"line":45,"column":21}},"locations":[{"start":{"line":42,"column":36},"end":{"line":45,"column":21}}]},"21":{"type":"branch","line":45,"loc":{"start":{"line":45,"column":10},"end":{"line":70,"column":11}},"locations":[{"start":{"line":45,"column":10},"end":{"line":70,"column":11}}]},"22":{"type":"branch","line":45,"loc":{"start":{"line":45,"column":42},"end":{"line":48,"column":21}},"locations":[{"start":{"line":45,"column":42},"end":{"line":48,"column":21}}]},"23":{"type":"branch","line":48,"loc":{"start":{"line":48,"column":10},"end":{"line":70,"column":11}},"locations":[{"start":{"line":48,"column":10},"end":{"line":70,"column":11}}]},"24":{"type":"branch","line":48,"loc":{"start":{"line":48,"column":38},"end":{"line":63,"column":17}},"locations":[{"start":{"line":48,"column":38},"end":{"line":63,"column":17}}]},"25":{"type":"branch","line":50,"loc":{"start":{"line":50,"column":43},"end":{"line":59,"column":19}},"locations":[{"start":{"line":50,"column":43},"end":{"line":59,"column":19}}]},"26":{"type":"branch","line":53,"loc":{"start":{"line":53,"column":30},"end":{"line":58,"column":15}},"locations":[{"start":{"line":53,"column":30},"end":{"line":58,"column":15}}]},"27":{"type":"branch","line":53,"loc":{"start":{"line":53,"column":30},"end":{"line":55,"column":21}},"locations":[{"start":{"line":53,"column":30},"end":{"line":55,"column":21}}]},"28":{"type":"branch","line":55,"loc":{"start":{"line":55,"column":14},"end":{"line":58,"column":15}},"locations":[{"start":{"line":55,"column":14},"end":{"line":58,"column":15}}]},"29":{"type":"branch","line":59,"loc":{"start":{"line":59,"column":12},"end":{"line":62,"column":13}},"locations":[{"start":{"line":59,"column":12},"end":{"line":62,"column":13}}]},"30":{"type":"branch","line":63,"loc":{"start":{"line":63,"column":10},"end":{"line":70,"column":11}},"locations":[{"start":{"line":63,"column":10},"end":{"line":70,"column":11}}]},"31":{"type":"branch","line":65,"loc":{"start":{"line":65,"column":45},"end":{"line":67,"column":19}},"locations":[{"start":{"line":65,"column":45},"end":{"line":67,"column":19}}]},"32":{"type":"branch","line":67,"loc":{"start":{"line":67,"column":12},"end":{"line":69,"column":13}},"locations":[{"start":{"line":67,"column":12},"end":{"line":69,"column":13}}]},"33":{"type":"branch","line":72,"loc":{"start":{"line":72,"column":6},"end":{"line":74,"column":7}},"locations":[{"start":{"line":72,"column":6},"end":{"line":74,"column":7}}]},"34":{"type":"branch","line":77,"loc":{"start":{"line":77,"column":13},"end":{"line":79,"column":5}},"locations":[{"start":{"line":77,"column":13},"end":{"line":79,"column":5}}]},"35":{"type":"branch","line":33,"loc":{"start":{"line":33,"column":20},"end":{"line":33,"column":64}},"locations":[{"start":{"line":33,"column":20},"end":{"line":33,"column":64}}]},"36":{"type":"branch","line":52,"loc":{"start":{"line":52,"column":59},"end":{"line":52,"column":87}},"locations":[{"start":{"line":52,"column":59},"end":{"line":52,"column":87}}]},"37":{"type":"branch","line":85,"loc":{"start":{"line":85,"column":2},"end":{"line":87,"column":3}},"locations":[{"start":{"line":85,"column":2},"end":{"line":87,"column":3}}]}},"b":{"0":[30],"1":[9],"2":[21],"3":[5],"4":[16],"5":[12],"6":[11],"7":[2],"8":[10],"9":[36],"10":[36],"11":[46],"12":[1],"13":[45],"14":[24],"15":[24],"16":[18],"17":[29],"18":[4],"19":[25],"20":[1],"21":[24],"22":[1],"23":[23],"24":[12],"25":[11],"26":[10],"27":[7],"28":[4],"29":[1],"30":[11],"31":[1],"32":[10],"33":[27],"34":[4],"35":[3],"36":[36],"37":[36]},"fnMap":{"0":{"name":"processChild","decl":{"start":{"line":8,"column":0},"end":{"line":24,"column":1}},"loc":{"start":{"line":8,"column":0},"end":{"line":24,"column":1}},"line":8},"1":{"name":"hyperscript","decl":{"start":{"line":26,"column":0},"end":{"line":82,"column":1}},"loc":{"start":{"line":26,"column":0},"end":{"line":82,"column":1}},"line":26},"2":{"name":"get","decl":{"start":{"line":85,"column":2},"end":{"line":87,"column":3}},"loc":{"start":{"line":85,"column":2},"end":{"line":87,"column":3}},"line":85}},"f":{"0":30,"1":36,"2":36}}
,"/home/runner/work/aided/aided/packages/core/src/components/For.ts": {"path":"/home/runner/work/aided/aided/packages/core/src/components/For.ts","all":false,"statementMap":{"0":{"start":{"line":1,"column":0},"end":{"line":1,"column":52}},"1":{"start":{"line":2,"column":0},"end":{"line":2,"column":63}},"2":{"start":{"line":3,"column":0},"end":{"line":3,"column":52}},"3":{"start":{"line":4,"column":0},"end":{"line":4,"column":38}},"4":{"start":{"line":5,"column":0},"end":{"line":5,"column":88}},"22":{"start":{"line":23,"column":0},"end":{"line":23,"column":50}},"23":{"start":{"line":24,"column":0},"end":{"line":24,"column":72}},"24":{"start":{"line":25,"column":0},"end":{"line":25,"column":54}},"26":{"start":{"line":27,"column":0},"end":{"line":27,"column":48}},"27":{"start":{"line":28,"column":0},"end":{"line":28,"column":35}},"31":{"start":{"line":32,"column":0},"end":{"line":32,"column":50}},"33":{"start":{"line":34,"column":0},"end":{"line":34,"column":22}},"34":{"start":{"line":35,"column":0},"end":{"line":35,"column":28}},"36":{"start":{"line":37,"column":0},"end":{"line":37,"column":57}},"37":{"start":{"line":38,"column":0},"end":{"line":38,"column":41}},"40":{"start":{"line":41,"column":0},"end":{"line":41,"column":15}},"41":{"start":{"line":42,"column":0},"end":{"line":42,"column":81}},"42":{"start":{"line":43,"column":0},"end":{"line":43,"column":167}},"43":{"start":{"line":44,"column":0},"end":{"line":44,"column":6}},"46":{"start":{"line":47,"column":0},"end":{"line":47,"column":47}},"47":{"start":{"line":48,"column":0},"end":{"line":48,"column":35}},"48":{"start":{"line":49,"column":0},"end":{"line":49,"column":56}},"49":{"start":{"line":50,"column":0},"end":{"line":50,"column":48}},"51":{"start":{"line":52,"column":0},"end":{"line":52,"column":24}},"55":{"start":{"line":56,"column":0},"end":{"line":56,"column":23}},"56":{"start":{"line":57,"column":0},"end":{"line":57,"column":39}},"57":{"start":{"line":58,"column":0},"end":{"line":58,"column":43}},"61":{"start":{"line":62,"column":0},"end":{"line":62,"column":43}},"62":{"start":{"line":63,"column":0},"end":{"line":63,"column":69}},"63":{"start":{"line":64,"column":0},"end":{"line":64,"column":64}},"65":{"start":{"line":66,"column":0},"end":{"line":66,"column":36}},"66":{"start":{"line":67,"column":0},"end":{"line":67,"column":36}},"67":{"start":{"line":68,"column":0},"end":{"line":68,"column":51}},"70":{"start":{"line":71,"column":0},"end":{"line":71,"column":27}},"72":{"start":{"line":73,"column":0},"end":{"line":73,"column":42}},"73":{"start":{"line":74,"column":0},"end":{"line":74,"column":28}},"74":{"start":{"line":75,"column":0},"end":{"line":75,"column":41}},"76":{"start":{"line":77,"column":0},"end":{"line":77,"column":48}},"77":{"start":{"line":78,"column":0},"end":{"line":78,"column":13}},"78":{"start":{"line":79,"column":0},"end":{"line":79,"column":13}},"79":{"start":{"line":80,"column":0},"end":{"line":80,"column":11}},"82":{"start":{"line":83,"column":0},"end":{"line":83,"column":22}},"83":{"start":{"line":84,"column":0},"end":{"line":84,"column":72}},"84":{"start":{"line":85,"column":0},"end":{"line":85,"column":29}},"85":{"start":{"line":86,"column":0},"end":{"line":86,"column":87}},"86":{"start":{"line":87,"column":0},"end":{"line":87,"column":84}},"87":{"start":{"line":88,"column":0},"end":{"line":88,"column":10}},"88":{"start":{"line":89,"column":0},"end":{"line":89,"column":14}},"90":{"start":{"line":91,"column":0},"end":{"line":91,"column":39}},"91":{"start":{"line":92,"column":0},"end":{"line":92,"column":31}},"92":{"start":{"line":93,"column":0},"end":{"line":93,"column":7}},"93":{"start":{"line":94,"column":0},"end":{"line":94,"column":46}},"94":{"start":{"line":95,"column":0},"end":{"line":95,"column":5}},"97":{"start":{"line":98,"column":0},"end":{"line":98,"column":58}},"98":{"start":{"line":99,"column":0},"end":{"line":99,"column":41}},"99":{"start":{"line":100,"column":0},"end":{"line":100,"column":74}},"100":{"start":{"line":101,"column":0},"end":{"line":101,"column":7}},"101":{"start":{"line":102,"column":0},"end":{"line":102,"column":5}},"105":{"start":{"line":106,"column":0},"end":{"line":106,"column":30}},"106":{"start":{"line":107,"column":0},"end":{"line":107,"column":96}},"107":{"start":{"line":108,"column":0},"end":{"line":108,"column":102}},"109":{"start":{"line":110,"column":0},"end":{"line":110,"column":57}},"110":{"start":{"line":111,"column":0},"end":{"line":111,"column":87}},"112":{"start":{"line":113,"column":0},"end":{"line":113,"column":31}},"113":{"start":{"line":114,"column":0},"end":{"line":114,"column":40}},"115":{"start":{"line":116,"column":0},"end":{"line":116,"column":54}},"116":{"start":{"line":117,"column":0},"end":{"line":117,"column":33}},"117":{"start":{"line":118,"column":0},"end":{"line":118,"column":35}},"119":{"start":{"line":120,"column":0},"end":{"line":120,"column":42}},"120":{"start":{"line":121,"column":0},"end":{"line":121,"column":47}},"122":{"start":{"line":123,"column":0},"end":{"line":123,"column":42}},"123":{"start":{"line":124,"column":0},"end":{"line":124,"column":16}},"125":{"start":{"line":126,"column":0},"end":{"line":126,"column":16}},"126":{"start":{"line":127,"column":0},"end":{"line":127,"column":9}},"127":{"start":{"line":128,"column":0},"end":{"line":128,"column":20}},"128":{"start":{"line":129,"column":0},"end":{"line":129,"column":7}},"129":{"start":{"line":130,"column":0},"end":{"line":130,"column":5}},"132":{"start":{"line":133,"column":0},"end":{"line":133,"column":33}},"133":{"start":{"line":134,"column":0},"end":{"line":134,"column":5}},"135":{"start":{"line":136,"column":0},"end":{"line":136,"column":19}},"136":{"start":{"line":137,"column":0},"end":{"line":137,"column":1}}},"s":{"0":1,"1":1,"2":1,"3":1,"4":1,"22":1,"23":13,"24":13,"26":13,"27":13,"31":13,"33":13,"34":26,"36":26,"37":26,"40":26,"41":26,"42":26,"43":26,"46":26,"47":124,"48":124,"49":124,"51":124,"55":95,"56":95,"57":95,"61":95,"62":95,"63":95,"65":95,"66":95,"67":95,"70":95,"72":24,"73":23,"74":24,"76":1,"77":1,"78":95,"79":95,"82":95,"83":95,"84":95,"85":95,"86":95,"87":95,"88":124,"90":29,"91":29,"92":29,"93":124,"94":124,"97":26,"98":53,"99":24,"100":24,"101":53,"105":26,"106":23,"107":23,"109":23,"110":23,"112":23,"113":23,"115":23,"116":124,"117":124,"119":95,"120":124,"122":6,"123":29,"125":23,"126":23,"127":124,"128":124,"129":23,"132":26,"133":13,"135":13,"136":13},"branchMap":{"0":{"type":"branch","line":23,"loc":{"start":{"line":23,"column":7},"end":{"line":137,"column":1}},"locations":[{"start":{"line":23,"column":7},"end":{"line":137,"column":1}}]},"1":{"type":"branch","line":34,"loc":{"start":{"line":34,"column":15},"end":{"line":134,"column":3}},"locations":[{"start":{"line":34,"column":15},"end":{"line":134,"column":3}}]},"2":{"type":"branch","line":42,"loc":{"start":{"line":42,"column":8},"end":{"line":42,"column":81}},"locations":[{"start":{"line":42,"column":8},"end":{"line":42,"column":81}}]},"3":{"type":"branch","line":47,"loc":{"start":{"line":47,"column":46},"end":{"line":98,"column":57}},"locations":[{"start":{"line":47,"column":46},"end":{"line":98,"column":57}}]},"4":{"type":"branch","line":49,"loc":{"start":{"line":49,"column":22},"end":{"line":49,"column":47}},"locations":[{"start":{"line":49,"column":22},"end":{"line":49,"column":47}}]},"5":{"type":"branch","line":49,"loc":{"start":{"line":49,"column":43},"end":{"line":49,"column":56}},"locations":[{"start":{"line":49,"column":43},"end":{"line":49,"column":56}}]},"6":{"type":"branch","line":52,"loc":{"start":{"line":52,"column":23},"end":{"line":89,"column":13}},"locations":[{"start":{"line":52,"column":23},"end":{"line":89,"column":13}}]},"7":{"type":"branch","line":89,"loc":{"start":{"line":89,"column":6},"end":{"line":93,"column":7}},"locations":[{"start":{"line":89,"column":6},"end":{"line":93,"column":7}}]},"8":{"type":"branch","line":98,"loc":{"start":{"line":98,"column":57},"end":{"line":102,"column":5}},"locations":[{"start":{"line":98,"column":57},"end":{"line":102,"column":5}}]},"9":{"type":"branch","line":99,"loc":{"start":{"line":99,"column":40},"end":{"line":101,"column":7}},"locations":[{"start":{"line":99,"column":40},"end":{"line":101,"column":7}}]},"10":{"type":"branch","line":106,"loc":{"start":{"line":106,"column":29},"end":{"line":130,"column":5}},"locations":[{"start":{"line":106,"column":29},"end":{"line":130,"column":5}}]},"11":{"type":"branch","line":116,"loc":{"start":{"line":116,"column":53},"end":{"line":129,"column":7}},"locations":[{"start":{"line":116,"column":53},"end":{"line":129,"column":7}}]},"12":{"type":"branch","line":118,"loc":{"start":{"line":118,"column":34},"end":{"line":121,"column":19}},"locations":[{"start":{"line":118,"column":34},"end":{"line":121,"column":19}}]},"13":{"type":"branch","line":121,"loc":{"start":{"line":121,"column":8},"end":{"line":127,"column":9}},"locations":[{"start":{"line":121,"column":8},"end":{"line":127,"column":9}}]},"14":{"type":"branch","line":121,"loc":{"start":{"line":121,"column":25},"end":{"line":121,"column":46}},"locations":[{"start":{"line":121,"column":25},"end":{"line":121,"column":46}}]},"15":{"type":"branch","line":121,"loc":{"start":{"line":121,"column":46},"end":{"line":124,"column":15}},"locations":[{"start":{"line":121,"column":46},"end":{"line":124,"column":15}}]},"16":{"type":"branch","line":124,"loc":{"start":{"line":124,"column":8},"end":{"line":127,"column":9}},"locations":[{"start":{"line":124,"column":8},"end":{"line":127,"column":9}}]},"17":{"type":"branch","line":42,"loc":{"start":{"line":42,"column":30},"end":{"line":42,"column":79}},"locations":[{"start":{"line":42,"column":30},"end":{"line":42,"column":79}}]},"18":{"type":"branch","line":42,"loc":{"start":{"line":42,"column":54},"end":{"line":42,"column":79}},"locations":[{"start":{"line":42,"column":54},"end":{"line":42,"column":79}}]},"19":{"type":"branch","line":62,"loc":{"start":{"line":62,"column":36},"end":{"line":80,"column":9}},"locations":[{"start":{"line":62,"column":36},"end":{"line":80,"column":9}}]},"20":{"type":"branch","line":71,"loc":{"start":{"line":71,"column":20},"end":{"line":79,"column":11}},"locations":[{"start":{"line":71,"column":20},"end":{"line":79,"column":11}}]},"21":{"type":"branch","line":73,"loc":{"start":{"line":73,"column":41},"end":{"line":75,"column":23}},"locations":[{"start":{"line":73,"column":41},"end":{"line":75,"column":23}}]},"22":{"type":"branch","line":75,"loc":{"start":{"line":75,"column":12},"end":{"line":78,"column":13}},"locations":[{"start":{"line":75,"column":12},"end":{"line":78,"column":13}}]},"23":{"type":"branch","line":107,"loc":{"start":{"line":107,"column":66},"end":{"line":107,"column":93}},"locations":[{"start":{"line":107,"column":66},"end":{"line":107,"column":93}}]},"24":{"type":"branch","line":108,"loc":{"start":{"line":108,"column":36},"end":{"line":108,"column":100}},"locations":[{"start":{"line":108,"column":36},"end":{"line":108,"column":100}}]},"25":{"type":"branch","line":108,"loc":{"start":{"line":108,"column":68},"end":{"line":108,"column":89}},"locations":[{"start":{"line":108,"column":68},"end":{"line":108,"column":89}}]},"26":{"type":"branch","line":108,"loc":{"start":{"line":108,"column":85},"end":{"line":108,"column":93}},"locations":[{"start":{"line":108,"column":85},"end":{"line":108,"column":93}}]},"27":{"type":"branch","line":110,"loc":{"start":{"line":110,"column":31},"end":{"line":110,"column":55}},"locations":[{"start":{"line":110,"column":31},"end":{"line":110,"column":55}}]},"28":{"type":"branch","line":111,"loc":{"start":{"line":111,"column":55},"end":{"line":111,"column":84}},"locations":[{"start":{"line":111,"column":55},"end":{"line":111,"column":84}}]},"29":{"type":"branch","line":111,"loc":{"start":{"line":111,"column":66},"end":{"line":111,"column":83}},"locations":[{"start":{"line":111,"column":66},"end":{"line":111,"column":83}}]},"30":{"type":"branch","line":111,"loc":{"start":{"line":111,"column":78},"end":{"line":111,"column":84}},"locations":[{"start":{"line":111,"column":78},"end":{"line":111,"column":84}}]}},"b":{"0":[13],"1":[26],"2":[14],"3":[124],"4":[92],"5":[32],"6":[95],"7":[29],"8":[53],"9":[24],"10":[23],"11":[124],"12":[95],"13":[29],"14":[23],"15":[6],"16":[23],"17":[20],"18":[12],"19":[95],"20":[24],"21":[23],"22":[1],"23":[53],"24":[124],"25":[92],"26":[32],"27":[124],"28":[124],"29":[95],"30":[29]},"fnMap":{"0":{"name":"For","decl":{"start":{"line":23,"column":7},"end":{"line":137,"column":1}},"loc":{"start":{"line":23,"column":7},"end":{"line":137,"column":1}},"line":23}},"f":{"0":13}}
,"/home/runner/work/aided/aided/packages/core/src/components/Fragment.ts": {"path":"/home/runner/work/aided/aided/packages/core/src/components/Fragment.ts","all":false,"statementMap":{"6":{"start":{"line":7,"column":0},"end":{"line":7,"column":73}},"7":{"start":{"line":8,"column":0},"end":{"line":8,"column":53}},"9":{"start":{"line":10,"column":0},"end":{"line":10,"column":37}},"10":{"start":{"line":11,"column":0},"end":{"line":11,"column":18}},"11":{"start":{"line":12,"column":0},"end":{"line":12,"column":1}}},"s":{"6":1,"7":1,"9":1,"10":1,"11":1},"branchMap":{"0":{"type":"branch","line":7,"loc":{"start":{"line":7,"column":7},"end":{"line":12,"column":1}},"locations":[{"start":{"line":7,"column":7},"end":{"line":12,"column":1}}]}},"b":{"0":[1]},"fnMap":{"0":{"name":"Fragment","decl":{"start":{"line":7,"column":7},"end":{"line":12,"column":1}},"loc":{"start":{"line":7,"column":7},"end":{"line":12,"column":1}},"line":7}},"f":{"0":1}}
,"/home/runner/work/aided/aided/packages/core/src/components/Portal.ts": {"path":"/home/runner/work/aided/aided/packages/core/src/components/Portal.ts","all":false,"statementMap":{"0":{"start":{"line":1,"column":0},"end":{"line":1,"column":51}},"8":{"start":{"line":9,"column":0},"end":{"line":9,"column":76}},"9":{"start":{"line":10,"column":0},"end":{"line":10,"column":36}},"10":{"start":{"line":11,"column":0},"end":{"line":11,"column":55}},"13":{"start":{"line":14,"column":0},"end":{"line":14,"column":30}},"17":{"start":{"line":18,"column":0},"end":{"line":18,"column":19}},"18":{"start":{"line":19,"column":0},"end":{"line":19,"column":32}},"19":{"start":{"line":20,"column":0},"end":{"line":20,"column":5}},"21":{"start":{"line":22,"column":0},"end":{"line":22,"column":21}},"22":{"start":{"line":23,"column":0},"end":{"line":23,"column":1}}},"s":{"0":1,"8":1,"9":2,"10":2,"13":2,"17":2,"18":2,"19":2,"21":2,"22":2},"branchMap":{"0":{"type":"branch","line":9,"loc":{"start":{"line":9,"column":7},"end":{"line":23,"column":1}},"locations":[{"start":{"line":9,"column":7},"end":{"line":23,"column":1}}]},"1":{"type":"branch","line":18,"loc":{"start":{"line":18,"column":12},"end":{"line":20,"column":3}},"locations":[{"start":{"line":18,"column":12},"end":{"line":20,"column":3}}]}},"b":{"0":[2],"1":[2]},"fnMap":{"0":{"name":"Portal","decl":{"start":{"line":9,"column":7},"end":{"line":23,"column":1}},"loc":{"start":{"line":9,"column":7},"end":{"line":23,"column":1}},"line":9}},"f":{"0":2}}
,"/home/runner/work/aided/aided/packages/core/src/components/Show.ts": {"path":"/home/runner/work/aided/aided/packages/core/src/components/Show.ts","all":false,"statementMap":{"0":{"start":{"line":1,"column":0},"end":{"line":1,"column":52}},"1":{"start":{"line":2,"column":0},"end":{"line":2,"column":94}},"10":{"start":{"line":11,"column":0},"end":{"line":11,"column":52}},"11":{"start":{"line":12,"column":0},"end":{"line":12,"column":45}},"12":{"start":{"line":13,"column":0},"end":{"line":13,"column":54}},"13":{"start":{"line":14,"column":0},"end":{"line":14,"column":96}},"14":{"start":{"line":15,"column":0},"end":{"line":15,"column":35}},"15":{"start":{"line":16,"column":0},"end":{"line":16,"column":46}},"17":{"start":{"line":18,"column":0},"end":{"line":18,"column":22}},"18":{"start":{"line":19,"column":0},"end":{"line":19,"column":31}},"21":{"start":{"line":22,"column":0},"end":{"line":22,"column":26}},"22":{"start":{"line":23,"column":0},"end":{"line":23,"column":24}},"24":{"start":{"line":25,"column":0},"end":{"line":25,"column":5}},"26":{"start":{"line":27,"column":0},"end":{"line":27,"column":53}},"27":{"start":{"line":28,"column":0},"end":{"line":28,"column":71}},"29":{"start":{"line":30,"column":0},"end":{"line":30,"column":19}},"31":{"start":{"line":32,"column":0},"end":{"line":32,"column":42}},"32":{"start":{"line":33,"column":0},"end":{"line":33,"column":35}},"34":{"start":{"line":35,"column":0},"end":{"line":35,"column":25}},"35":{"start":{"line":36,"column":0},"end":{"line":36,"column":58}},"36":{"start":{"line":37,"column":0},"end":{"line":37,"column":64}},"37":{"start":{"line":38,"column":0},"end":{"line":38,"column":11}},"38":{"start":{"line":39,"column":0},"end":{"line":39,"column":11}},"39":{"start":{"line":40,"column":0},"end":{"line":40,"column":9}},"40":{"start":{"line":41,"column":0},"end":{"line":41,"column":12}},"41":{"start":{"line":42,"column":0},"end":{"line":42,"column":29}},"42":{"start":{"line":43,"column":0},"end":{"line":43,"column":5}},"45":{"start":{"line":46,"column":0},"end":{"line":46,"column":24}},"46":{"start":{"line":47,"column":0},"end":{"line":47,"column":67}},"47":{"start":{"line":48,"column":0},"end":{"line":48,"column":5}},"48":{"start":{"line":49,"column":0},"end":{"line":49,"column":5}},"50":{"start":{"line":51,"column":0},"end":{"line":51,"column":19}},"51":{"start":{"line":52,"column":0},"end":{"line":52,"column":1}}},"s":{"0":1,"1":1,"10":1,"11":5,"12":5,"13":5,"14":5,"15":5,"17":5,"18":8,"21":8,"22":3,"24":3,"26":8,"27":8,"29":8,"31":7,"32":7,"34":7,"35":3,"36":3,"37":3,"38":7,"39":7,"40":8,"41":1,"42":1,"45":8,"46":7,"47":7,"48":5,"50":5,"51":5},"branchMap":{"0":{"type":"branch","line":11,"loc":{"start":{"line":11,"column":7},"end":{"line":52,"column":1}},"locations":[{"start":{"line":11,"column":7},"end":{"line":52,"column":1}}]},"1":{"type":"branch","line":18,"loc":{"start":{"line":18,"column":15},"end":{"line":49,"column":3}},"locations":[{"start":{"line":18,"column":15},"end":{"line":49,"column":3}}]},"2":{"type":"branch","line":22,"loc":{"start":{"line":22,"column":25},"end":{"line":25,"column":5}},"locations":[{"start":{"line":22,"column":25},"end":{"line":25,"column":5}}]},"3":{"type":"branch","line":27,"loc":{"start":{"line":27,"column":21},"end":{"line":27,"column":44}},"locations":[{"start":{"line":27,"column":21},"end":{"line":27,"column":44}}]},"4":{"type":"branch","line":27,"loc":{"start":{"line":27,"column":33},"end":{"line":27,"column":53}},"locations":[{"start":{"line":27,"column":33},"end":{"line":27,"column":53}}]},"5":{"type":"branch","line":30,"loc":{"start":{"line":30,"column":18},"end":{"line":41,"column":11}},"locations":[{"start":{"line":30,"column":18},"end":{"line":41,"column":11}}]},"6":{"type":"branch","line":41,"loc":{"start":{"line":41,"column":4},"end":{"line":43,"column":5}},"locations":[{"start":{"line":41,"column":4},"end":{"line":43,"column":5}}]},"7":{"type":"branch","line":46,"loc":{"start":{"line":46,"column":23},"end":{"line":48,"column":5}},"locations":[{"start":{"line":46,"column":23},"end":{"line":48,"column":5}}]},"8":{"type":"branch","line":32,"loc":{"start":{"line":32,"column":35},"end":{"line":40,"column":7}},"locations":[{"start":{"line":32,"column":35},"end":{"line":40,"column":7}}]},"9":{"type":"branch","line":35,"loc":{"start":{"line":35,"column":18},"end":{"line":39,"column":9}},"locations":[{"start":{"line":35,"column":18},"end":{"line":39,"column":9}}]}},"b":{"0":[5],"1":[8],"2":[3],"3":[4],"4":[4],"5":[7],"6":[1],"7":[7],"8":[7],"9":[3]},"fnMap":{"0":{"name":"Show","decl":{"start":{"line":11,"column":7},"end":{"line":52,"column":1}},"loc":{"start":{"line":11,"column":7},"end":{"line":52,"column":1}},"line":11}},"f":{"0":5}}
,"/home/runner/work/aided/aided/packages/core/src/components/VirtualFor.ts": {"path":"/home/runner/work/aided/aided/packages/core/src/components/VirtualFor.ts","all":false,"statementMap":{"0":{"start":{"line":1,"column":0},"end":{"line":1,"column":25}},"1":{"start":{"line":2,"column":0},"end":{"line":2,"column":28}},"2":{"start":{"line":3,"column":0},"end":{"line":3,"column":50}},"15":{"start":{"line":16,"column":0},"end":{"line":16,"column":71}},"16":{"start":{"line":17,"column":0},"end":{"line":17,"column":98}},"18":{"start":{"line":19,"column":0},"end":{"line":19,"column":41}},"19":{"start":{"line":20,"column":0},"end":{"line":20,"column":16}},"20":{"start":{"line":21,"column":0},"end":{"line":21,"column":15}},"21":{"start":{"line":22,"column":0},"end":{"line":22,"column":13}},"22":{"start":{"line":23,"column":0},"end":{"line":23,"column":5}},"24":{"start":{"line":25,"column":0},"end":{"line":25,"column":27}},"25":{"start":{"line":26,"column":0},"end":{"line":26,"column":34}},"26":{"start":{"line":27,"column":0},"end":{"line":27,"column":21}},"27":{"start":{"line":28,"column":0},"end":{"line":28,"column":17}},"28":{"start":{"line":29,"column":0},"end":{"line":29,"column":12}},"29":{"start":{"line":30,"column":0},"end":{"line":30,"column":23}},"30":{"start":{"line":31,"column":0},"end":{"line":31,"column":21}},"31":{"start":{"line":32,"column":0},"end":{"line":32,"column":15}},"32":{"start":{"line":33,"column":0},"end":{"line":33,"column":6}},"33":{"start":{"line":34,"column":0},"end":{"line":34,"column":5}},"35":{"start":{"line":36,"column":0},"end":{"line":36,"column":23}},"36":{"start":{"line":37,"column":0},"end":{"line":37,"column":12}},"37":{"start":{"line":38,"column":0},"end":{"line":38,"column":27}},"38":{"start":{"line":39,"column":0},"end":{"line":39,"column":53}},"39":{"start":{"line":40,"column":0},"end":{"line":40,"column":6}},"40":{"start":{"line":41,"column":0},"end":{"line":41,"column":5}},"42":{"start":{"line":43,"column":0},"end":{"line":43,"column":25}},"43":{"start":{"line":44,"column":0},"end":{"line":44,"column":12}},"44":{"start":{"line":45,"column":0},"end":{"line":45,"column":27}},"45":{"start":{"line":46,"column":0},"end":{"line":46,"column":15}},"46":{"start":{"line":47,"column":0},"end":{"line":47,"column":16}},"47":{"start":{"line":48,"column":0},"end":{"line":48,"column":20}},"48":{"start":{"line":49,"column":0},"end":{"line":49,"column":30}},"49":{"start":{"line":50,"column":0},"end":{"line":50,"column":24}},"50":{"start":{"line":51,"column":0},"end":{"line":51,"column":89}},"51":{"start":{"line":52,"column":0},"end":{"line":52,"column":6}},"52":{"start":{"line":53,"column":0},"end":{"line":53,"column":5}},"54":{"start":{"line":55,"column":0},"end":{"line":55,"column":29}},"55":{"start":{"line":56,"column":0},"end":{"line":56,"column":35}},"56":{"start":{"line":57,"column":0},"end":{"line":57,"column":30}},"57":{"start":{"line":58,"column":0},"end":{"line":58,"column":31}},"58":{"start":{"line":59,"column":0},"end":{"line":59,"column":30}},"59":{"start":{"line":60,"column":0},"end":{"line":60,"column":46}},"60":{"start":{"line":61,"column":0},"end":{"line":61,"column":6}},"61":{"start":{"line":62,"column":0},"end":{"line":62,"column":5}},"63":{"start":{"line":64,"column":0},"end":{"line":64,"column":37}},"64":{"start":{"line":65,"column":0},"end":{"line":65,"column":29}},"65":{"start":{"line":66,"column":0},"end":{"line":66,"column":31}},"67":{"start":{"line":68,"column":0},"end":{"line":68,"column":19}},"68":{"start":{"line":69,"column":0},"end":{"line":69,"column":1}}},"s":{"0":1,"1":1,"2":1,"15":1,"16":3,"18":3,"19":3,"20":3,"21":3,"22":3,"24":3,"25":3,"26":3,"27":3,"28":3,"29":3,"30":3,"31":3,"32":3,"33":3,"35":3,"36":3,"37":3,"38":3,"39":3,"40":3,"42":3,"43":3,"44":3,"45":3,"46":3,"47":3,"48":3,"49":3,"50":3,"51":3,"52":3,"54":3,"55":3,"56":3,"57":3,"58":68,"59":68,"60":68,"61":3,"63":3,"64":3,"65":3,"67":3,"68":3},"branchMap":{"0":{"type":"branch","line":16,"loc":{"start":{"line":16,"column":7},"end":{"line":69,"column":1}},"locations":[{"start":{"line":16,"column":7},"end":{"line":69,"column":1}}]},"1":{"type":"branch","line":39,"loc":{"start":{"line":39,"column":14},"end":{"line":39,"column":53}},"locations":[{"start":{"line":39,"column":14},"end":{"line":39,"column":53}}]},"2":{"type":"branch","line":51,"loc":{"start":{"line":51,"column":17},"end":{"line":51,"column":89}},"locations":[{"start":{"line":51,"column":17},"end":{"line":51,"column":89}}]},"3":{"type":"branch","line":57,"loc":{"start":{"line":57,"column":9},"end":{"line":57,"column":30}},"locations":[{"start":{"line":57,"column":9},"end":{"line":57,"column":30}}]},"4":{"type":"branch","line":58,"loc":{"start":{"line":58,"column":14},"end":{"line":61,"column":6}},"locations":[{"start":{"line":58,"column":14},"end":{"line":61,"column":6}}]}},"b":{"0":[3],"1":[3],"2":[8],"3":[160],"4":[68]},"fnMap":{"0":{"name":"VirtualFor","decl":{"start":{"line":16,"column":7},"end":{"line":69,"column":1}},"loc":{"start":{"line":16,"column":7},"end":{"line":69,"column":1}},"line":16},"1":{"name":"height","decl":{"start":{"line":39,"column":14},"end":{"line":39,"column":53}},"loc":{"start":{"line":39,"column":14},"end":{"line":39,"column":53}},"line":39},"2":{"name":"transform","decl":{"start":{"line":51,"column":17},"end":{"line":51,"column":89}},"loc":{"start":{"line":51,"column":17},"end":{"line":51,"column":89}},"line":51},"3":{"name":"key","decl":{"start":{"line":57,"column":9},"end":{"line":57,"column":30}},"loc":{"start":{"line":57,"column":9},"end":{"line":57,"column":30}},"line":57},"4":{"name":"children","decl":{"start":{"line":58,"column":14},"end":{"line":61,"column":6}},"loc":{"start":{"line":58,"column":14},"end":{"line":61,"column":6}},"line":58}},"f":{"0":3,"1":3,"2":8,"3":160,"4":68}}
,"/home/runner/work/aided/aided/packages/core/src/components/virtualizer.ts": {"path":"/home/runner/work/aided/aided/packages/core/src/components/virtualizer.ts","all":false,"statementMap":{"1":{"start":{"line":2,"column":0},"end":{"line":2,"column":51}},"2":{"start":{"line":3,"column":0},"end":{"line":3,"column":48}},"3":{"start":{"line":4,"column":0},"end":{"line":4,"column":52}},"40":{"start":{"line":41,"column":0},"end":{"line":41,"column":92}},"41":{"start":{"line":42,"column":0},"end":{"line":42,"column":54}},"43":{"start":{"line":44,"column":0},"end":{"line":44,"column":52}},"44":{"start":{"line":45,"column":0},"end":{"line":45,"column":64}},"46":{"start":{"line":47,"column":0},"end":{"line":47,"column":68}},"48":{"start":{"line":49,"column":0},"end":{"line":49,"column":55}},"49":{"start":{"line":50,"column":0},"end":{"line":50,"column":35}},"50":{"start":{"line":51,"column":0},"end":{"line":51,"column":37}},"51":{"start":{"line":52,"column":0},"end":{"line":52,"column":58}},"52":{"start":{"line":53,"column":0},"end":{"line":53,"column":62}},"53":{"start":{"line":54,"column":0},"end":{"line":54,"column":5}},"55":{"start":{"line":56,"column":0},"end":{"line":56,"column":31}},"56":{"start":{"line":57,"column":0},"end":{"line":57,"column":79}},"57":{"start":{"line":58,"column":0},"end":{"line":58,"column":97}},"58":{"start":{"line":59,"column":0},"end":{"line":59,"column":49}},"59":{"start":{"line":60,"column":0},"end":{"line":60,"column":50}},"60":{"start":{"line":61,"column":0},"end":{"line":61,"column":5}},"63":{"start":{"line":64,"column":0},"end":{"line":64,"column":36}},"64":{"start":{"line":65,"column":0},"end":{"line":65,"column":20}},"66":{"start":{"line":67,"column":0},"end":{"line":67,"column":59}},"67":{"start":{"line":68,"column":0},"end":{"line":68,"column":25}},"68":{"start":{"line":69,"column":0},"end":{"line":69,"column":30}},"70":{"start":{"line":71,"column":0},"end":{"line":71,"column":38}},"71":{"start":{"line":72,"column":0},"end":{"line":72,"column":37}},"72":{"start":{"line":73,"column":0},"end":{"line":73,"column":20}},"73":{"start":{"line":74,"column":0},"end":{"line":74,"column":20}},"74":{"start":{"line":75,"column":0},"end":{"line":75,"column":5}},"76":{"start":{"line":77,"column":0},"end":{"line":77,"column":50}},"77":{"start":{"line":78,"column":0},"end":{"line":78,"column":30}},"78":{"start":{"line":79,"column":0},"end":{"line":79,"column":32}},"79":{"start":{"line":80,"column":0},"end":{"line":80,"column":24}},"80":{"start":{"line":81,"column":0},"end":{"line":81,"column":5}},"83":{"start":{"line":84,"column":0},"end":{"line":84,"column":27}},"84":{"start":{"line":85,"column":0},"end":{"line":85,"column":39}},"85":{"start":{"line":86,"column":0},"end":{"line":86,"column":38}},"86":{"start":{"line":87,"column":0},"end":{"line":87,"column":99}},"87":{"start":{"line":88,"column":0},"end":{"line":88,"column":7}},"88":{"start":{"line":89,"column":0},"end":{"line":89,"column":20}},"89":{"start":{"line":90,"column":0},"end":{"line":90,"column":5}},"92":{"start":{"line":93,"column":0},"end":{"line":93,"column":37}},"93":{"start":{"line":94,"column":0},"end":{"line":94,"column":36}},"94":{"start":{"line":95,"column":0},"end":{"line":95,"column":97}},"95":{"start":{"line":96,"column":0},"end":{"line":96,"column":5}},"96":{"start":{"line":97,"column":0},"end":{"line":97,"column":18}},"97":{"start":{"line":98,"column":0},"end":{"line":98,"column":5}},"99":{"start":{"line":100,"column":0},"end":{"line":100,"column":45}},"100":{"start":{"line":101,"column":0},"end":{"line":101,"column":36}},"102":{"start":{"line":103,"column":0},"end":{"line":103,"column":31}},"103":{"start":{"line":104,"column":0},"end":{"line":104,"column":19}},"104":{"start":{"line":105,"column":0},"end":{"line":105,"column":33}},"105":{"start":{"line":106,"column":0},"end":{"line":106,"column":6}},"107":{"start":{"line":108,"column":0},"end":{"line":108,"column":28}},"108":{"start":{"line":109,"column":0},"end":{"line":109,"column":26}},"109":{"start":{"line":110,"column":0},"end":{"line":110,"column":51}},"110":{"start":{"line":111,"column":0},"end":{"line":111,"column":7}},"111":{"start":{"line":112,"column":0},"end":{"line":112,"column":6}},"114":{"start":{"line":115,"column":0},"end":{"line":115,"column":58}},"115":{"start":{"line":116,"column":0},"end":{"line":116,"column":23}},"116":{"start":{"line":117,"column":0},"end":{"line":117,"column":58}},"117":{"start":{"line":118,"column":0},"end":{"line":118,"column":7}},"118":{"start":{"line":119,"column":0},"end":{"line":119,"column":7}},"120":{"start":{"line":121,"column":0},"end":{"line":121,"column":63}},"121":{"start":{"line":122,"column":0},"end":{"line":122,"column":31}},"122":{"start":{"line":123,"column":0},"end":{"line":123,"column":51}},"124":{"start":{"line":125,"column":0},"end":{"line":125,"column":21}},"125":{"start":{"line":126,"column":0},"end":{"line":126,"column":53}},"126":{"start":{"line":127,"column":0},"end":{"line":127,"column":66}},"127":{"start":{"line":128,"column":0},"end":{"line":128,"column":34}},"128":{"start":{"line":129,"column":0},"end":{"line":129,"column":7}},"129":{"start":{"line":130,"column":0},"end":{"line":130,"column":4}},"131":{"start":{"line":132,"column":0},"end":{"line":132,"column":67}},"132":{"start":{"line":133,"column":0},"end":{"line":133,"column":1}}},"s":{"1":1,"2":1,"3":1,"40":1,"41":11,"43":11,"44":11,"46":11,"48":11,"49":25,"50":25,"51":25,"52":13,"53":13,"55":12,"56":12,"57":12,"58":12,"59":12,"60":11,"63":11,"64":11,"66":11,"67":24,"68":24,"70":24,"71":13,"72":13,"73":13,"74":13,"76":11,"77":11,"78":11,"79":11,"80":11,"83":24,"84":1,"85":18,"86":18,"87":18,"88":1,"89":1,"92":24,"93":149,"94":149,"95":149,"96":10,"97":11,"99":11,"100":11,"102":11,"103":2,"104":2,"105":2,"107":11,"108":4,"109":3,"110":3,"111":4,"114":11,"115":10,"116":10,"117":10,"118":11,"120":11,"121":11,"122":11,"124":11,"125":4,"126":4,"127":4,"128":11,"129":11,"131":11,"132":11},"branchMap":{"0":{"type":"branch","line":41,"loc":{"start":{"line":41,"column":7},"end":{"line":133,"column":1}},"locations":[{"start":{"line":41,"column":7},"end":{"line":133,"column":1}}]},"1":{"type":"branch","line":47,"loc":{"start":{"line":47,"column":33},"end":{"line":47,"column":66}},"locations":[{"start":{"line":47,"column":33},"end":{"line":47,"column":66}}]},"2":{"type":"branch","line":49,"loc":{"start":{"line":49,"column":48},"end":{"line":61,"column":3}},"locations":[{"start":{"line":49,"column":48},"end":{"line":61,"column":3}}]},"3":{"type":"branch","line":52,"loc":{"start":{"line":52,"column":18},"end":{"line":52,"column":40}},"locations":[{"start":{"line":52,"column":18},"end":{"line":52,"column":40}}]},"4":{"type":"branch","line":52,"loc":{"start":{"line":52,"column":35},"end":{"line":52,"column":57}},"locations":[{"start":{"line":52,"column":35},"end":{"line":52,"column":57}}]},"5":{"type":"branch","line":52,"loc":{"start":{"line":52,"column":57},"end":{"line":54,"column":5}},"locations":[{"start":{"line":52,"column":57},"end":{"line":54,"column":5}}]},"6":{"type":"branch","line":54,"loc":{"start":{"line":54,"column":4},"end":{"line":60,"column":50}},"locations":[{"start":{"line":54,"column":4},"end":{"line":60,"column":50}}]},"7":{"type":"branch","line":67,"loc":{"start":{"line":67,"column":52},"end":{"line":98,"column":3}},"locations":[{"start":{"line":67,"column":52},"end":{"line":98,"column":3}}]},"8":{"type":"branch","line":71,"loc":{"start":{"line":71,"column":37},"end":{"line":75,"column":5}},"locations":[{"start":{"line":71,"column":37},"end":{"line":75,"column":5}}]},"9":{"type":"branch","line":72,"loc":{"start":{"line":72,"column":25},"end":{"line":72,"column":37}},"locations":[{"start":{"line":72,"column":25},"end":{"line":72,"column":37}}]},"10":{"type":"branch","line":75,"loc":{"start":{"line":75,"column":4},"end":{"line":84,"column":26}},"locations":[{"start":{"line":75,"column":4},"end":{"line":84,"column":26}}]},"11":{"type":"branch","line":84,"loc":{"start":{"line":84,"column":26},"end":{"line":90,"column":5}},"locations":[{"start":{"line":84,"column":26},"end":{"line":90,"column":5}}]},"12":{"type":"branch","line":85,"loc":{"start":{"line":85,"column":38},"end":{"line":88,"column":7}},"locations":[{"start":{"line":85,"column":38},"end":{"line":88,"column":7}}]},"13":{"type":"branch","line":90,"loc":{"start":{"line":90,"column":4},"end":{"line":93,"column":36}},"locations":[{"start":{"line":90,"column":4},"end":{"line":93,"column":36}}]},"14":{"type":"branch","line":93,"loc":{"start":{"line":93,"column":36},"end":{"line":96,"column":5}},"locations":[{"start":{"line":93,"column":36},"end":{"line":96,"column":5}}]},"15":{"type":"branch","line":96,"loc":{"start":{"line":96,"column":4},"end":{"line":97,"column":18}},"locations":[{"start":{"line":96,"column":4},"end":{"line":97,"column":18}}]},"16":{"type":"branch","line":100,"loc":{"start":{"line":100,"column":23},"end":{"line":130,"column":4}},"locations":[{"start":{"line":100,"column":23},"end":{"line":130,"column":4}}]},"17":{"type":"branch","line":103,"loc":{"start":{"line":103,"column":24},"end":{"line":106,"column":6}},"locations":[{"start":{"line":103,"column":24},"end":{"line":106,"column":6}}]},"18":{"type":"branch","line":108,"loc":{"start":{"line":108,"column":21},"end":{"line":112,"column":6}},"locations":[{"start":{"line":108,"column":21},"end":{"line":112,"column":6}}]},"19":{"type":"branch","line":109,"loc":{"start":{"line":109,"column":25},"end":{"line":111,"column":7}},"locations":[{"start":{"line":109,"column":25},"end":{"line":111,"column":7}}]},"20":{"type":"branch","line":115,"loc":{"start":{"line":115,"column":46},"end":{"line":119,"column":5}},"locations":[{"start":{"line":115,"column":46},"end":{"line":119,"column":5}}]},"21":{"type":"branch","line":125,"loc":{"start":{"line":125,"column":14},"end":{"line":129,"column":5}},"locations":[{"start":{"line":125,"column":14},"end":{"line":129,"column":5}}]},"22":{"type":"branch","line":126,"loc":{"start":{"line":126,"column":25},"end":{"line":126,"column":53}},"locations":[{"start":{"line":126,"column":25},"end":{"line":126,"column":53}}]}},"b":{"0":[11],"1":[11],"2":[25],"3":[14],"4":[13],"5":[13],"6":[12],"7":[24],"8":[13],"9":[0],"10":[11],"11":[1],"12":[18],"13":[10],"14":[149],"15":[10],"16":[11],"17":[2],"18":[4],"19":[3],"20":[10],"21":[4],"22":[1]},"fnMap":{"0":{"name":"createVirtualizer","decl":{"start":{"line":41,"column":7},"end":{"line":133,"column":1}},"loc":{"start":{"line":41,"column":7},"end":{"line":133,"column":1}},"line":41},"1":{"name":"setContainer","decl":{"start":{"line":100,"column":23},"end":{"line":130,"column":4}},"loc":{"start":{"line":100,"column":23},"end":{"line":130,"column":4}},"line":100},"2":{"name":"flushScroll","decl":{"start":{"line":103,"column":24},"end":{"line":106,"column":6}},"loc":{"start":{"line":103,"column":24},"end":{"line":106,"column":6}},"line":103},"3":{"name":"onScroll","decl":{"start":{"line":108,"column":21},"end":{"line":112,"column":6}},"loc":{"start":{"line":108,"column":21},"end":{"line":112,"column":6}},"line":108}},"f":{"0":11,"1":11,"2":2,"3":4}}
,"/home/runner/work/aided/aided/packages/core/src/dom/bindings.ts": {"path":"/home/runner/work/aided/aided/packages/core/src/dom/bindings.ts","all":false,"statementMap":{"1":{"start":{"line":2,"column":0},"end":{"line":2,"column":52}},"2":{"start":{"line":3,"column":0},"end":{"line":3,"column":51}},"12":{"start":{"line":13,"column":0},"end":{"line":13,"column":75}},"13":{"start":{"line":14,"column":0},"end":{"line":14,"column":22}},"14":{"start":{"line":15,"column":0},"end":{"line":15,"column":27}},"15":{"start":{"line":16,"column":0},"end":{"line":16,"column":85}},"16":{"start":{"line":17,"column":0},"end":{"line":17,"column":5}},"17":{"start":{"line":18,"column":0},"end":{"line":18,"column":1}},"26":{"start":{"line":27,"column":0},"end":{"line":27,"column":101}},"27":{"start":{"line":28,"column":0},"end":{"line":28,"column":22}},"28":{"start":{"line":29,"column":0},"end":{"line":29,"column":27}},"29":{"start":{"line":30,"column":0},"end":{"line":30,"column":67}},"30":{"start":{"line":31,"column":0},"end":{"line":31,"column":45}},"31":{"start":{"line":32,"column":0},"end":{"line":32,"column":12}},"32":{"start":{"line":33,"column":0},"end":{"line":33,"column":57}},"33":{"start":{"line":34,"column":0},"end":{"line":34,"column":5}},"34":{"start":{"line":35,"column":0},"end":{"line":35,"column":5}},"35":{"start":{"line":36,"column":0},"end":{"line":36,"column":1}},"45":{"start":{"line":46,"column":0},"end":{"line":46,"column":63}},"46":{"start":{"line":47,"column":0},"end":{"line":47,"column":23}},"47":{"start":{"line":48,"column":0},"end":{"line":48,"column":15}},"48":{"start":{"line":49,"column":0},"end":{"line":49,"column":47}},"49":{"start":{"line":50,"column":0},"end":{"line":50,"column":9}},"51":{"start":{"line":52,"column":0},"end":{"line":52,"column":35}},"52":{"start":{"line":53,"column":0},"end":{"line":53,"column":9}},"54":{"start":{"line":55,"column":0},"end":{"line":55,"column":44}},"55":{"start":{"line":56,"column":0},"end":{"line":56,"column":19}},"57":{"start":{"line":58,"column":0},"end":{"line":58,"column":69}},"58":{"start":{"line":59,"column":0},"end":{"line":59,"column":5}},"59":{"start":{"line":60,"column":0},"end":{"line":60,"column":4}},"61":{"start":{"line":62,"column":0},"end":{"line":62,"column":48}},"63":{"start":{"line":64,"column":0},"end":{"line":64,"column":19}},"64":{"start":{"line":65,"column":0},"end":{"line":65,"column":53}},"65":{"start":{"line":66,"column":0},"end":{"line":66,"column":5}},"66":{"start":{"line":67,"column":0},"end":{"line":67,"column":1}},"82":{"start":{"line":83,"column":0},"end":{"line":83,"column":79}},"83":{"start":{"line":84,"column":0},"end":{"line":84,"column":37}},"84":{"start":{"line":85,"column":0},"end":{"line":85,"column":24}},"85":{"start":{"line":86,"column":0},"end":{"line":86,"column":54}},"86":{"start":{"line":87,"column":0},"end":{"line":87,"column":59}},"87":{"start":{"line":88,"column":0},"end":{"line":88,"column":7}},"88":{"start":{"line":89,"column":0},"end":{"line":89,"column":3}},"89":{"start":{"line":90,"column":0},"end":{"line":90,"column":1}},"105":{"start":{"line":106,"column":0},"end":{"line":106,"column":84}},"107":{"start":{"line":108,"column":0},"end":{"line":108,"column":49}},"109":{"start":{"line":110,"column":0},"end":{"line":110,"column":43}},"110":{"start":{"line":111,"column":0},"end":{"line":111,"column":40}},"114":{"start":{"line":115,"column":0},"end":{"line":115,"column":24}},"115":{"start":{"line":116,"column":0},"end":{"line":116,"column":48}},"116":{"start":{"line":117,"column":0},"end":{"line":117,"column":28}},"117":{"start":{"line":118,"column":0},"end":{"line":118,"column":40}},"122":{"start":{"line":123,"column":0},"end":{"line":123,"column":68}},"123":{"start":{"line":124,"column":0},"end":{"line":124,"column":11}},"124":{"start":{"line":125,"column":0},"end":{"line":125,"column":14}},"126":{"start":{"line":127,"column":0},"end":{"line":127,"column":70}},"127":{"start":{"line":128,"column":0},"end":{"line":128,"column":7}},"128":{"start":{"line":129,"column":0},"end":{"line":129,"column":5}},"129":{"start":{"line":130,"column":0},"end":{"line":130,"column":3}},"130":{"start":{"line":131,"column":0},"end":{"line":131,"column":1}},"140":{"start":{"line":141,"column":0},"end":{"line":141,"column":25}},"141":{"start":{"line":142,"column":0},"end":{"line":142,"column":70}},"142":{"start":{"line":143,"column":0},"end":{"line":143,"column":44}},"143":{"start":{"line":144,"column":0},"end":{"line":144,"column":9}},"144":{"start":{"line":145,"column":0},"end":{"line":145,"column":28}},"147":{"start":{"line":148,"column":0},"end":{"line":148,"column":22}},"148":{"start":{"line":149,"column":0},"end":{"line":149,"column":24}},"149":{"start":{"line":150,"column":0},"end":{"line":150,"column":107}},"150":{"start":{"line":151,"column":0},"end":{"line":151,"column":32}},"151":{"start":{"line":152,"column":0},"end":{"line":152,"column":55}},"153":{"start":{"line":154,"column":0},"end":{"line":154,"column":42}},"154":{"start":{"line":155,"column":0},"end":{"line":155,"column":5}},"155":{"start":{"line":156,"column":0},"end":{"line":156,"column":5}},"158":{"start":{"line":159,"column":0},"end":{"line":159,"column":25}},"159":{"start":{"line":160,"column":0},"end":{"line":160,"column":107}},"160":{"start":{"line":161,"column":0},"end":{"line":161,"column":54}},"161":{"start":{"line":162,"column":0},"end":{"line":162,"column":12}},"162":{"start":{"line":163,"column":0},"end":{"line":163,"column":51}},"163":{"start":{"line":164,"column":0},"end":{"line":164,"column":5}},"164":{"start":{"line":165,"column":0},"end":{"line":165,"column":4}},"166":{"start":{"line":167,"column":0},"end":{"line":167,"column":39}},"168":{"start":{"line":169,"column":0},"end":{"line":169,"column":40}},"169":{"start":{"line":170,"column":0},"end":{"line":170,"column":1}}},"s":{"1":1,"2":1,"12":1,"13":5,"14":14,"15":14,"16":5,"17":5,"26":1,"27":6,"28":19,"29":19,"30":7,"31":19,"32":12,"33":12,"34":6,"35":6,"45":1,"46":20,"47":20,"48":20,"49":20,"51":20,"52":13,"54":13,"55":13,"57":2,"58":2,"59":13,"61":20,"63":20,"64":19,"65":20,"66":20,"82":1,"83":5,"84":7,"85":13,"86":13,"87":7,"88":7,"89":5,"105":1,"107":13,"109":38,"110":38,"114":38,"115":36,"116":14,"117":29,"122":29,"123":14,"124":35,"126":22,"127":22,"128":36,"129":38,"130":13,"140":1,"141":7,"142":7,"143":7,"144":7,"147":7,"148":19,"149":19,"150":6,"151":19,"153":8,"154":8,"155":7,"158":7,"159":7,"160":3,"161":7,"162":4,"163":4,"164":7,"166":7,"168":7,"169":7},"branchMap":{"0":{"type":"branch","line":13,"loc":{"start":{"line":13,"column":7},"end":{"line":18,"column":1}},"locations":[{"start":{"line":13,"column":7},"end":{"line":18,"column":1}}]},"1":{"type":"branch","line":14,"loc":{"start":{"line":14,"column":15},"end":{"line":17,"column":3}},"locations":[{"start":{"line":14,"column":15},"end":{"line":17,"column":3}}]},"2":{"type":"branch","line":16,"loc":{"start":{"line":16,"column":36},"end":{"line":16,"column":66}},"locations":[{"start":{"line":16,"column":36},"end":{"line":16,"column":66}}]},"3":{"type":"branch","line":16,"loc":{"start":{"line":16,"column":54},"end":{"line":16,"column":71}},"locations":[{"start":{"line":16,"column":54},"end":{"line":16,"column":71}}]},"4":{"type":"branch","line":16,"loc":{"start":{"line":16,"column":66},"end":{"line":16,"column":85}},"locations":[{"start":{"line":16,"column":66},"end":{"line":16,"column":85}}]},"5":{"type":"branch","line":27,"loc":{"start":{"line":27,"column":7},"end":{"line":36,"column":1}},"locations":[{"start":{"line":27,"column":7},"end":{"line":36,"column":1}}]},"6":{"type":"branch","line":28,"loc":{"start":{"line":28,"column":15},"end":{"line":35,"column":3}},"locations":[{"start":{"line":28,"column":15},"end":{"line":35,"column":3}}]},"7":{"type":"branch","line":30,"loc":{"start":{"line":30,"column":18},"end":{"line":30,"column":49}},"locations":[{"start":{"line":30,"column":18},"end":{"line":30,"column":49}}]},"8":{"type":"branch","line":30,"loc":{"start":{"line":30,"column":36},"end":{"line":30,"column":66}},"locations":[{"start":{"line":30,"column":36},"end":{"line":30,"column":66}}]},"9":{"type":"branch","line":30,"loc":{"start":{"line":30,"column":66},"end":{"line":32,"column":11}},"locations":[{"start":{"line":30,"column":66},"end":{"line":32,"column":11}}]},"10":{"type":"branch","line":32,"loc":{"start":{"line":32,"column":4},"end":{"line":34,"column":5}},"locations":[{"start":{"line":32,"column":4},"end":{"line":34,"column":5}}]},"11":{"type":"branch","line":46,"loc":{"start":{"line":46,"column":7},"end":{"line":67,"column":1}},"locations":[{"start":{"line":46,"column":7},"end":{"line":67,"column":1}}]},"12":{"type":"branch","line":52,"loc":{"start":{"line":52,"column":19},"end":{"line":60,"column":4}},"locations":[{"start":{"line":52,"column":19},"end":{"line":60,"column":4}}]},"13":{"type":"branch","line":56,"loc":{"start":{"line":56,"column":4},"end":{"line":59,"column":5}},"locations":[{"start":{"line":56,"column":4},"end":{"line":59,"column":5}}]},"14":{"type":"branch","line":64,"loc":{"start":{"line":64,"column":12},"end":{"line":66,"column":3}},"locations":[{"start":{"line":64,"column":12},"end":{"line":66,"column":3}}]},"15":{"type":"branch","line":83,"loc":{"start":{"line":83,"column":7},"end":{"line":90,"column":1}},"locations":[{"start":{"line":83,"column":7},"end":{"line":90,"column":1}}]},"16":{"type":"branch","line":84,"loc":{"start":{"line":84,"column":36},"end":{"line":89,"column":3}},"locations":[{"start":{"line":84,"column":36},"end":{"line":89,"column":3}}]},"17":{"type":"branch","line":85,"loc":{"start":{"line":85,"column":17},"end":{"line":88,"column":5}},"locations":[{"start":{"line":85,"column":17},"end":{"line":88,"column":5}}]},"18":{"type":"branch","line":106,"loc":{"start":{"line":106,"column":7},"end":{"line":131,"column":1}},"locations":[{"start":{"line":106,"column":7},"end":{"line":131,"column":1}}]},"19":{"type":"branch","line":108,"loc":{"start":{"line":108,"column":48},"end":{"line":130,"column":3}},"locations":[{"start":{"line":108,"column":48},"end":{"line":130,"column":3}}]},"20":{"type":"branch","line":115,"loc":{"start":{"line":115,"column":23},"end":{"line":129,"column":5}},"locations":[{"start":{"line":115,"column":23},"end":{"line":129,"column":5}}]},"21":{"type":"branch","line":116,"loc":{"start":{"line":116,"column":47},"end":{"line":128,"column":7}},"locations":[{"start":{"line":116,"column":47},"end":{"line":128,"column":7}}]},"22":{"type":"branch","line":116,"loc":{"start":{"line":116,"column":47},"end":{"line":125,"column":13}},"locations":[{"start":{"line":116,"column":47},"end":{"line":125,"column":13}}]},"23":{"type":"branch","line":125,"loc":{"start":{"line":125,"column":6},"end":{"line":128,"column":7}},"locations":[{"start":{"line":125,"column":6},"end":{"line":128,"column":7}}]},"24":{"type":"branch","line":117,"loc":{"start":{"line":117,"column":21},"end":{"line":124,"column":9}},"locations":[{"start":{"line":117,"column":21},"end":{"line":124,"column":9}}]},"25":{"type":"branch","line":123,"loc":{"start":{"line":123,"column":56},"end":{"line":123,"column":68}},"locations":[{"start":{"line":123,"column":56},"end":{"line":123,"column":68}}]},"26":{"type":"branch","line":141,"loc":{"start":{"line":141,"column":7},"end":{"line":170,"column":1}},"locations":[{"start":{"line":141,"column":7},"end":{"line":170,"column":1}}]},"27":{"type":"branch","line":148,"loc":{"start":{"line":148,"column":15},"end":{"line":156,"column":3}},"locations":[{"start":{"line":148,"column":15},"end":{"line":156,"column":3}}]},"28":{"type":"branch","line":150,"loc":{"start":{"line":150,"column":27},"end":{"line":150,"column":106}},"locations":[{"start":{"line":150,"column":27},"end":{"line":150,"column":106}}]},"29":{"type":"branch","line":150,"loc":{"start":{"line":150,"column":65},"end":{"line":150,"column":106}},"locations":[{"start":{"line":150,"column":65},"end":{"line":150,"column":106}}]},"30":{"type":"branch","line":150,"loc":{"start":{"line":150,"column":106},"end":{"line":152,"column":15}},"locations":[{"start":{"line":150,"column":106},"end":{"line":152,"column":15}}]},"31":{"type":"branch","line":152,"loc":{"start":{"line":152,"column":4},"end":{"line":155,"column":5}},"locations":[{"start":{"line":152,"column":4},"end":{"line":155,"column":5}}]},"32":{"type":"branch","line":152,"loc":{"start":{"line":152,"column":40},"end":{"line":152,"column":51}},"locations":[{"start":{"line":152,"column":40},"end":{"line":152,"column":51}}]},"33":{"type":"branch","line":152,"loc":{"start":{"line":152,"column":54},"end":{"line":155,"column":5}},"locations":[{"start":{"line":152,"column":54},"end":{"line":155,"column":5}}]},"34":{"type":"branch","line":154,"loc":{"start":{"line":154,"column":29},"end":{"line":154,"column":40}},"locations":[{"start":{"line":154,"column":29},"end":{"line":154,"column":40}}]},"35":{"type":"branch","line":159,"loc":{"start":{"line":159,"column":18},"end":{"line":165,"column":4}},"locations":[{"start":{"line":159,"column":18},"end":{"line":165,"column":4}}]},"36":{"type":"branch","line":160,"loc":{"start":{"line":160,"column":27},"end":{"line":160,"column":106}},"locations":[{"start":{"line":160,"column":27},"end":{"line":160,"column":106}}]},"37":{"type":"branch","line":160,"loc":{"start":{"line":160,"column":65},"end":{"line":160,"column":106}},"locations":[{"start":{"line":160,"column":65},"end":{"line":160,"column":106}}]},"38":{"type":"branch","line":160,"loc":{"start":{"line":160,"column":106},"end":{"line":162,"column":11}},"locations":[{"start":{"line":160,"column":106},"end":{"line":162,"column":11}}]},"39":{"type":"branch","line":162,"loc":{"start":{"line":162,"column":4},"end":{"line":164,"column":5}},"locations":[{"start":{"line":162,"column":4},"end":{"line":164,"column":5}}]}},"b":{"0":[5],"1":[14],"2":[12],"3":[4],"4":[10],"5":[6],"6":[19],"7":[17],"8":[15],"9":[7],"10":[12],"11":[20],"12":[13],"13":[2],"14":[19],"15":[5],"16":[7],"17":[13],"18":[13],"19":[38],"20":[36],"21":[35],"22":[14],"23":[22],"24":[29],"25":[4],"26":[7],"27":[19],"28":[13],"29":[10],"30":[6],"31":[13],"32":[1],"33":[8],"34":[1],"35":[7],"36":[5],"37":[3],"38":[3],"39":[4]},"fnMap":{"0":{"name":"bindText","decl":{"start":{"line":13,"column":7},"end":{"line":18,"column":1}},"loc":{"start":{"line":13,"column":7},"end":{"line":18,"column":1}},"line":13},"1":{"name":"bindAttr","decl":{"start":{"line":27,"column":7},"end":{"line":36,"column":1}},"loc":{"start":{"line":27,"column":7},"end":{"line":36,"column":1}},"line":27},"2":{"name":"bindEvent","decl":{"start":{"line":46,"column":7},"end":{"line":67,"column":1}},"loc":{"start":{"line":46,"column":7},"end":{"line":67,"column":1}},"line":46},"3":{"name":"listener","decl":{"start":{"line":52,"column":19},"end":{"line":60,"column":4}},"loc":{"start":{"line":52,"column":19},"end":{"line":60,"column":4}},"line":52},"4":{"name":"bindClassList","decl":{"start":{"line":83,"column":7},"end":{"line":90,"column":1}},"loc":{"start":{"line":83,"column":7},"end":{"line":90,"column":1}},"line":83},"5":{"name":"bindStyle","decl":{"start":{"line":106,"column":7},"end":{"line":131,"column":1}},"loc":{"start":{"line":106,"column":7},"end":{"line":131,"column":1}},"line":106},"6":{"name":"Model","decl":{"start":{"line":141,"column":7},"end":{"line":170,"column":1}},"loc":{"start":{"line":141,"column":7},"end":{"line":170,"column":1}},"line":141},"7":{"name":"onInput","decl":{"start":{"line":159,"column":18},"end":{"line":165,"column":4}},"loc":{"start":{"line":159,"column":18},"end":{"line":165,"column":4}},"line":159}},"f":{"0":5,"1":6,"2":20,"3":13,"4":5,"5":13,"6":7,"7":7}}
,"/home/runner/work/aided/aided/packages/core/src/dom/query.ts": {"path":"/home/runner/work/aided/aided/packages/core/src/dom/query.ts","all":false,"statementMap":{"7":{"start":{"line":8,"column":0},"end":{"line":8,"column":43}},"8":{"start":{"line":9,"column":0},"end":{"line":9,"column":72}},"9":{"start":{"line":10,"column":0},"end":{"line":10,"column":43}},"10":{"start":{"line":11,"column":0},"end":{"line":11,"column":4}},"11":{"start":{"line":12,"column":0},"end":{"line":12,"column":1}}},"s":{"7":1,"8":3,"9":4,"10":4,"11":3},"branchMap":{"0":{"type":"branch","line":8,"loc":{"start":{"line":8,"column":7},"end":{"line":12,"column":1}},"locations":[{"start":{"line":8,"column":7},"end":{"line":12,"column":1}}]},"1":{"type":"branch","line":9,"loc":{"start":{"line":9,"column":9},"end":{"line":11,"column":4}},"locations":[{"start":{"line":9,"column":9},"end":{"line":11,"column":4}}]}},"b":{"0":[3],"1":[4]},"fnMap":{"0":{"name":"scopeQuery","decl":{"start":{"line":8,"column":7},"end":{"line":12,"column":1}},"loc":{"start":{"line":8,"column":7},"end":{"line":12,"column":1}},"line":8},"1":{"name":"query","decl":{"start":{"line":9,"column":9},"end":{"line":11,"column":4}},"loc":{"start":{"line":9,"column":9},"end":{"line":11,"column":4}},"line":9}},"f":{"0":3,"1":4}}
,"/home/runner/work/aided/aided/packages/core/src/dom/render.ts": {"path":"/home/runner/work/aided/aided/packages/core/src/dom/render.ts","all":false,"statementMap":{"0":{"start":{"line":1,"column":0},"end":{"line":1,"column":38}},"1":{"start":{"line":2,"column":0},"end":{"line":2,"column":52}},"11":{"start":{"line":12,"column":0},"end":{"line":12,"column":80}},"12":{"start":{"line":13,"column":0},"end":{"line":13,"column":19}},"14":{"start":{"line":15,"column":0},"end":{"line":15,"column":25}},"15":{"start":{"line":16,"column":0},"end":{"line":16,"column":118}},"16":{"start":{"line":17,"column":0},"end":{"line":17,"column":26}},"17":{"start":{"line":18,"column":0},"end":{"line":18,"column":6}},"18":{"start":{"line":19,"column":0},"end":{"line":19,"column":3}},"22":{"start":{"line":23,"column":0},"end":{"line":23,"column":47}},"23":{"start":{"line":24,"column":0},"end":{"line":24,"column":35}},"24":{"start":{"line":25,"column":0},"end":{"line":25,"column":53}},"25":{"start":{"line":26,"column":0},"end":{"line":26,"column":38}},"26":{"start":{"line":27,"column":0},"end":{"line":27,"column":5}},"28":{"start":{"line":29,"column":0},"end":{"line":29,"column":17}},"29":{"start":{"line":30,"column":0},"end":{"line":30,"column":1}}},"s":{"0":1,"1":1,"11":1,"12":8,"14":4,"15":4,"16":4,"17":4,"18":4,"22":4,"23":4,"24":4,"25":4,"26":4,"28":4,"29":4},"branchMap":{"0":{"type":"branch","line":12,"loc":{"start":{"line":12,"column":7},"end":{"line":30,"column":1}},"locations":[{"start":{"line":12,"column":7},"end":{"line":30,"column":1}}]},"1":{"type":"branch","line":13,"loc":{"start":{"line":13,"column":18},"end":{"line":30,"column":1}},"locations":[{"start":{"line":13,"column":18},"end":{"line":30,"column":1}}]},"2":{"type":"branch","line":23,"loc":{"start":{"line":23,"column":29},"end":{"line":27,"column":3}},"locations":[{"start":{"line":23,"column":29},"end":{"line":27,"column":3}}]}},"b":{"0":[8],"1":[4],"2":[4]},"fnMap":{"0":{"name":"render","decl":{"start":{"line":12,"column":7},"end":{"line":30,"column":1}},"loc":{"start":{"line":12,"column":7},"end":{"line":30,"column":1}},"line":12}},"f":{"0":8}}
,"/home/runner/work/aided/aided/packages/core/src/internal/lis.ts": {"path":"/home/runner/work/aided/aided/packages/core/src/internal/lis.ts","all":false,"statementMap":{"11":{"start":{"line":12,"column":0},"end":{"line":12,"column":27}},"12":{"start":{"line":13,"column":0},"end":{"line":13,"column":26}},"13":{"start":{"line":14,"column":0},"end":{"line":14,"column":2}},"19":{"start":{"line":20,"column":0},"end":{"line":20,"column":67}},"20":{"start":{"line":21,"column":0},"end":{"line":21,"column":35}},"21":{"start":{"line":22,"column":0},"end":{"line":22,"column":1}},"38":{"start":{"line":39,"column":0},"end":{"line":39,"column":63}},"39":{"start":{"line":40,"column":0},"end":{"line":40,"column":20}},"40":{"start":{"line":41,"column":0},"end":{"line":41,"column":26}},"41":{"start":{"line":42,"column":0},"end":{"line":42,"column":13}},"43":{"start":{"line":44,"column":0},"end":{"line":44,"column":79}},"44":{"start":{"line":45,"column":0},"end":{"line":45,"column":14}},"45":{"start":{"line":46,"column":0},"end":{"line":46,"column":3}},"47":{"start":{"line":48,"column":0},"end":{"line":48,"column":23}},"48":{"start":{"line":49,"column":0},"end":{"line":49,"column":16}},"49":{"start":{"line":50,"column":0},"end":{"line":50,"column":14}},"50":{"start":{"line":51,"column":0},"end":{"line":51,"column":3}},"53":{"start":{"line":54,"column":0},"end":{"line":54,"column":39}},"54":{"start":{"line":55,"column":0},"end":{"line":55,"column":26}},"55":{"start":{"line":56,"column":0},"end":{"line":56,"column":10}},"56":{"start":{"line":57,"column":0},"end":{"line":57,"column":38}},"57":{"start":{"line":58,"column":0},"end":{"line":58,"column":3}},"58":{"start":{"line":59,"column":0},"end":{"line":59,"column":1}},"66":{"start":{"line":67,"column":0},"end":{"line":67,"column":67}},"67":{"start":{"line":68,"column":0},"end":{"line":68,"column":23}},"68":{"start":{"line":69,"column":0},"end":{"line":69,"column":25}},"69":{"start":{"line":70,"column":0},"end":{"line":70,"column":47}},"71":{"start":{"line":72,"column":0},"end":{"line":72,"column":46}},"72":{"start":{"line":73,"column":0},"end":{"line":73,"column":39}},"73":{"start":{"line":74,"column":0},"end":{"line":74,"column":14}},"75":{"start":{"line":76,"column":0},"end":{"line":76,"column":31}},"76":{"start":{"line":77,"column":0},"end":{"line":77,"column":23}},"79":{"start":{"line":80,"column":0},"end":{"line":80,"column":21}},"80":{"start":{"line":81,"column":0},"end":{"line":81,"column":46}},"81":{"start":{"line":82,"column":0},"end":{"line":82,"column":15}},"82":{"start":{"line":83,"column":0},"end":{"line":83,"column":5}},"85":{"start":{"line":86,"column":0},"end":{"line":86,"column":15}},"86":{"start":{"line":87,"column":0},"end":{"line":87,"column":17}},"88":{"start":{"line":89,"column":0},"end":{"line":89,"column":21}},"89":{"start":{"line":90,"column":0},"end":{"line":90,"column":77}},"90":{"start":{"line":91,"column":0},"end":{"line":91,"column":34}},"91":{"start":{"line":92,"column":0},"end":{"line":92,"column":21}},"92":{"start":{"line":93,"column":0},"end":{"line":93,"column":14}},"93":{"start":{"line":94,"column":0},"end":{"line":94,"column":17}},"94":{"start":{"line":95,"column":0},"end":{"line":95,"column":7}},"95":{"start":{"line":96,"column":0},"end":{"line":96,"column":5}},"100":{"start":{"line":101,"column":0},"end":{"line":101,"column":73}},"101":{"start":{"line":102,"column":0},"end":{"line":102,"column":76}},"103":{"start":{"line":104,"column":0},"end":{"line":104,"column":18}},"105":{"start":{"line":106,"column":0},"end":{"line":106,"column":21}},"106":{"start":{"line":107,"column":0},"end":{"line":107,"column":12}},"107":{"start":{"line":108,"column":0},"end":{"line":108,"column":5}},"108":{"start":{"line":109,"column":0},"end":{"line":109,"column":3}},"111":{"start":{"line":112,"column":0},"end":{"line":112,"column":27}},"114":{"start":{"line":115,"column":0},"end":{"line":115,"column":39}},"115":{"start":{"line":116,"column":0},"end":{"line":116,"column":25}},"117":{"start":{"line":118,"column":0},"end":{"line":118,"column":38}},"118":{"start":{"line":119,"column":0},"end":{"line":119,"column":15}},"119":{"start":{"line":120,"column":0},"end":{"line":120,"column":24}},"120":{"start":{"line":121,"column":0},"end":{"line":121,"column":3}},"122":{"start":{"line":123,"column":0},"end":{"line":123,"column":13}},"123":{"start":{"line":124,"column":0},"end":{"line":124,"column":1}},"134":{"start":{"line":135,"column":0},"end":{"line":135,"column":37}},"135":{"start":{"line":136,"column":0},"end":{"line":136,"column":20}},"136":{"start":{"line":137,"column":0},"end":{"line":137,"column":26}},"137":{"start":{"line":138,"column":0},"end":{"line":138,"column":13}},"138":{"start":{"line":139,"column":0},"end":{"line":139,"column":23}},"139":{"start":{"line":140,"column":0},"end":{"line":140,"column":25}},"140":{"start":{"line":141,"column":0},"end":{"line":141,"column":47}},"143":{"start":{"line":144,"column":0},"end":{"line":144,"column":26}},"144":{"start":{"line":145,"column":0},"end":{"line":145,"column":69}},"146":{"start":{"line":147,"column":0},"end":{"line":147,"column":74}},"149":{"start":{"line":150,"column":0},"end":{"line":150,"column":45}},"150":{"start":{"line":151,"column":0},"end":{"line":151,"column":59}},"152":{"start":{"line":153,"column":0},"end":{"line":153,"column":14}},"153":{"start":{"line":154,"column":0},"end":{"line":154,"column":60}},"155":{"start":{"line":156,"column":0},"end":{"line":156,"column":31}},"156":{"start":{"line":157,"column":0},"end":{"line":157,"column":23}},"159":{"start":{"line":160,"column":0},"end":{"line":160,"column":21}},"160":{"start":{"line":161,"column":0},"end":{"line":161,"column":33}},"161":{"start":{"line":162,"column":0},"end":{"line":162,"column":15}},"162":{"start":{"line":163,"column":0},"end":{"line":163,"column":5}},"165":{"start":{"line":166,"column":0},"end":{"line":166,"column":15}},"166":{"start":{"line":167,"column":0},"end":{"line":167,"column":17}},"168":{"start":{"line":169,"column":0},"end":{"line":169,"column":21}},"169":{"start":{"line":170,"column":0},"end":{"line":170,"column":34}},"170":{"start":{"line":171,"column":0},"end":{"line":171,"column":34}},"171":{"start":{"line":172,"column":0},"end":{"line":172,"column":21}},"172":{"start":{"line":173,"column":0},"end":{"line":173,"column":14}},"173":{"start":{"line":174,"column":0},"end":{"line":174,"column":17}},"174":{"start":{"line":175,"column":0},"end":{"line":175,"column":7}},"175":{"start":{"line":176,"column":0},"end":{"line":176,"column":5}},"178":{"start":{"line":179,"column":0},"end":{"line":179,"column":17}},"179":{"start":{"line":180,"column":0},"end":{"line":180,"column":38}},"180":{"start":{"line":181,"column":0},"end":{"line":181,"column":12}},"181":{"start":{"line":182,"column":0},"end":{"line":182,"column":33}},"182":{"start":{"line":183,"column":0},"end":{"line":183,"column":5}},"184":{"start":{"line":185,"column":0},"end":{"line":185,"column":18}},"186":{"start":{"line":187,"column":0},"end":{"line":187,"column":21}},"187":{"start":{"line":188,"column":0},"end":{"line":188,"column":12}},"188":{"start":{"line":189,"column":0},"end":{"line":189,"column":5}},"189":{"start":{"line":190,"column":0},"end":{"line":190,"column":3}},"191":{"start":{"line":192,"column":0},"end":{"line":192,"column":27}},"194":{"start":{"line":195,"column":0},"end":{"line":195,"column":39}},"195":{"start":{"line":196,"column":0},"end":{"line":196,"column":25}},"197":{"start":{"line":198,"column":0},"end":{"line":198,"column":38}},"198":{"start":{"line":199,"column":0},"end":{"line":199,"column":15}},"199":{"start":{"line":200,"column":0},"end":{"line":200,"column":33}},"202":{"start":{"line":203,"column":0},"end":{"line":203,"column":28}},"203":{"start":{"line":204,"column":0},"end":{"line":204,"column":15}},"204":{"start":{"line":205,"column":0},"end":{"line":205,"column":12}},"205":{"start":{"line":206,"column":0},"end":{"line":206,"column":51}},"206":{"start":{"line":207,"column":0},"end":{"line":207,"column":5}},"207":{"start":{"line":208,"column":0},"end":{"line":208,"column":3}},"209":{"start":{"line":210,"column":0},"end":{"line":210,"column":13}},"210":{"start":{"line":211,"column":0},"end":{"line":211,"column":1}}},"s":{"11":1,"12":1,"13":1,"19":1,"20":115,"21":115,"38":1,"39":112,"40":112,"41":112,"43":112,"44":5,"45":5,"47":107,"48":112,"49":2,"50":2,"53":112,"54":71,"55":112,"56":34,"57":34,"58":112,"66":71,"67":71,"68":71,"69":71,"71":67,"72":67,"73":67,"75":71,"76":746,"79":746,"80":111,"81":111,"82":111,"85":635,"86":635,"88":746,"89":2228,"90":2228,"91":2094,"92":2228,"93":134,"94":134,"95":2228,"100":746,"101":746,"103":635,"105":678,"106":522,"107":522,"108":746,"111":71,"114":53,"115":53,"117":71,"118":522,"119":522,"120":522,"122":53,"123":53,"134":34,"135":34,"136":34,"137":34,"138":34,"139":34,"140":34,"143":32,"144":34,"146":34,"149":34,"150":34,"152":34,"153":34,"155":34,"156":1937,"159":1937,"160":349,"161":349,"162":349,"165":1588,"166":1588,"168":1937,"169":5252,"170":5252,"171":4534,"172":5252,"173":718,"174":718,"175":5252,"178":1937,"179":1135,"180":1937,"181":453,"182":453,"184":1588,"186":1937,"187":989,"188":989,"189":1937,"191":34,"194":32,"195":32,"197":34,"198":989,"199":989,"202":989,"203":957,"204":989,"205":32,"206":32,"207":989,"209":32,"210":32},"branchMap":{"0":{"type":"branch","line":20,"loc":{"start":{"line":20,"column":7},"end":{"line":22,"column":1}},"locations":[{"start":{"line":20,"column":7},"end":{"line":22,"column":1}}]},"1":{"type":"branch","line":39,"loc":{"start":{"line":39,"column":7},"end":{"line":59,"column":1}},"locations":[{"start":{"line":39,"column":7},"end":{"line":59,"column":1}}]},"2":{"type":"branch","line":44,"loc":{"start":{"line":44,"column":7},"end":{"line":44,"column":48}},"locations":[{"start":{"line":44,"column":7},"end":{"line":44,"column":48}}]},"3":{"type":"branch","line":44,"loc":{"start":{"line":44,"column":36},"end":{"line":44,"column":78}},"locations":[{"start":{"line":44,"column":36},"end":{"line":44,"column":78}}]},"4":{"type":"branch","line":44,"loc":{"start":{"line":44,"column":78},"end":{"line":46,"column":3}},"locations":[{"start":{"line":44,"column":78},"end":{"line":46,"column":3}}]},"5":{"type":"branch","line":46,"loc":{"start":{"line":46,"column":2},"end":{"line":49,"column":15}},"locations":[{"start":{"line":46,"column":2},"end":{"line":49,"column":15}}]},"6":{"type":"branch","line":49,"loc":{"start":{"line":49,"column":15},"end":{"line":51,"column":3}},"locations":[{"start":{"line":49,"column":15},"end":{"line":51,"column":3}}]},"7":{"type":"branch","line":51,"loc":{"start":{"line":51,"column":2},"end":{"line":54,"column":38}},"locations":[{"start":{"line":51,"column":2},"end":{"line":54,"column":38}}]},"8":{"type":"branch","line":54,"loc":{"start":{"line":54,"column":38},"end":{"line":56,"column":9}},"locations":[{"start":{"line":54,"column":38},"end":{"line":56,"column":9}}]},"9":{"type":"branch","line":56,"loc":{"start":{"line":56,"column":2},"end":{"line":58,"column":3}},"locations":[{"start":{"line":56,"column":2},"end":{"line":58,"column":3}}]},"10":{"type":"branch","line":67,"loc":{"start":{"line":67,"column":0},"end":{"line":124,"column":1
[...]
,"/home/runner/work/aided/aided/packages/core/src/primitives/effect.ts": {"path":"/home/runner/work/aided/aided/packages/core/src/primitives/effect.ts","all":false,"statementMap":{"0":{"start":{"line":1,"column":0},"end":{"line":1,"column":61}},"3":{"start":{"line":4,"column":0},"end":{"line":4,"column":61}},"4":{"start":{"line":5,"column":0},"end":{"line":5,"column":38}},"12":{"start":{"line":13,"column":0},"end":{"line":13,"column":83}},"14":{"start":{"line":15,"column":0},"end":{"line":15,"column":13}},"15":{"start":{"line":16,"column":0},"end":{"line":16,"column":15}},"16":{"start":{"line":17,"column":0},"end":{"line":17,"column":152}},"17":{"start":{"line":18,"column":0},"end":{"line":18,"column":4}},"19":{"start":{"line":20,"column":0},"end":{"line":20,"column":30}},"20":{"start":{"line":21,"column":0},"end":{"line":21,"column":20}},"22":{"start":{"line":23,"column":0},"end":{"line":23,"column":22}},"24":{"start":{"line":25,"column":0},"end":{"line":25,"column":31}},"25":{"start":{"line":26,"column":0},"end":{"line":26,"column":11}},"26":{"start":{"line":27,"column":0},"end":{"line":27,"column":13}},"27":{"start":{"line":28,"column":0},"end":{"line":28,"column":17}},"29":{"start":{"line":30,"column":0},"end":{"line":30,"column":26}},"30":{"start":{"line":31,"column":0},"end":{"line":31,"column":7}},"31":{"start":{"line":32,"column":0},"end":{"line":32,"column":6}},"32":{"start":{"line":33,"column":0},"end":{"line":33,"column":28}},"34":{"start":{"line":35,"column":0},"end":{"line":35,"column":24}},"35":{"start":{"line":36,"column":0},"end":{"line":36,"column":4}},"38":{"start":{"line":39,"column":0},"end":{"line":39,"column":19}},"40":{"start":{"line":41,"column":0},"end":{"line":41,"column":26}},"41":{"start":{"line":42,"column":0},"end":{"line":42,"column":20}},"42":{"start":{"line":43,"column":0},"end":{"line":43,"column":4}},"45":{"start":{"line":46,"column":0},"end":{"line":46,"column":22}},"47":{"start":{"line":48,"column":0},"end":{"line":48,"column":18}},"48":{"start":{"line":49,"column":0},"end":{"line":49,"column":1}}},"s":{"0":1,"3":1,"4":1,"12":1,"14":132,"15":132,"16":132,"17":132,"19":132,"20":132,"22":264,"24":264,"25":264,"26":264,"27":264,"29":264,"30":264,"31":264,"32":132,"34":132,"35":132,"38":132,"40":132,"41":91,"42":91,"45":132,"47":132,"48":132},"branchMap":{"0":{"type":"branch","line":13,"loc":{"start":{"line":13,"column":7},"end":{"line":49,"column":1}},"locations":[{"start":{"line":13,"column":7},"end":{"line":49,"column":1}}]},"1":{"type":"branch","line":17,"loc":{"start":{"line":17,"column":20},"end":{"line":17,"column":36}},"locations":[{"start":{"line":17,"column":20},"end":{"line":17,"column":36}}]},"2":{"type":"branch","line":17,"loc":{"start":{"line":17,"column":29},"end":{"line":17,"column":58}},"locations":[{"start":{"line":17,"column":29},"end":{"line":17,"column":58}}]},"3":{"type":"branch","line":17,"loc":{"start":{"line":17,"column":52},"end":{"line":17,"column":60}},"locations":[{"start":{"line":17,"column":52},"end":{"line":17,"column":60}}]},"4":{"type":"branch","line":35,"loc":{"start":{"line":35,"column":10},"end":{"line":35,"column":24}},"locations":[{"start":{"line":35,"column":10},"end":{"line":35,"column":24}}]},"5":{"type":"branch","line":21,"loc":{"start":{"line":21,"column":13},"end":{"line":32,"column":6}},"locations":[{"start":{"line":21,"column":13},"end":{"line":32,"column":6}}]},"6":{"type":"branch","line":41,"loc":{"start":{"line":41,"column":19},"end":{"line":43,"column":4}},"locations":[{"start":{"line":41,"column":19},"end":{"line":43,"column":4}}]}},"b":{"0":[132],"1":[2],"2":[2],"3":[130],"4":[2],"5":[264],"6":[91]},"fnMap":{"0":{"name":"createEffect","decl":{"start":{"line":13,"column":7},"end":{"line":49,"column":1}},"loc":{"start":{"line":13,"column":7},"end":{"line":49,"column":1}},"line":13},"1":{"name":"execute","decl":{"start":{"line":21,"column":13},"end":{"line":32,"column":6}},"loc":{"start":{"line":21,"column":13},"end":{"line":32,"column":6}},"line":21},"2":{"name":"disposer","decl":{"start":{"line":41,"column":19},"end":{"line":43,"column":4}},"loc":{"start":{"line":41,"column":19},"end":{"line":43,"column":4}},"line":41}},"f":{"0":132,"1":264,"2":91}}
,"/home/runner/work/aided/aided/packages/core/src/primitives/lisAsync.ts": {"path":"/home/runner/work/aided/aided/packages/core/src/primitives/lisAsync.ts","all":false,"statementMap":{"0":{"start":{"line":1,"column":0},"end":{"line":1,"column":47}},"11":{"start":{"line":12,"column":0},"end":{"line":12,"column":50}},"12":{"start":{"line":13,"column":0},"end":{"line":13,"column":61}},"13":{"start":{"line":14,"column":0},"end":{"line":14,"column":22}},"14":{"start":{"line":15,"column":0},"end":{"line":15,"column":43}},"15":{"start":{"line":16,"column":0},"end":{"line":16,"column":35}},"17":{"start":{"line":18,"column":0},"end":{"line":18,"column":25}},"18":{"start":{"line":19,"column":0},"end":{"line":19,"column":5}},"20":{"start":{"line":21,"column":0},"end":{"line":21,"column":35}},"23":{"start":{"line":24,"column":0},"end":{"line":24,"column":38}},"24":{"start":{"line":25,"column":0},"end":{"line":25,"column":25}},"25":{"start":{"line":26,"column":0},"end":{"line":26,"column":74}},"26":{"start":{"line":27,"column":0},"end":{"line":27,"column":35}},"28":{"start":{"line":29,"column":0},"end":{"line":29,"column":79}},"29":{"start":{"line":30,"column":0},"end":{"line":30,"column":28}},"30":{"start":{"line":31,"column":0},"end":{"line":31,"column":25}},"32":{"start":{"line":33,"column":0},"end":{"line":33,"column":82}},"33":{"start":{"line":34,"column":0},"end":{"line":34,"column":44}},"34":{"start":{"line":35,"column":0},"end":{"line":35,"column":14}},"35":{"start":{"line":36,"column":0},"end":{"line":36,"column":40}},"36":{"start":{"line":37,"column":0},"end":{"line":37,"column":7}},"37":{"start":{"line":38,"column":0},"end":{"line":38,"column":6}},"39":{"start":{"line":40,"column":0},"end":{"line":40,"column":45}},"40":{"start":{"line":41,"column":0},"end":{"line":41,"column":28}},"41":{"start":{"line":42,"column":0},"end":{"line":42,"column":25}},"42":{"start":{"line":43,"column":0},"end":{"line":43,"column":58}},"43":{"start":{"line":44,"column":0},"end":{"line":44,"column":6}},"45":{"start":{"line":46,"column":0},"end":{"line":46,"column":9}},"47":{"start":{"line":48,"column":0},"end":{"line":48,"column":44}},"48":{"start":{"line":49,"column":0},"end":{"line":49,"column":21}},"49":{"start":{"line":50,"column":0},"end":{"line":50,"column":28}},"50":{"start":{"line":51,"column":0},"end":{"line":51,"column":25}},"51":{"start":{"line":52,"column":0},"end":{"line":52,"column":20}},"52":{"start":{"line":53,"column":0},"end":{"line":53,"column":5}},"53":{"start":{"line":54,"column":0},"end":{"line":54,"column":5}},"54":{"start":{"line":55,"column":0},"end":{"line":55,"column":1}}},"s":{"0":1,"11":1,"12":6,"13":6,"14":6,"15":6,"17":1,"18":1,"20":5,"23":5,"24":1,"25":1,"26":5,"28":5,"29":2,"30":2,"32":2,"33":1,"34":1,"35":1,"36":1,"37":2,"39":5,"40":1,"41":1,"42":1,"43":1,"45":5,"47":5,"48":6,"49":1,"50":1,"51":1,"52":1,"53":6,"54":6},"branchMap":{"0":{"type":"branch","line":12,"loc":{"start":{"line":12,"column":7},"end":{"line":55,"column":1}},"locations":[{"start":{"line":12,"column":7},"end":{"line":55,"column":1}}]},"1":{"type":"branch","line":15,"loc":{"start":{"line":15,"column":21},"end":{"line":54,"column":3}},"locations":[{"start":{"line":15,"column":21},"end":{"line":54,"column":3}}]},"2":{"type":"branch","line":16,"loc":{"start":{"line":16,"column":34},"end":{"line":19,"column":5}},"locations":[{"start":{"line":16,"column":34},"end":{"line":19,"column":5}}]},"3":{"type":"branch","line":19,"loc":{"start":{"line":19,"column":4},"end":{"line":49,"column":13}},"locations":[{"start":{"line":19,"column":4},"end":{"line":49,"column":13}}]},"4":{"type":"branch","line":49,"loc":{"start":{"line":49,"column":4},"end":{"line":53,"column":5}},"locations":[{"start":{"line":49,"column":4},"end":{"line":53,"column":5}}]},"5":{"type":"branch","line":24,"loc":{"start":{"line":24,"column":31},"end":{"line":27,"column":7}},"locations":[{"start":{"line":24,"column":31},"end":{"line":27,"column":7}}]},"6":{"type":"branch","line":29,"loc":{"start":{"line":29,"column":23},"end":{"line":38,"column":6}},"locations":[{"start":{"line":29,"column":23},"end":{"line":38,"column":6}}]},"7":{"type":"branch","line":33,"loc":{"start":{"line":33,"column":81},"end":{"line":37,"column":7}},"locations":[{"start":{"line":33,"column":81},"end":{"line":37,"column":7}}]},"8":{"type":"branch","line":40,"loc":{"start":{"line":40,"column":21},"end":{"line":44,"column":6}},"locations":[{"start":{"line":40,"column":21},"end":{"line":44,"column":6}}]}},"b":{"0":[6],"1":[6],"2":[1],"3":[5],"4":[1],"5":[1],"6":[2],"7":[1],"8":[1]},"fnMap":{"0":{"name":"longestIncreasingSubsequenceAsync","decl":{"start":{"line":12,"column":7},"end":{"line":55,"column":1}},"loc":{"start":{"line":12,"column":7},"end":{"line":55,"column":1}},"line":12},"1":{"name":"worker.onmessage","decl":{"start":{"line":29,"column":23},"end":{"line":38,"column":6}},"loc":{"start":{"line":29,"column":23},"end":{"line":38,"column":6}},"line":29},"2":{"name":"worker.onerror","decl":{"start":{"line":40,"column":21},"end":{"line":44,"column":6}},"loc":{"start":{"line":40,"column":21},"end":{"line":44,"column":6}},"line":40}},"f":{"0":6,"1":2,"2":1}}
,"/home/runner/work/aided/aided/packages/core/src/primitives/memo.ts": {"path":"/home/runner/work/aided/aided/packages/core/src/primitives/memo.ts","all":false,"statementMap":{"0":{"start":{"line":1,"column":0},"end":{"line":1,"column":40}},"1":{"start":{"line":2,"column":0},"end":{"line":2,"column":40}},"11":{"start":{"line":12,"column":0},"end":{"line":12,"column":80}},"14":{"start":{"line":15,"column":0},"end":{"line":15,"column":74}},"18":{"start":{"line":19,"column":0},"end":{"line":19,"column":22}},"19":{"start":{"line":20,"column":0},"end":{"line":20,"column":18}},"20":{"start":{"line":21,"column":0},"end":{"line":21,"column":14}},"26":{"start":{"line":27,"column":0},"end":{"line":27,"column":25}},"27":{"start":{"line":28,"column":0},"end":{"line":28,"column":1}}},"s":{"0":1,"1":1,"11":1,"14":47,"18":47,"19":89,"20":47,"26":47,"27":47},"branchMap":{"0":{"type":"branch","line":12,"loc":{"start":{"line":12,"column":7},"end":{"line":28,"column":1}},"locations":[{"start":{"line":12,"column":7},"end":{"line":28,"column":1}}]},"1":{"type":"branch","line":19,"loc":{"start":{"line":19,"column":15},"end":{"line":21,"column":5}},"locations":[{"start":{"line":19,"column":15},"end":{"line":21,"column":5}}]}},"b":{"0":[47],"1":[89]},"fnMap":{"0":{"name":"createMemo","decl":{"start":{"line":12,"column":7},"end":{"line":28,"column":1}},"loc":{"start":{"line":12,"column":7},"end":{"line":28,"column":1}},"line":12}},"f":{"0":47}}
,"/home/runner/work/aided/aided/packages/core/src/primitives/resource.ts": {"path":"/home/runner/work/aided/aided/packages/core/src/primitives/resource.ts","all":false,"statementMap":{"0":{"start":{"line":1,"column":0},"end":{"line":1,"column":40}},"1":{"start":{"line":2,"column":0},"end":{"line":2,"column":40}},"2":{"start":{"line":3,"column":0},"end":{"line":3,"column":36}},"15":{"start":{"line":16,"column":0},"end":{"line":16,"column":50}},"16":{"start":{"line":17,"column":0},"end":{"line":17,"column":26}},"17":{"start":{"line":18,"column":0},"end":{"line":18,"column":25}},"18":{"start":{"line":19,"column":0},"end":{"line":19,"column":27}},"19":{"start":{"line":20,"column":0},"end":{"line":20,"column":19}},"20":{"start":{"line":21,"column":0},"end":{"line":21,"column":74}},"21":{"start":{"line":22,"column":0},"end":{"line":22,"column":60}},"22":{"start":{"line":23,"column":0},"end":{"line":23,"column":67}},"24":{"start":{"line":25,"column":0},"end":{"line":25,"column":22}},"25":{"start":{"line":26,"column":0},"end":{"line":26,"column":33}},"26":{"start":{"line":27,"column":0},"end":{"line":27,"column":21}},"27":{"start":{"line":28,"column":0},"end":{"line":28,"column":24}},"29":{"start":{"line":30,"column":0},"end":{"line":30,"column":38}},"30":{"start":{"line":31,"column":0},"end":{"line":31,"column":11}},"31":{"start":{"line":32,"column":0},"end":{"line":32,"column":50}},"32":{"start":{"line":33,"column":0},"end":{"line":33,"column":24}},"33":{"start":{"line":34,"column":0},"end":{"line":34,"column":19}},"34":{"start":{"line":35,"column":0},"end":{"line":35,"column":25}},"35":{"start":{"line":36,"column":0},"end":{"line":36,"column":17}},"36":{"start":{"line":37,"column":0},"end":{"line":37,"column":26}},"37":{"start":{"line":38,"column":0},"end":{"line":38,"column":7}},"38":{"start":{"line":39,"column":0},"end":{"line":39,"column":6}},"40":{"start":{"line":41,"column":0},"end":{"line":41,"column":19}},"41":{"start":{"line":42,"column":0},"end":{"line":42,"column":14}},"44":{"start":{"line":45,"column":0},"end":{"line":45,"column":57}},"48":{"start":{"line":49,"column":0},"end":{"line":49,"column":62}},"50":{"start":{"line":51,"column":0},"end":{"line":51,"column":58}},"52":{"start":{"line":53,"column":0},"end":{"line":53,"column":40}},"53":{"start":{"line":54,"column":0},"end":{"line":54,"column":1}}},"s":{"0":1,"1":1,"2":1,"15":1,"16":4,"17":4,"18":4,"19":4,"20":4,"21":4,"22":4,"24":4,"25":6,"26":6,"27":6,"29":6,"30":6,"31":6,"32":5,"33":6,"34":1,"35":6,"36":6,"37":6,"38":6,"40":6,"41":4,"44":4,"48":4,"50":4,"52":4,"53":4},"branchMap":{"0":{"type":"branch","line":16,"loc":{"start":{"line":16,"column":7},"end":{"line":54,"column":1}},"locations":[{"start":{"line":16,"column":7},"end":{"line":54,"column":1}}]},"1":{"type":"branch","line":25,"loc":{"start":{"line":25,"column":15},"end":{"line":42,"column":5}},"locations":[{"start":{"line":25,"column":15},"end":{"line":42,"column":5}}]},"2":{"type":"branch","line":30,"loc":{"start":{"line":30,"column":25},"end":{"line":39,"column":6}},"locations":[{"start":{"line":30,"column":25},"end":{"line":39,"column":6}}]},"3":{"type":"branch","line":32,"loc":{"start":{"line":32,"column":48},"end":{"line":34,"column":15}},"locations":[{"start":{"line":32,"column":48},"end":{"line":34,"column":15}}]},"4":{"type":"branch","line":34,"loc":{"start":{"line":34,"column":6},"end":{"line":36,"column":8}},"locations":[{"start":{"line":34,"column":6},"end":{"line":36,"column":8}}]},"5":{"type":"branch","line":45,"loc":{"start":{"line":45,"column":34},"end":{"line":45,"column":48}},"locations":[{"start":{"line":45,"column":34},"end":{"line":45,"column":48}}]},"6":{"type":"branch","line":49,"loc":{"start":{"line":49,"column":45},"end":{"line":49,"column":60}},"locations":[{"start":{"line":49,"column":45},"end":{"line":49,"column":60}}]},"7":{"type":"branch","line":51,"loc":{"start":{"line":51,"column":43},"end":{"line":51,"column":56}},"locations":[{"start":{"line":51,"column":43},"end":{"line":51,"column":56}}]}},"b":{"0":[4],"1":[6],"2":[6],"3":[5],"4":[1],"5":[9],"6":[12],"7":[5]},"fnMap":{"0":{"name":"createResource","decl":{"start":{"line":16,"column":7},"end":{"line":54,"column":1}},"loc":{"start":{"line":16,"column":7},"end":{"line":54,"column":1}},"line":16},"1":{"name":"executeFetch","decl":{"start":{"line":30,"column":25},"end":{"line":39,"column":6}},"loc":{"start":{"line":30,"column":25},"end":{"line":39,"column":6}},"line":30}},"f":{"0":4,"1":6}}
,"/home/runner/work/aided/aided/packages/core/src/primitives/signal.ts": {"path":"/home/runner/work/aided/aided/packages/core/src/primitives/signal.ts","all":false,"statementMap":{"1":{"start":{"line":2,"column":0},"end":{"line":2,"column":78}},"12":{"start":{"line":13,"column":0},"end":{"line":13,"column":32}},"13":{"start":{"line":14,"column":0},"end":{"line":14,"column":11}},"14":{"start":{"line":15,"column":0},"end":{"line":15,"column":27}},"15":{"start":{"line":16,"column":0},"end":{"line":16,"column":39}},"16":{"start":{"line":17,"column":0},"end":{"line":17,"column":44}},"18":{"start":{"line":19,"column":0},"end":{"line":19,"column":42}},"19":{"start":{"line":20,"column":0},"end":{"line":20,"column":62}},"20":{"start":{"line":21,"column":0},"end":{"line":21,"column":24}},"21":{"start":{"line":22,"column":0},"end":{"line":22,"column":37}},"22":{"start":{"line":23,"column":0},"end":{"line":23,"column":50}},"23":{"start":{"line":24,"column":0},"end":{"line":24,"column":5}},"24":{"start":{"line":25,"column":0},"end":{"line":25,"column":17}},"25":{"start":{"line":26,"column":0},"end":{"line":26,"column":4}},"27":{"start":{"line":28,"column":0},"end":{"line":28,"column":51}},"28":{"start":{"line":29,"column":0},"end":{"line":29,"column":37}},"29":{"start":{"line":30,"column":0},"end":{"line":30,"column":13}},"30":{"start":{"line":31,"column":0},"end":{"line":31,"column":5}},"31":{"start":{"line":32,"column":0},"end":{"line":32,"column":21}},"32":{"start":{"line":33,"column":0},"end":{"line":33,"column":56}},"33":{"start":{"line":34,"column":0},"end":{"line":34,"column":17}},"34":{"start":{"line":35,"column":0},"end":{"line":35,"column":4}},"38":{"start":{"line":39,"column":0},"end":{"line":39,"column":63}},"40":{"start":{"line":41,"column":0},"end":{"line":41,"column":39}},"41":{"start":{"line":42,"column":0},"end":{"line":42,"column":3}},"43":{"start":{"line":44,"column":0},"end":{"line":44,"column":23}},"44":{"start":{"line":45,"column":0},"end":{"line":45,"column":1}}},"s":{"1":1,"12":1,"13":349,"14":349,"15":349,"16":349,"18":349,"19":451,"20":451,"21":410,"22":410,"23":410,"24":451,"25":451,"27":349,"28":286,"29":67,"30":67,"31":219,"32":219,"33":219,"34":286,"38":349,"40":2,"41":2,"43":349,"44":349},"branchMap":{"0":{"type":"branch","line":13,"loc":{"start":{"line":13,"column":7},"end":{"line":45,"column":1}},"locations":[{"start":{"line":13,"column":7},"end":{"line":45,"column":1}}]},"1":{"type":"branch","line":39,"loc":{"start":{"line":39,"column":31},"end":{"line":39,"column":62}},"locations":[{"start":{"line":39,"column":31},"end":{"line":39,"column":62}}]},"2":{"type":"branch","line":39,"loc":{"start":{"line":39,"column":47},"end":{"line":39,"column":62}},"locations":[{"start":{"line":39,"column":47},"end":{"line":39,"column":62}}]},"3":{"type":"branch","line":39,"loc":{"start":{"line":39,"column":62},"end":{"line":42,"column":3}},"locations":[{"start":{"line":39,"column":62},"end":{"line":42,"column":3}}]},"4":{"type":"branch","line":19,"loc":{"start":{"line":19,"column":32},"end":{"line":26,"column":4}},"locations":[{"start":{"line":19,"column":32},"end":{"line":26,"column":4}}]},"5":{"type":"branch","line":21,"loc":{"start":{"line":21,"column":23},"end":{"line":24,"column":5}},"locations":[{"start":{"line":21,"column":23},"end":{"line":24,"column":5}}]},"6":{"type":"branch","line":28,"loc":{"start":{"line":28,"column":33},"end":{"line":35,"column":4}},"locations":[{"start":{"line":28,"column":33},"end":{"line":35,"column":4}}]},"7":{"type":"branch","line":29,"loc":{"start":{"line":29,"column":36},"end":{"line":31,"column":5}},"locations":[{"start":{"line":29,"column":36},"end":{"line":31,"column":5}}]},"8":{"type":"branch","line":31,"loc":{"start":{"line":31,"column":4},"end":{"line":34,"column":17}},"locations":[{"start":{"line":31,"column":4},"end":{"line":34,"column":17}}]},"9":{"type":"branch","line":33,"loc":{"start":{"line":33,"column":24},"end":{"line":33,"column":54}},"locations":[{"start":{"line":33,"column":24},"end":{"line":33,"column":54}}]}},"b":{"0":[349],"1":[348],"2":[2],"3":[2],"4":[451],"5":[410],"6":[286],"7":[67],"8":[219],"9":[134]},"fnMap":{"0":{"name":"createSignal","decl":{"start":{"line":13,"column":7},"end":{"line":45,"column":1}},"loc":{"start":{"line":13,"column":7},"end":{"line":45,"column":1}},"line":13},"1":{"name":"read","decl":{"start":{"line":19,"column":32},"end":{"line":26,"column":4}},"loc":{"start":{"line":19,"column":32},"end":{"line":26,"column":4}},"line":19},"2":{"name":"write","decl":{"start":{"line":28,"column":33},"end":{"line":35,"column":4}},"loc":{"start":{"line":28,"column":33},"end":{"line":35,"column":4}},"line":28}},"f":{"0":349,"1":451,"2":286}}
}
