{"/home/runner/work/aided/aided/packages/core/src/h.ts": {"path":"/home/runner/work/aided/aided/packages/core/src/h.ts","all":false,"statementMap":{"1":{"start":{"line":2,"column":0},"end":{"line":2,"column":110}},"2":{"start":{"line":3,"column":0},"end":{"line":3,"column":51}},"3":{"start":{"line":4,"column":0},"end":{"line":4,"column":37}},"33":{"start":{"line":34,"column":0},"end":{"line":34,"column":43}},"35":{"start":{"line":36,"column":0},"end":{"line":36,"column":30}},"36":{"start":{"line":37,"column":0},"end":{"line":37,"column":17}},"37":{"start":{"line":38,"column":0},"end":{"line":38,"column":3}},"40":{"start":{"line":41,"column":0},"end":{"line":41,"column":36}},"42":{"start":{"line":43,"column":0},"end":{"line":43,"column":56}},"43":{"start":{"line":44,"column":0},"end":{"line":44,"column":34}},"46":{"start":{"line":47,"column":0},"end":{"line":47,"column":39}},"47":{"start":{"line":48,"column":0},"end":{"line":48,"column":41}},"48":{"start":{"line":49,"column":0},"end":{"line":49,"column":12}},"49":{"start":{"line":50,"column":0},"end":{"line":50,"column":104}},"50":{"start":{"line":51,"column":0},"end":{"line":51,"column":63}},"51":{"start":{"line":52,"column":0},"end":{"line":52,"column":5}},"54":{"start":{"line":55,"column":0},"end":{"line":55,"column":24}},"55":{"start":{"line":56,"column":0},"end":{"line":56,"column":51}},"56":{"start":{"line":57,"column":0},"end":{"line":57,"column":52}},"61":{"start":{"line":62,"column":0},"end":{"line":62,"column":34}},"62":{"start":{"line":63,"column":0},"end":{"line":63,"column":44}},"63":{"start":{"line":64,"column":0},"end":{"line":64,"column":59}},"64":{"start":{"line":65,"column":0},"end":{"line":65,"column":38}},"65":{"start":{"line":66,"column":0},"end":{"line":66,"column":9}},"66":{"start":{"line":67,"column":0},"end":{"line":67,"column":14}},"67":{"start":{"line":68,"column":0},"end":{"line":68,"column":85}},"68":{"start":{"line":69,"column":0},"end":{"line":69,"column":50}},"69":{"start":{"line":70,"column":0},"end":{"line":70,"column":62}},"70":{"start":{"line":71,"column":0},"end":{"line":71,"column":56}},"71":{"start":{"line":72,"column":0},"end":{"line":72,"column":11}},"72":{"start":{"line":73,"column":0},"end":{"line":73,"column":16}},"73":{"start":{"line":74,"column":0},"end":{"line":74,"column":62}},"74":{"start":{"line":75,"column":0},"end":{"line":75,"column":62}},"75":{"start":{"line":76,"column":0},"end":{"line":76,"column":41}},"76":{"start":{"line":77,"column":0},"end":{"line":77,"column":9}},"77":{"start":{"line":78,"column":0},"end":{"line":78,"column":7}},"78":{"start":{"line":79,"column":0},"end":{"line":79,"column":7}},"80":{"start":{"line":81,"column":0},"end":{"line":81,"column":31}},"81":{"start":{"line":82,"column":0},"end":{"line":82,"column":3}},"84":{"start":{"line":85,"column":0},"end":{"line":85,"column":48}},"85":{"start":{"line":86,"column":0},"end":{"line":86,"column":1}},"108":{"start":{"line":109,"column":0},"end":{"line":109,"column":35}},"109":{"start":{"line":110,"column":0},"end":{"line":110,"column":43}},"110":{"start":{"line":111,"column":0},"end":{"line":111,"column":43}},"111":{"start":{"line":112,"column":0},"end":{"line":112,"column":49}},"113":{"start":{"line":114,"column":0},"end":{"line":114,"column":29}},"114":{"start":{"line":115,"column":0},"end":{"line":115,"column":31}},"115":{"start":{"line":116,"column":0},"end":{"line":116,"column":66}},"116":{"start":{"line":117,"column":0},"end":{"line":117,"column":85}},"118":{"start":{"line":119,"column":0},"end":{"line":119,"column":32}},"119":{"start":{"line":120,"column":0},"end":{"line":120,"column":33}},"120":{"start":{"line":121,"column":0},"end":{"line":121,"column":30}},"121":{"start":{"line":122,"column":0},"end":{"line":122,"column":24}},"122":{"start":{"line":123,"column":0},"end":{"line":123,"column":64}},"123":{"start":{"line":124,"column":0},"end":{"line":124,"column":11}},"124":{"start":{"line":125,"column":0},"end":{"line":125,"column":37}},"125":{"start":{"line":126,"column":0},"end":{"line":126,"column":61}},"126":{"start":{"line":127,"column":0},"end":{"line":127,"column":51}},"127":{"start":{"line":128,"column":0},"end":{"line":128,"column":43}},"129":{"start":{"line":130,"column":0},"end":{"line":130,"column":37}},"130":{"start":{"line":131,"column":0},"end":{"line":131,"column":39}},"132":{"start":{"line":133,"column":0},"end":{"line":133,"column":44}},"134":{"start":{"line":135,"column":0},"end":{"line":135,"column":89}},"135":{"start":{"line":136,"column":0},"end":{"line":136,"column":31}},"136":{"start":{"line":137,"column":0},"end":{"line":137,"column":37}},"137":{"start":{"line":138,"column":0},"end":{"line":138,"column":22}},"139":{"start":{"line":140,"column":0},"end":{"line":140,"column":47}},"140":{"start":{"line":141,"column":0},"end":{"line":141,"column":15}},"141":{"start":{"line":142,"column":0},"end":{"line":142,"column":20}},"143":{"start":{"line":144,"column":0},"end":{"line":144,"column":46}},"144":{"start":{"line":145,"column":0},"end":{"line":145,"column":13}},"145":{"start":{"line":146,"column":0},"end":{"line":146,"column":18}},"147":{"start":{"line":148,"column":0},"end":{"line":148,"column":46}},"148":{"start":{"line":149,"column":0},"end":{"line":149,"column":39}},"149":{"start":{"line":150,"column":0},"end":{"line":150,"column":20}},"150":{"start":{"line":151,"column":0},"end":{"line":151,"column":45}},"151":{"start":{"line":152,"column":0},"end":{"line":152,"column":49}},"154":{"start":{"line":155,"column":0},"end":{"line":155,"column":81}},"155":{"start":{"line":156,"column":0},"end":{"line":156,"column":32}},"156":{"start":{"line":157,"column":0},"end":{"line":157,"column":83}},"158":{"start":{"line":159,"column":0},"end":{"line":159,"column":18}},"159":{"start":{"line":160,"column":0},"end":{"line":160,"column":15}},"161":{"start":{"line":162,"column":0},"end":{"line":162,"column":45}},"162":{"start":{"line":163,"column":0},"end":{"line":163,"column":13}},"163":{"start":{"line":164,"column":0},"end":{"line":164,"column":11}},"164":{"start":{"line":165,"column":0},"end":{"line":165,"column":9}},"165":{"start":{"line":166,"column":0},"end":{"line":166,"column":14}},"166":{"start":{"line":167,"column":0},"end":{"line":167,"column":51}},"167":{"start":{"line":168,"column":0},"end":{"line":168,"column":7}},"168":{"start":{"line":169,"column":0},"end":{"line":169,"column":5}},"170":{"start":{"line":171,"column":0},"end":{"line":171,"column":14}},"171":{"start":{"line":172,"column":0},"end":{"line":172,"column":14}},"172":{"start":{"line":173,"column":0},"end":{"line":173,"column":5}},"173":{"start":{"line":174,"column":0},"end":{"line":174,"column":14}},"174":{"start":{"line":175,"column":0},"end":{"line":175,"column":4}},"175":{"start":{"line":176,"column":0},"end":{"line":176,"column":1}},"178":{"start":{"line":179,"column":0},"end":{"line":179,"column":52}},"181":{"start":{"line":182,"column":0},"end":{"line":182,"column":32}},"182":{"start":{"line":183,"column":0},"end":{"line":183,"column":63}},"183":{"start":{"line":184,"column":0},"end":{"line":184,"column":3}},"186":{"start":{"line":187,"column":0},"end":{"line":187,"column":76}},"211":{"start":{"line":212,"column":0},"end":{"line":212,"column":32}},"212":{"start":{"line":213,"column":0},"end":{"line":213,"column":39}},"213":{"start":{"line":214,"column":0},"end":{"line":214,"column":51}},"216":{"start":{"line":217,"column":0},"end":{"line":217,"column":31}},"217":{"start":{"line":218,"column":0},"end":{"line":218,"column":28}},"218":{"start":{"line":219,"column":0},"end":{"line":219,"column":48}},"219":{"start":{"line":220,"column":0},"end":{"line":220,"column":66}},"220":{"start":{"line":221,"column":0},"end":{"line":221,"column":52}},"221":{"start":{"line":222,"column":0},"end":{"line":222,"column":75}},"222":{"start":{"line":223,"column":0},"end":{"line":223,"column":11}},"223":{"start":{"line":224,"column":0},"end":{"line":224,"column":91}},"224":{"start":{"line":225,"column":0},"end":{"line":225,"column":23}},"225":{"start":{"line":226,"column":0},"end":{"line":226,"column":20}},"226":{"start":{"line":227,"column":0},"end":{"line":227,"column":138}},"227":{"start":{"line":228,"column":0},"end":{"line":228,"column":14}},"228":{"start":{"line":229,"column":0},"end":{"line":229,"column":46}},"229":{"start":{"line":230,"column":0},"end":{"line":230,"column":11}},"230":{"start":{"line":231,"column":0},"end":{"line":231,"column":149}},"231":{"start":{"line":232,"column":0},"end":{"line":232,"column":9}},"232":{"start":{"line":233,"column":0},"end":{"line":233,"column":9}},"233":{"start":{"line":234,"column":0},"end":{"line":234,"column":5}},"236":{"start":{"line":237,"column":0},"end":{"line":237,"column":37}},"237":{"start":{"line":238,"column":0},"end":{"line":238,"column":60}},"238":{"start":{"line":239,"column":0},"end":{"line":239,"column":5}},"241":{"start":{"line":242,"column":0},"end":{"line":242,"column":35}},"242":{"start":{"line":243,"column":0},"end":{"line":243,"column":22}},"243":{"start":{"line":244,"column":0},"end":{"line":244,"column":55}},"244":{"start":{"line":245,"column":0},"end":{"line":245,"column":124}},"245":{"start":{"line":246,"column":0},"end":{"line":246,"column":8}},"246":{"start":{"line":247,"column":0},"end":{"line":247,"column":5}},"249":{"start":{"line":250,"column":0},"end":{"line":250,"column":40}},"250":{"start":{"line":251,"column":0},"end":{"line":251,"column":22}},"251":{"start":{"line":252,"column":0},"end":{"line":252,"column":40}},"253":{"start":{"line":254,"column":0},"end":{"line":254,"column":8}},"254":{"start":{"line":255,"column":0},"end":{"line":255,"column":5}},"256":{"start":{"line":257,"column":0},"end":{"line":257,"column":29}},"257":{"start":{"line":258,"column":0},"end":{"line":258,"column":3}},"258":{"start":{"line":259,"column":0},"end":{"line":259,"column":119}}},"s":{"1":1,"2":1,"3":1,"33":25,"35":25,"36":5,"37":5,"40":25,"42":6,"43":6,"46":6,"47":2,"48":6,"49":4,"50":4,"51":4,"54":6,"55":15,"56":15,"61":15,"62":4,"63":2,"64":2,"65":2,"66":15,"67":11,"68":11,"69":10,"70":6,"71":6,"72":11,"73":1,"74":1,"75":1,"76":1,"77":11,"78":6,"80":6,"81":6,"84":14,"85":14,"108":62,"109":62,"110":62,"111":62,"113":62,"114":55,"115":1,"116":55,"118":32,"119":58,"120":58,"121":8,"122":8,"123":8,"124":58,"125":1,"126":1,"127":58,"129":2,"130":49,"132":24,"134":23,"135":23,"136":15,"137":22,"139":8,"140":8,"141":24,"143":1,"144":1,"145":47,"147":23,"148":1,"149":23,"150":22,"151":22,"154":22,"155":2,"156":2,"158":2,"159":2,"161":20,"162":20,"163":23,"164":58,"165":54,"166":22,"167":22,"168":55,"170":62,"171":8,"172":8,"173":60,"174":62,"175":62,"178":1,"181":1,"182":1,"183":1,"186":1,"211":1,"212":1,"213":78,"216":78,"217":7,"218":7,"219":7,"220":7,"221":1,"222":1,"223":7,"224":4,"225":4,"226":4,"227":4,"228":4,"229":4,"230":1,"231":7,"232":7,"233":7,"236":78,"237":2,"238":2,"241":78,"242":7,"243":7,"244":7,"245":7,"246":7,"249":78,"250":3,"251":3,"253":3,"254":3,"256":58,"257":78,"258":1},"branchMap":{"0":{"type":"branch","line":34,"loc":{"start":{"line":34,"column":0},"end":{"line":86,"column":1}},"locations":[{"start":{"line":34,"column":0},"end":{"line":86,"column":1}}]},"1":{"type":"branch","line":36,"loc":{"start":{"line":36,"column":29},"end":{"line":38,"column":3}},"locations":[{"start":{"line":36,"column":29},"end":{"line":38,"column":3}}]},"2":{"type":"branch","line":38,"loc":{"start":{"line":38,"column":2},"end":{"line":41,"column":35}},"locations":[{"start":{"line":38,"column":2},"end":{"line":41,"column":35}}]},"3":{"type":"branch","line":41,"loc":{"start":{"line":41,"column":35},"end":{"line":82,"column":3}},"locations":[{"start":{"line":41,"column":35},"end":{"line":82,"column":3}}]},"4":{"type":"branch","line":47,"loc":{"start":{"line":47,"column":38},"end":{"line":49,"column":11}},"locations":[{"start":{"line":47,"column":38},"end":{"line":49,"column":11}}]},"5":{"type":"branch","line":49,"loc":{"start":{"line":49,"column":4},"end":{"line":52,"column":5}},"locations":[{"start":{"line":49,"column":4},"end":{"line":52,"column":5}}]},"6":{"type":"branch","line":50,"loc":{"start":{"line":50,"column":41},"end":{"line":50,"column":78}},"locations":[{"start":{"line":50,"column":41},"end":{"line":50,"column":78}}]},"7":{"type":"branch","line":50,"loc":{"start":{"line":50,"column":66},"end":{"line":50,"column":83}},"locations":[{"start":{"line":50,"column":66},"end":{"line":50,"column":83}}]},"8":{"type":"branch","line":50,"loc":{"start":{"line":50,"column":78},"end":{"line":50,"column":104}},"locations":[{"start":{"line":50,"column":78},"end":{"line":50,"column":104}}]},"9":{"type":"branch","line":82,"loc":{"start":{"line":82,"column":2},"end":{"line":86,"column":1}},"locations":[{"start":{"line":82,"column":2},"end":{"line":86,"column":1}}]},"10":{"type":"branch","line":55,"loc":{"start":{"line":55,"column":17},"end":{"line":79,"column":5}},"locations":[{"start":{"line":55,"column":17},"end":{"line":79,"column":5}}]},"11":{"type":"branch","line":62,"loc":{"start":{"line":62,"column":33},"end":{"line":67,"column":13}},"locations":[{"start":{"line":62,"column":33},"end":{"line":67,"column":13}}]},"12":{"type":"branch","line":63,"loc":{"start":{"line":63,"column":43},"end":{"line":66,"column":9}},"locations":[{"start":{"line":63,"column":43},"end":{"line":66,"column":9}}]},"13":{"type":"branch","line":67,"loc":{"start":{"line":67,"column":6},"end":{"line":78,"column":7}},"locations":[{"start":{"line":67,"column":6},"end":{"line":78,"column":7}}]},"14":{"type":"branch","line":68,"loc":{"start":{"line":68,"column":36},"end":{"line":68,"column":66}},"locations":[{"start":{"line":68,"column":36},"end":{"line":68,"column":66}}]},"15":{"type":"branch","line":68,"loc":{"start":{"line":68,"column":54},"end":{"line":68,"column":71}},"locations":[{"start":{"line":68,"column":54},"end":{"line":68,"column":71}}]},"16":{"type":"branch","line":68,"loc":{"start":{"line":68,"column":66},"end":{"line":68,"column":85}},"locations":[{"start":{"line":68,"column":66},"end":{"line":68,"column":85}}]},"17":{"type":"branch","line":69,"loc":{"start":{"line":69,"column":49},"end":{"line":73,"column":15}},"locations":[{"start":{"line":69,"column":49},"end":{"line":73,"column":15}}]},"18":{"type":"branch","line":70,"loc":{"start":{"line":70,"column":61},"end":{"line":72,"column":11}},"locations":[{"start":{"line":70,"column":61},"end":{"line":72,"column":11}}]},"19":{"type":"branch","line":73,"loc":{"start":{"line":73,"column":8},"end":{"line":77,"column":9}},"locations":[{"start":{"line":73,"column":8},"end":{"line":77,"column":9}}]},"20":{"type":"branch","line":109,"loc":{"start":{"line":109,"column":0},"end":{"line":176,"column":1}},"locations":[{"start":{"line":109,"column":0},"end":{"line":176,"column":1}}]},"21":{"type":"branch","line":110,"loc":{"start":{"line":110,"column":9},"end":{"line":175,"column":4}},"locations":[{"start":{"line":110,"column":9},"end":{"line":175,"column":4}}]},"22":{"type":"branch","line":114,"loc":{"start":{"line":114,"column":28},"end":{"line":169,"column":5}},"locations":[{"start":{"line":114,"column":28},"end":{"line":169,"column":5}}]},"23":{"type":"branch","line":115,"loc":{"start":{"line":115,"column":30},"end":{"line":117,"column":17}},"locations":[{"start":{"line":115,"column":30},"end":{"line":117,"column":17}}]},"24":{"type":"branch","line":117,"loc":{"start":{"line":117,"column":6},"end":{"line":168,"column":7}},"locations":[{"start":{"line":117,"column":6},"end":{"line":168,"column":7}}]},"25":{"type":"branch","line":117,"loc":{"start":{"line":117,"column":32},"end":{"line":117,"column":60}},"locations":[{"start":{"line":117,"column":32},"end":{"line":117,"column":60}}]},"26":{"type":"branch","line":117,"loc":{"start":{"line":117,"column":52},"end":{"line":117,"column":84}},"locations":[{"start":{"line":117,"column":52},"end":{"line":117,"column":84}}]},"27":{"type":"branch","line":117,"loc":{"start":{"line":117,"column":84},"end":{"line":166,"column":13}},"locations":[{"start":{"line":117,"column":84},"end":{"line":166,"column":13}}]},"28":{"type":"branch","line":119,"loc":{"start":{"line":119,"column":31},"end":{"line":165,"column":9}},"locations":[{"start":{"line":119,"column":31},"end":{"line":165,"column":9}}]},"29":{"type":"branch","line":121,"loc":{"start":{"line":121,"column":29},"end":{"line":124,"column":11}},"locations":[{"start":{"line":121,"column":29},"end":{"line":124,"column":11}}]},"30":{"type":"branch","line":124,"loc":{"start":{"line":124,"column":10},"end":{"line":125,"column":36}},"locations":[{"start":{"line":124,"column":10},"end":{"line":125,"column":36}}]},"31":{"type":"branch","line":125,"loc":{"start":{"line":125,"column":36},"end":{"line":128,"column":21}},"locations":[{"start":{"line":125,"column":36},"end":{"line":128,"column":21}}]},"32":{"type":"branch","line":128,"loc":{"start":{"line":128,"column":10},"end":{"line":164,"column":11}},"locations":[{"start":{"line":128,"column":10},"end":{"line":164,"column":11}}]},"33":{"type":"branch","line":128,"loc":{"start":{"line":128,"column":42},"end":{"line":131,"column":21}},"locations":[{"start":{"line":128,"column":42},"end":{"line":131,"column":21}}]},"34":{"type":"branch","line":131,"loc":{"start":{"line":131,"column":10},"end":{"line":164,"column":11}},"locations":[{"start":{"line":131,"column":10},"end":{"line":164,"column":11}}]},"35":{"type":"branch","line":131,"loc":{"start":{"line":131,"column":38},"end":{"line":146,"column":17}},"locations":[{"start":{"line":131,"column":38},"end":{"line":146,"column":17}}]},"36":{"type":"branch","line":133,"loc":{"start":{"line":133,"column":43},"end":{"line":142,"column":19}},"locations":[{"start":{"line":133,"column":43},"end":{"line":142,"column":19}}]},"37":{"type":"branch","line":136,"loc":{"start":{"line":136,"column":30},"end":{"line":141,"column":15}},"locations":[{"start":{"line":136,"column":30},"end":{"line":141,"column":15}}]},"38":{"type":"branch","line":136,"loc":{"start":{"line":136,"column":30},"end":{"line":138,"column":21}},"locations":[{"start":{"line":136,"column":30},"end":{"line":138,"column":21}}]},"39":{"type":"branch","line":138,"loc":{"start":{"line":138,"column":14},"end":{"line":141,"column":15}},"locations":[{"start":{"line":138,"column":14},"end":{"line":141,"column":15}}]},"40":{"type":"branch","line":142,"loc":{"start":{"line":142,"column":12},"end":{"line":145,"column":13}},"locations":[{"start":{"line":142,"column":12},"end":{"line":145,"column":13}}]},"41":{"type":"branch","line":146,"loc":{"start":{"line":146,"column":10},"end":{"line":164,"column":11}},"locations":[{"start":{"line":146,"column":10},"end":{"line":164,"column":11}}]},"42":{"type":"branch","line":148,"loc":{"start":{"line":148,"column":45},"end":{"line":150,"column":19}},"locations":[{"start":{"line":148,"column":45},"end":{"line":150,"column":19}}]},"43":{"type":"branch","line":150,"loc":{"start":{"line":150,"column":12},"end":{"line":163,"column":13}},"locations":[{"start":{"line":150,"column":12},"end":{"line":163,"column":13}}]},"44":{"type":"branch","line":155,"loc":{"start":{"line":155,"column":40},"end":{"line":155,"column":80}},"locations":[{"start":{"line":155,"column":40},"end":{"line":155,"column":80}}]},"45":{"type":"branch","line":155,"loc":{"start":{"line":155,"column":80},"end":{"line":160,"column":15}},"locations":[{"start":{"line":155,"column":80},"end":{"line":160,"column":15}}]},"46":{"type":"branch","line":160,"loc":{"start":{"line":160,"column":14},"end":{"line":163,"column":13}},"locations":[{"start":{"line":160,"column":14},"end":{"line":163,"column":13}}]},"47":{"type":"branch","line":165,"loc":{"start":{"line":165,"column":8},"end":{"line":166,"column":13}},"locations":[{"start":{"line":165,"column":8},"end":{"line":166,"column":13}}]},"48":{"type":"branch","line":166,"loc":{"start":{"line":166,"column":6},"end":{"line":168,"column":7}},"locations":[{"start":{"line":166,"column":6},"end":{"line":168,"column":7}}]},"49":{"type":"branch","line":169,"loc":{"start":{"line":169,"column":4},"end":{"line":171,"column":13}},"locations":[{"start":{"line":169,"column":4},"end":{"line":171,"column":13}}]},"50":{"type":"branch","line":171,"loc":{"start":{"line":171,"column":13},"end":{"line":173,"column":5}},"locations":[{"start":{"line":171,"column":13},"end":{"line":173,"column":5}}]},"51":{"type":"branch","line":173,"loc":{"start":{"line":173,"column":4},"end":{"line":174,"column":14}},"locations":[{"start":{"line":173,"column":4},"end":{"line":174,"column":14}}]},"52":{"type":"branch","line":116,"loc":{"start":{"line":116,"column":20},"end":{"line":116,"column":64}},"locations":[{"start":{"line":116,"column":20},"end":{"line":116,"column":64}}]},"53":{"type":"branch","line":135,"loc":{"start":{"line":135,"column":59},"end":{"line":135,"column":87}},"locations":[{"start":{"line":135,"column":59},"end":{"line":135,"column":87}}]},"54":{"type":"branch","line":213,"loc":{"start":{"line":213,"column":2},"end":{"line":258,"column":3}},"locations":[{"start":{"line":213,"column":2},"end":{"line":258,"column":3}}]},"55":{"type":"branch","line":214,"loc":{"start":{"line":214,"column":34},"end":{"line":214,"column":51}},"locations":[{"start":{"line":214,"column":34},"end":{"line":214,"column":51}}]},"56":{"type":"branch","line":214,"loc":{"start":{"line":214,"column":41},"end":{"line":217,"column":30}},"locations":[{"start":{"line":214,"column":41},"end":{"line":217,"column":30}}]},"57":{"type":"branch","line":217,"loc":{"start":{"line":217,"column":30},"end":{"line":234,"column":5}},"locations":[{"start":{"line":217,"column":30},"end":{"line":234,"column":5}}]},"58":{"type":"branch","line":234,"loc":{"start":{"line":234,"column":4},"end":{"line":237,"column":36}},"locations":[{"start":{"line":234,"column":4},"end":{"line":237,"column":36}}]},"59":{"type":"branch","line":237,"loc":{"start":{"line":237,"column":36},"end":{"line":239,"column":5}},"locations":[{"start":{"line":237,"column":36},"end":{"line":239,"column":5}}]},"60":{"type":"branch","line":239,"loc":{"start":{"line":239,"column":4},"end":{"line":242,"column":34}},"locations":[{"start":{"line":239,"column":4},"end":{"line":242,"column":34}}]},"61":{"type":"branch","line":242,"loc":{"start":{"line":242,"column":34},"end":{"line":247,"column":5}},"locations":[{"start":{"line":242,"column":34},"end":{"line":247,"column":5}}]},"62":{"type":"branch","line":247,"loc":{"start":{"line":247,"column":4},"end":{"line":250,"column":39}},"locations":[{"start":{"line":247,"column":4},"end":{"line":250,"column":39}}]},"63":{"type":"branch","line":250,"loc":{"start":{"line":250,"column":39},"end":{"line":255,"column":5}},"locations":[{"start":{"line":250,"column":39},"end":{"line":255,"column":5}}]},"64":{"type":"branch","line":255,"loc":{"start":{"line":255,"column":4},"end":{"line":257,"column":29}},"locations":[{"start":{"line":255,"column":4},"end":{"line":257,"column":29}}]},"65":{"type":"branch","line":219,"loc":{"start":{"line":219,"column":8},"end":{"line":232,"column":9}},"locations":[{"start":{"line":219,"column":8},"end":{"line":232,"column":9}}]},"66":{"type":"branch","line":220,"loc":{"start":{"line":220,"column":49},"end":{"line":220,"column":66}},"locations":[{"start":{"line":220,"column":49},"end":{"line":220,"column":66}}]},"67":{"type":"branch","line":220,"loc":{"start":{"line":220,"column":56},"end":{"line":221,"column":51}},"locations":[{"start":{"line":220,"column":56},"end":{"line":221,"column":51}}]},"68":{"type":"branch","line":221,"loc":{"start":{"line":221,"column":51},"end":{"line":223,"column":11}},"locations":[{"start":{"line":221,"column":51},"end":{"line":223,"column":11}}]},"69":{"type":"branch","line":223,"loc":{"start":{"line":223,"column":10},"end":{"line":224,"column":51}},"locations":[{"start":{"line":223,"column":10},"end":{"line":224,"column":51}}]},"70":{"type":"branch","line":224,"loc":{"start":{"line":224,"column":46},"end":{"line":224,"column":90}},"locations":[{"start":{"line":224,"column":46},"end":{"line":224,"column":90}}]},"71":{"type":"branch","line":224,"loc":{"start":{"line":224,"column":90},"end":{"line":230,"column":11}},"locations":[{"start":{"line":224,"column":90},"end":{"line":230,"column":11}}]},"72":{"type":"branch","line":230,"loc":{"start":{"line":230,"column":10},"end":{"line":231,"column":149}},"locations":[{"start":{"line":230,"column":10},"end":{"line":231,"column":149}}]}},"b":{"0":[25],"1":[5],"2":[20],"3":[6],"4":[2],"5":[4],"6":[3],"7":[1],"8":[3],"9":[14],"10":[15],"11":[4],"12":[2],"13":[11],"14":[9],"15":[3],"16":[8],"17":[10],"18":[6],"19":[1],"20":[62],"21":[62],"22":[55],"23":[1],"24":[54],"25":[34],"26":[34],"27":[32],"28":[58],"29":[8],"30":[50],"31":[1],"32":[49],"33":[2],"34":[47],"35":[24],"36":[23],"37":[22],"38":[15],"39":[8],"40":[1],"41":[23],"42":[1],"43":[22],"44":[3],"45":[2],"46":[20],"47":[30],"48":[22],"49":[60],"50":[8],"51":[60],"52":[3],"53":[80],"54":[78],"55":[1],"56":[77],"57":[7],"58":[70],"59":[2],"60":[68],"61":[7],"62":[61],"63":[3],"64":[58],"65":[7],"66":[1],"67":[6],"68":[1],"69":[5],"70":[2],"71":[4],"72":[1]},"fnMap":{"0":{"name":"processChild","decl":{"start":{"line":34,"column":0},"end":{"line":86,"column":1}},"loc":{"start":{"line":34,"column":0},"end":{"line":86,"column":1}},"line":34},"1":{"name":"hyperscript","decl":{"start":{"line":109,"column":0},"end":{"line":176,"column":1}},"loc":{"start":{"line":109,"column":0},"end":{"line":176,"column":1}},"line":109},"2":{"name":"get","decl":{"start":{"line":213,"column":2},"end":{"line":258,"column":3}},"loc":{"start":{"line":213,"column":2},"end":{"line":258,"column":3}},"line":213},"3":{"name":"get","decl":{"start":{"line":219,"column":8},"end":{"line":232,"column":9}},"loc":{"start":{"line":219,"column":8},"end":{"line":232,"column":9}},"line":219}},"f":{"0":25,"1":62,"2":78,"3":7}}
,"/home/runner/work/aided/aided/packages/core/src/components/For.ts": {"path":"/home/runner/work/aided/aided/packages/core/src/components/For.ts","all":false,"statementMap":{"0":{"start":{"line":1,"column":0},"end":{"line":1,"column":52}},"1":{"start":{"line":2,"column":0},"end":{"line":2,"column":63}},"2":{"start":{"line":3,"column":0},"end":{"line":3,"column":52}},"3":{"start":{"line":4,"column":0},"end":{"line":4,"column":38}},"4":{"start":{"line":5,"column":0},"end":{"line":5,"column":63}},"54":{"start":{"line":55,"column":0},"end":{"line":55,"column":50}},"55":{"start":{"line":56,"column":0},"end":{"line":56,"column":40}},"56":{"start":{"line":57,"column":0},"end":{"line":57,"column":54}},"58":{"start":{"line":59,"column":0},"end":{"line":59,"column":48}},"59":{"start":{"line":60,"column":0},"end":{"line":60,"column":35}},"63":{"start":{"line":64,"column":0},"end":{"line":64,"column":50}},"65":{"start":{"line":66,"column":0},"end":{"line":66,"column":22}},"66":{"start":{"line":67,"column":0},"end":{"line":67,"column":28}},"68":{"start":{"line":69,"column":0},"end":{"line":69,"column":57}},"69":{"start":{"line":70,"column":0},"end":{"line":70,"column":41}},"72":{"start":{"line":73,"column":0},"end":{"line":73,"column":15}},"73":{"start":{"line":74,"column":0},"end":{"line":74,"column":81}},"74":{"start":{"line":75,"column":0},"end":{"line":75,"column":167}},"75":{"start":{"line":76,"column":0},"end":{"line":76,"column":6}},"78":{"start":{"line":79,"column":0},"end":{"line":79,"column":47}},"79":{"start":{"line":80,"column":0},"end":{"line":80,"column":35}},"80":{"start":{"line":81,"column":0},"end":{"line":81,"column":56}},"81":{"start":{"line":82,"column":0},"end":{"line":82,"column":48}},"83":{"start":{"line":84,"column":0},"end":{"line":84,"column":24}},"87":{"start":{"line":88,"column":0},"end":{"line":88,"column":72}},"88":{"start":{"line":89,"column":0},"end":{"line":89,"column":39}},"89":{"start":{"line":90,"column":0},"end":{"line":90,"column":43}},"93":{"start":{"line":94,"column":0},"end":{"line":94,"column":43}},"94":{"start":{"line":95,"column":0},"end":{"line":95,"column":69}},"95":{"start":{"line":96,"column":0},"end":{"line":96,"column":64}},"97":{"start":{"line":98,"column":0},"end":{"line":98,"column":36}},"98":{"start":{"line":99,"column":0},"end":{"line":99,"column":36}},"99":{"start":{"line":100,"column":0},"end":{"line":100,"column":51}},"102":{"start":{"line":103,"column":0},"end":{"line":103,"column":27}},"104":{"start":{"line":105,"column":0},"end":{"line":105,"column":42}},"105":{"start":{"line":106,"column":0},"end":{"line":106,"column":28}},"106":{"start":{"line":107,"column":0},"end":{"line":107,"column":42}},"108":{"start":{"line":109,"column":0},"end":{"line":109,"column":48}},"109":{"start":{"line":110,"column":0},"end":{"line":110,"column":13}},"110":{"start":{"line":111,"column":0},"end":{"line":111,"column":13}},"111":{"start":{"line":112,"column":0},"end":{"line":112,"column":11}},"117":{"start":{"line":118,"column":0},"end":{"line":118,"column":77}},"118":{"start":{"line":119,"column":0},"end":{"line":119,"column":21}},"119":{"start":{"line":120,"column":0},"end":{"line":120,"column":56}},"120":{"start":{"line":121,"column":0},"end":{"line":121,"column":9}},"124":{"start":{"line":125,"column":0},"end":{"line":125,"column":22}},"125":{"start":{"line":126,"column":0},"end":{"line":126,"column":85}},"126":{"start":{"line":127,"column":0},"end":{"line":127,"column":29}},"127":{"start":{"line":128,"column":0},"end":{"line":128,"column":87}},"128":{"start":{"line":129,"column":0},"end":{"line":129,"column":84}},"129":{"start":{"line":130,"column":0},"end":{"line":130,"column":10}},"130":{"start":{"line":131,"column":0},"end":{"line":131,"column":14}},"132":{"start":{"line":133,"column":0},"end":{"line":133,"column":39}},"133":{"start":{"line":134,"column":0},"end":{"line":134,"column":31}},"134":{"start":{"line":135,"column":0},"end":{"line":135,"column":7}},"135":{"start":{"line":136,"column":0},"end":{"line":136,"column":46}},"136":{"start":{"line":137,"column":0},"end":{"line":137,"column":5}},"139":{"start":{"line":140,"column":0},"end":{"line":140,"column":58}},"140":{"start":{"line":141,"column":0},"end":{"line":141,"column":41}},"141":{"start":{"line":142,"column":0},"end":{"line":142,"column":74}},"142":{"start":{"line":143,"column":0},"end":{"line":143,"column":7}},"143":{"start":{"line":144,"column":0},"end":{"line":144,"column":5}},"147":{"start":{"line":148,"column":0},"end":{"line":148,"column":30}},"148":{"start":{"line":149,"column":0},"end":{"line":149,"column":96}},"150":{"start":{"line":151,"column":0},"end":{"line":151,"column":31}},"151":{"start":{"line":152,"column":0},"end":{"line":152,"column":72}},"152":{"start":{"line":153,"column":0},"end":{"line":153,"column":86}},"153":{"start":{"line":154,"column":0},"end":{"line":154,"column":44}},"155":{"start":{"line":156,"column":0},"end":{"line":156,"column":57}},"156":{"start":{"line":157,"column":0},"end":{"line":157,"column":87}},"158":{"start":{"line":159,"column":0},"end":{"line":159,"column":31}},"159":{"start":{"line":160,"column":0},"end":{"line":160,"column":40}},"161":{"start":{"line":162,"column":0},"end":{"line":162,"column":54}},"162":{"start":{"line":163,"column":0},"end":{"line":163,"column":33}},"163":{"start":{"line":164,"column":0},"end":{"line":164,"column":35}},"165":{"start":{"line":166,"column":0},"end":{"line":166,"column":42}},"166":{"start":{"line":167,"column":0},"end":{"line":167,"column":47}},"168":{"start":{"line":169,"column":0},"end":{"line":169,"column":42}},"169":{"start":{"line":170,"column":0},"end":{"line":170,"column":16}},"171":{"start":{"line":172,"column":0},"end":{"line":172,"column":16}},"172":{"start":{"line":173,"column":0},"end":{"line":173,"column":9}},"173":{"start":{"line":174,"column":0},"end":{"line":174,"column":20}},"174":{"start":{"line":175,"column":0},"end":{"line":175,"column":7}},"175":{"start":{"line":176,"column":0},"end":{"line":176,"column":5}},"178":{"start":{"line":179,"column":0},"end":{"line":179,"column":33}},"179":{"start":{"line":180,"column":0},"end":{"line":180,"column":5}},"181":{"start":{"line":182,"column":0},"end":{"line":182,"column":19}},"182":{"start":{"line":183,"column":0},"end":{"line":183,"column":1}}},"s":{"0":1,"1":1,"2":1,"3":1,"4":1,"54":1,"55":20,"56":20,"58":20,"59":20,"63":20,"65":20,"66":38,"68":38,"69":38,"72":38,"73":38,"74":38,"75":38,"78":38,"79":144,"80":144,"81":144,"83":144,"87":114,"88":114,"89":114,"93":114,"94":114,"95":114,"97":114,"98":114,"99":114,"102":114,"104":33,"105":24,"106":33,"108":1,"109":1,"110":114,"111":114,"117":114,"118":8,"119":8,"120":8,"124":106,"125":106,"126":106,"127":106,"128":106,"129":106,"130":144,"132":30,"133":30,"134":30,"135":136,"136":136,"139":38,"140":55,"141":25,"142":25,"143":55,"147":38,"148":31,"150":31,"151":31,"152":31,"153":31,"155":31,"156":31,"158":31,"159":31,"161":31,"162":136,"163":136,"165":106,"166":136,"168":6,"169":30,"171":24,"172":24,"173":136,"174":136,"175":31,"178":38,"179":20,"181":20,"182":20},"branchMap":{"0":{"type":"branch","line":55,"loc":{"start":{"line":55,"column":7},"end":{"line":183,"column":1}},"locations":[{"start":{"line":55,"column":7},"end":{"line":183,"column":1}}]},"1":{"type":"branch","line":66,"loc":{"start":{"line":66,"column":15},"end":{"line":180,"column":3}},"locations":[{"start":{"line":66,"column":15},"end":{"line":180,"column":3}}]},"2":{"type":"branch","line":74,"loc":{"start":{"line":74,"column":8},"end":{"line":74,"column":81}},"locations":[{"start":{"line":74,"column":8},"end":{"line":74,"column":81}}]},"3":{"type":"branch","line":79,"loc":{"start":{"line":79,"column":46},"end":{"line":140,"column":57}},"locations":[{"start":{"line":79,"column":46},"end":{"line":140,"column":57}}]},"4":{"type":"branch","line":81,"loc":{"start":{"line":81,"column":22},"end":{"line":81,"column":47}},"locations":[{"start":{"line":81,"column":22},"end":{"line":81,"column":47}}]},"5":{"type":"branch","line":81,"loc":{"start":{"line":81,"column":43},"end":{"line":81,"column":56}},"locations":[{"start":{"line":81,"column":43},"end":{"line":81,"column":56}}]},"6":{"type":"branch","line":84,"loc":{"start":{"line":84,"column":23},"end":{"line":131,"column":13}},"locations":[{"start":{"line":84,"column":23},"end":{"line":131,"column":13}}]},"7":{"type":"branch","line":118,"loc":{"start":{"line":118,"column":26},"end":{"line":121,"column":9}},"locations":[{"start":{"line":118,"column":26},"end":{"line":121,"column":9}}]},"8":{"type":"branch","line":121,"loc":{"start":{"line":121,"column":8},"end":{"line":131,"column":13}},"locations":[{"start":{"line":121,"column":8},"end":{"line":131,"column":13}}]},"9":{"type":"branch","line":131,"loc":{"start":{"line":131,"column":6},"end":{"line":135,"column":7}},"locations":[{"start":{"line":131,"column":6},"end":{"line":135,"column":7}}]},"10":{"type":"branch","line":135,"loc":{"start":{"line":135,"column":6},"end":{"line":137,"column":5}},"locations":[{"start":{"line":135,"column":6},"end":{"line":137,"column":5}}]},"11":{"type":"branch","line":140,"loc":{"start":{"line":140,"column":57},"end":{"line":144,"column":5}},"locations":[{"start":{"line":140,"column":57},"end":{"line":144,"column":5}}]},"12":{"type":"branch","line":141,"loc":{"start":{"line":141,"column":40},"end":{"line":143,"column":7}},"locations":[{"start":{"line":141,"column":40},"end":{"line":143,"column":7}}]},"13":{"type":"branch","line":148,"loc":{"start":{"line":148,"column":29},"end":{"line":176,"column":5}},"locations":[{"start":{"line":148,"column":29},"end":{"line":176,"column":5}}]},"14":{"type":"branch","line":162,"loc":{"start":{"line":162,"column":53},"end":{"line":175,"column":7}},"locations":[{"start":{"line":162,"column":53},"end":{"line":175,"column":7}}]},"15":{"type":"branch","line":164,"loc":{"start":{"line":164,"column":34},"end":{"line":167,"column":19}},"locations":[{"start":{"line":164,"column":34},"end":{"line":167,"column":19}}]},"16":{"type":"branch","line":167,"loc":{"start":{"line":167,"column":8},"end":{"line":173,"column":9}},"locations":[{"start":{"line":167,"column":8},"end":{"line":173,"column":9}}]},"17":{"type":"branch","line":167,"loc":{"start":{"line":167,"column":25},"end":{"line":167,"column":46}},"locations":[{"start":{"line":167,"column":25},"end":{"line":167,"column":46}}]},"18":{"type":"branch","line":167,"loc":{"start":{"line":167,"column":46},"end":{"line":170,"column":15}},"locations":[{"start":{"line":167,"column":46},"end":{"line":170,"column":15}}]},"19":{"type":"branch","line":170,"loc":{"start":{"line":170,"column":8},"end":{"line":173,"column":9}},"locations":[{"start":{"line":170,"column":8},"end":{"line":173,"column":9}}]},"20":{"type":"branch","line":74,"loc":{"start":{"line":74,"column":30},"end":{"line":74,"column":79}},"locations":[{"start":{"line":74,"column":30},"end":{"line":74,"column":79}}]},"21":{"type":"branch","line":74,"loc":{"start":{"line":74,"column":54},"end":{"line":74,"column":79}},"locations":[{"start":{"line":74,"column":54},"end":{"line":74,"column":79}}]},"22":{"type":"branch","line":94,"loc":{"start":{"line":94,"column":36},"end":{"line":112,"column":9}},"locations":[{"start":{"line":94,"column":36},"end":{"line":112,"column":9}}]},"23":{"type":"branch","line":103,"loc":{"start":{"line":103,"column":20},"end":{"line":111,"column":11}},"locations":[{"start":{"line":103,"column":20},"end":{"line":111,"column":11}}]},"24":{"type":"branch","line":105,"loc":{"start":{"line":105,"column":41},"end":{"line":107,"column":23}},"locations":[{"start":{"line":105,"column":41},"end":{"line":107,"column":23}}]},"25":{"type":"branch","line":107,"loc":{"start":{"line":107,"column":12},"end":{"line":110,"column":13}},"locations":[{"start":{"line":107,"column":12},"end":{"line":110,"column":13}}]},"26":{"type":"branch","line":107,"loc":{"start":{"line":107,"column":23},"end":{"line":107,"column":41}},"locations":[{"start":{"line":107,"column":23},"end":{"line":107,"column":41}}]},"27":{"type":"branch","line":107,"loc":{"start":{"line":107,"column":41},"end":{"line":110,"column":13}},"locations":[{"start":{"line":107,"column":41},"end":{"line":110,"column":13}}]},"28":{"type":"branch","line":149,"loc":{"start":{"line":149,"column":66},"end":{"line":149,"column":93}},"locations":[{"start":{"line":149,"column":66},"end":{"line":149,"column":93}}]},"29":{"type":"branch","line":152,"loc":{"start":{"line":152,"column":13},"end":{"line":152,"column":71}},"locations":[{"start":{"line":152,"column":13},"end":{"line":152,"column":71}}]},"30":{"type":"branch","line":152,"loc":{"start":{"line":152,"column":45},"end":{"line":152,"column":66}},"locations":[{"start":{"line":152,"column":45},"end":{"line":152,"column":66}}]},"31":{"type":"branch","line":152,"loc":{"start":{"line":152,"column":62},"end":{"line":152,"column":70}},"locations":[{"start":{"line":152,"column":62},"end":{"line":152,"column":70}}]},"32":{"type":"branch","line":153,"loc":{"start":{"line":153,"column":16},"end":{"line":153,"column":85}},"locations":[{"start":{"line":153,"column":16},"end":{"line":153,"column":85}}]},"33":{"type":"branch","line":154,"loc":{"start":{"line":154,"column":13},"end":{"line":154,"column":42}},"locations":[{"start":{"line":154,"column":13},"end":{"line":154,"column":42}}]},"34":{"type":"branch","line":156,"loc":{"start":{"line":156,"column":31},"end":{"line":156,"column":55}},"locations":[{"start":{"line":156,"column":31},"end":{"line":156,"column":55}}]},"35":{"type":"branch","line":157,"loc":{"start":{"line":157,"column":55},"end":{"line":157,"column":84}},"locations":[{"start":{"line":157,"column":55},"end":{"line":157,"column":84}}]},"36":{"type":"branch","line":157,"loc":{"start":{"line":157,"column":66},"end":{"line":157,"column":83}},"locations":[{"start":{"line":157,"column":66},"end":{"line":157,"column":83}}]},"37":{"type":"branch","line":157,"loc":{"start":{"line":157,"column":78},"end":{"line":157,"column":84}},"locations":[{"start":{"line":157,"column":78},"end":{"line":157,"column":84}}]}},"b":{"0":[20],"1":[38],"2":[14],"3":[144],"4":[112],"5":[32],"6":[114],"7":[8],"8":[106],"9":[30],"10":[136],"11":[55],"12":[25],"13":[31],"14":[136],"15":[106],"16":[30],"17":[24],"18":[6],"19":[24],"20":[20],"21":[12],"22":[114],"23":[33],"24":[24],"25":[9],"26":[1],"27":[1],"28":[55],"29":[144],"30":[112],"31":[32],"32":[144],"33":[136],"34":[136],"35":[136],"36":[106],"37":[30]},"fnMap":{"0":{"name":"For","decl":{"start":{"line":55,"column":7},"end":{"line":183,"column":1}},"loc":{"start":{"line":55,"column":7},"end":{"line":183,"column":1}},"line":55}},"f":{"0":20}}
,"/home/runner/work/aided/aided/packages/core/src/components/Fragment.ts": {"path":"/home/runner/work/aided/aided/packages/core/src/components/Fragment.ts","all":false,"statementMap":{"6":{"start":{"line":7,"column":0},"end":{"line":7,"column":73}},"7":{"start":{"line":8,"column":0},"end":{"line":8,"column":53}},"9":{"start":{"line":10,"column":0},"end":{"line":10,"column":37}},"10":{"start":{"line":11,"column":0},"end":{"line":11,"column":18}},"11":{"start":{"line":12,"column":0},"end":{"line":12,"column":1}}},"s":{"6":1,"7":1,"9":1,"10":1,"11":1},"branchMap":{"0":{"type":"branch","line":7,"loc":{"start":{"line":7,"column":7},"end":{"line":12,"column":1}},"locations":[{"start":{"line":7,"column":7},"end":{"line":12,"column":1}}]}},"b":{"0":[1]},"fnMap":{"0":{"name":"Fragment","decl":{"start":{"line":7,"column":7},"end":{"line":12,"column":1}},"loc":{"start":{"line":7,"column":7},"end":{"line":12,"column":1}},"line":7}},"f":{"0":1}}
,"/home/runner/work/aided/aided/packages/core/src/components/Portal.ts": {"path":"/home/runner/work/aided/aided/packages/core/src/components/Portal.ts","all":false,"statementMap":{"0":{"start":{"line":1,"column":0},"end":{"line":1,"column":51}},"8":{"start":{"line":9,"column":0},"end":{"line":9,"column":76}},"9":{"start":{"line":10,"column":0},"end":{"line":10,"column":36}},"10":{"start":{"line":11,"column":0},"end":{"line":11,"column":55}},"15":{"start":{"line":16,"column":0},"end":{"line":16,"column":52}},"16":{"start":{"line":17,"column":0},"end":{"line":17,"column":37}},"17":{"start":{"line":18,"column":0},"end":{"line":18,"column":17}},"19":{"start":{"line":20,"column":0},"end":{"line":20,"column":49}},"23":{"start":{"line":24,"column":0},"end":{"line":24,"column":19}},"24":{"start":{"line":25,"column":0},"end":{"line":25,"column":27}},"25":{"start":{"line":26,"column":0},"end":{"line":26,"column":38}},"26":{"start":{"line":27,"column":0},"end":{"line":27,"column":32}},"27":{"start":{"line":28,"column":0},"end":{"line":28,"column":7}},"28":{"start":{"line":29,"column":0},"end":{"line":29,"column":7}},"29":{"start":{"line":30,"column":0},"end":{"line":30,"column":5}},"31":{"start":{"line":32,"column":0},"end":{"line":32,"column":21}},"32":{"start":{"line":33,"column":0},"end":{"line":33,"column":1}}},"s":{"0":1,"8":1,"9":3,"10":3,"15":3,"16":1,"17":2,"19":3,"23":3,"24":3,"25":4,"26":4,"27":4,"28":3,"29":3,"31":3,"32":3},"branchMap":{"0":{"type":"branch","line":9,"loc":{"start":{"line":9,"column":7},"end":{"line":33,"column":1}},"locations":[{"start":{"line":9,"column":7},"end":{"line":33,"column":1}}]},"1":{"type":"branch","line":16,"loc":{"start":{"line":16,"column":36},"end":{"line":17,"column":37}},"locations":[{"start":{"line":16,"column":36},"end":{"line":17,"column":37}}]},"2":{"type":"branch","line":17,"loc":{"start":{"line":17,"column":36},"end":{"line":18,"column":17}},"locations":[{"start":{"line":17,"column":36},"end":{"line":18,"column":17}}]},"3":{"type":"branch","line":20,"loc":{"start":{"line":20,"column":16},"end":{"line":20,"column":47}},"locations":[{"start":{"line":20,"column":16},"end":{"line":20,"column":47}}]},"4":{"type":"branch","line":24,"loc":{"start":{"line":24,"column":12},"end":{"line":30,"column":3}},"locations":[{"start":{"line":24,"column":12},"end":{"line":30,"column":3}}]},"5":{"type":"branch","line":25,"loc":{"start":{"line":25,"column":18},"end":{"line":29,"column":5}},"locations":[{"start":{"line":25,"column":18},"end":{"line":29,"column":5}}]}},"b":{"0":[3],"1":[1],"2":[2],"3":[4],"4":[3],"5":[4]},"fnMap":{"0":{"name":"Portal","decl":{"start":{"line":9,"column":7},"end":{"line":33,"column":1}},"loc":{"start":{"line":9,"column":7},"end":{"line":33,"column":1}},"line":9}},"f":{"0":3}}
,"/home/runner/work/aided/aided/packages/core/src/components/Show.ts": {"path":"/home/runner/work/aided/aided/packages/core/src/components/Show.ts","all":false,"statementMap":{"0":{"start":{"line":1,"column":0},"end":{"line":1,"column":52}},"1":{"start":{"line":2,"column":0},"end":{"line":2,"column":63}},"39":{"start":{"line":40,"column":0},"end":{"line":40,"column":52}},"40":{"start":{"line":41,"column":0},"end":{"line":41,"column":45}},"41":{"start":{"line":42,"column":0},"end":{"line":42,"column":54}},"43":{"start":{"line":44,"column":0},"end":{"line":44,"column":48}},"44":{"start":{"line":45,"column":0},"end":{"line":45,"column":35}},"45":{"start":{"line":46,"column":0},"end":{"line":46,"column":46}},"47":{"start":{"line":48,"column":0},"end":{"line":48,"column":22}},"48":{"start":{"line":49,"column":0},"end":{"line":49,"column":31}},"51":{"start":{"line":52,"column":0},"end":{"line":52,"column":26}},"52":{"start":{"line":53,"column":0},"end":{"line":53,"column":24}},"54":{"start":{"line":55,"column":0},"end":{"line":55,"column":5}},"56":{"start":{"line":57,"column":0},"end":{"line":57,"column":53}},"57":{"start":{"line":58,"column":0},"end":{"line":58,"column":71}},"59":{"start":{"line":60,"column":0},"end":{"line":60,"column":19}},"61":{"start":{"line":62,"column":0},"end":{"line":62,"column":42}},"62":{"start":{"line":63,"column":0},"end":{"line":63,"column":35}},"64":{"start":{"line":65,"column":0},"end":{"line":65,"column":25}},"65":{"start":{"line":66,"column":0},"end":{"line":66,"column":58}},"66":{"start":{"line":67,"column":0},"end":{"line":67,"column":64}},"67":{"start":{"line":68,"column":0},"end":{"line":68,"column":11}},"68":{"start":{"line":69,"column":0},"end":{"line":69,"column":11}},"69":{"start":{"line":70,"column":0},"end":{"line":70,"column":9}},"70":{"start":{"line":71,"column":0},"end":{"line":71,"column":12}},"71":{"start":{"line":72,"column":0},"end":{"line":72,"column":29}},"72":{"start":{"line":73,"column":0},"end":{"line":73,"column":5}},"75":{"start":{"line":76,"column":0},"end":{"line":76,"column":24}},"76":{"start":{"line":77,"column":0},"end":{"line":77,"column":67}},"77":{"start":{"line":78,"column":0},"end":{"line":78,"column":5}},"78":{"start":{"line":79,"column":0},"end":{"line":79,"column":5}},"80":{"start":{"line":81,"column":0},"end":{"line":81,"column":19}},"81":{"start":{"line":82,"column":0},"end":{"line":82,"column":1}}},"s":{"0":1,"1":1,"39":1,"40":5,"41":5,"43":5,"44":5,"45":5,"47":5,"48":8,"51":8,"52":3,"54":3,"56":8,"57":8,"59":8,"61":7,"62":7,"64":7,"65":3,"66":3,"67":3,"68":7,"69":7,"70":8,"71":1,"72":1,"75":8,"76":7,"77":7,"78":5,"80":5,"81":5},"branchMap":{"0":{"type":"branch","line":40,"loc":{"start":{"line":40,"column":7},"end":{"line":82,"column":1}},"locations":[{"start":{"line":40,"column":7},"end":{"line":82,"column":1}}]},"1":{"type":"branch","line":48,"loc":{"start":{"line":48,"column":15},"end":{"line":79,"column":3}},"locations":[{"start":{"line":48,"column":15},"end":{"line":79,"column":3}}]},"2":{"type":"branch","line":52,"loc":{"start":{"line":52,"column":25},"end":{"line":55,"column":5}},"locations":[{"start":{"line":52,"column":25},"end":{"line":55,"column":5}}]},"3":{"type":"branch","line":57,"loc":{"start":{"line":57,"column":21},"end":{"line":57,"column":44}},"locations":[{"start":{"line":57,"column":21},"end":{"line":57,"column":44}}]},"4":{"type":"branch","line":57,"loc":{"start":{"line":57,"column":33},"end":{"line":57,"column":53}},"locations":[{"start":{"line":57,"column":33},"end":{"line":57,"column":53}}]},"5":{"type":"branch","line":60,"loc":{"start":{"line":60,"column":18},"end":{"line":71,"column":11}},"locations":[{"start":{"line":60,"column":18},"end":{"line":71,"column":11}}]},"6":{"type":"branch","line":71,"loc":{"start":{"line":71,"column":4},"end":{"line":73,"column":5}},"locations":[{"start":{"line":71,"column":4},"end":{"line":73,"column":5}}]},"7":{"type":"branch","line":76,"loc":{"start":{"line":76,"column":23},"end":{"line":78,"column":5}},"locations":[{"start":{"line":76,"column":23},"end":{"line":78,"column":5}}]},"8":{"type":"branch","line":62,"loc":{"start":{"line":62,"column":35},"end":{"line":70,"column":7}},"locations":[{"start":{"line":62,"column":35},"end":{"line":70,"column":7}}]},"9":{"type":"branch","line":65,"loc":{"start":{"line":65,"column":18},"end":{"line":69,"column":9}},"locations":[{"start":{"line":65,"column":18},"end":{"line":69,"column":9}}]}},"b":{"0":[5],"1":[8],"2":[3],"3":[4],"4":[4],"5":[7],"6":[1],"7":[7],"8":[7],"9":[3]},"fnMap":{"0":{"name":"Show","decl":{"start":{"line":40,"column":7},"end":{"line":82,"column":1}},"loc":{"start":{"line":40,"column":7},"end":{"line":82,"column":1}},"line":40}},"f":{"0":5}}
,"/home/runner/work/aided/aided/packages/core/src/components/VirtualFor.ts": {"path":"/home/runner/work/aided/aided/packages/core/src/components/VirtualFor.ts","all":false,"statementMap":{"0":{"start":{"line":1,"column":0},"end":{"line":1,"column":25}},"1":{"start":{"line":2,"column":0},"end":{"line":2,"column":28}},"2":{"start":{"line":3,"column":0},"end":{"line":3,"column":50}},"86":{"start":{"line":87,"column":0},"end":{"line":87,"column":71}},"87":{"start":{"line":88,"column":0},"end":{"line":88,"column":86}},"89":{"start":{"line":90,"column":0},"end":{"line":90,"column":41}},"90":{"start":{"line":91,"column":0},"end":{"line":91,"column":16}},"91":{"start":{"line":92,"column":0},"end":{"line":92,"column":15}},"92":{"start":{"line":93,"column":0},"end":{"line":93,"column":13}},"93":{"start":{"line":94,"column":0},"end":{"line":94,"column":5}},"96":{"start":{"line":97,"column":0},"end":{"line":97,"column":46}},"97":{"start":{"line":98,"column":0},"end":{"line":98,"column":50}},"98":{"start":{"line":99,"column":0},"end":{"line":99,"column":60}},"101":{"start":{"line":102,"column":0},"end":{"line":102,"column":49}},"102":{"start":{"line":103,"column":0},"end":{"line":103,"column":81}},"103":{"start":{"line":104,"column":0},"end":{"line":104,"column":4}},"106":{"start":{"line":107,"column":0},"end":{"line":107,"column":51}},"107":{"start":{"line":108,"column":0},"end":{"line":108,"column":34}},"108":{"start":{"line":109,"column":0},"end":{"line":109,"column":21}},"109":{"start":{"line":110,"column":0},"end":{"line":110,"column":17}},"110":{"start":{"line":111,"column":0},"end":{"line":111,"column":12}},"111":{"start":{"line":112,"column":0},"end":{"line":112,"column":23}},"112":{"start":{"line":113,"column":0},"end":{"line":113,"column":21}},"113":{"start":{"line":114,"column":0},"end":{"line":114,"column":21}},"114":{"start":{"line":115,"column":0},"end":{"line":115,"column":6}},"115":{"start":{"line":116,"column":0},"end":{"line":116,"column":4}},"118":{"start":{"line":119,"column":0},"end":{"line":119,"column":36}},"119":{"start":{"line":120,"column":0},"end":{"line":120,"column":43}},"120":{"start":{"line":121,"column":0},"end":{"line":121,"column":5}},"122":{"start":{"line":123,"column":0},"end":{"line":123,"column":42}},"124":{"start":{"line":125,"column":0},"end":{"line":125,"column":23}},"125":{"start":{"line":126,"column":0},"end":{"line":126,"column":12}},"126":{"start":{"line":127,"column":0},"end":{"line":127,"column":27}},"127":{"start":{"line":128,"column":0},"end":{"line":128,"column":53}},"128":{"start":{"line":129,"column":0},"end":{"line":129,"column":6}},"129":{"start":{"line":130,"column":0},"end":{"line":130,"column":5}},"131":{"start":{"line":132,"column":0},"end":{"line":132,"column":25}},"132":{"start":{"line":133,"column":0},"end":{"line":133,"column":12}},"133":{"start":{"line":134,"column":0},"end":{"line":134,"column":27}},"134":{"start":{"line":135,"column":0},"end":{"line":135,"column":15}},"135":{"start":{"line":136,"column":0},"end":{"line":136,"column":16}},"136":{"start":{"line":137,"column":0},"end":{"line":137,"column":20}},"137":{"start":{"line":138,"column":0},"end":{"line":138,"column":30}},"138":{"start":{"line":139,"column":0},"end":{"line":139,"column":24}},"139":{"start":{"line":140,"column":0},"end":{"line":140,"column":89}},"140":{"start":{"line":141,"column":0},"end":{"line":141,"column":6}},"141":{"start":{"line":142,"column":0},"end":{"line":142,"column":5}},"143":{"start":{"line":144,"column":0},"end":{"line":144,"column":29}},"144":{"start":{"line":145,"column":0},"end":{"line":145,"column":35}},"145":{"start":{"line":146,"column":0},"end":{"line":146,"column":30}},"146":{"start":{"line":147,"column":0},"end":{"line":147,"column":31}},"147":{"start":{"line":148,"column":0},"end":{"line":148,"column":30}},"150":{"start":{"line":151,"column":0},"end":{"line":151,"column":36}},"151":{"start":{"line":152,"column":0},"end":{"line":152,"column":76}},"152":{"start":{"line":153,"column":0},"end":{"line":153,"column":58}},"153":{"start":{"line":154,"column":0},"end":{"line":154,"column":32}},"154":{"start":{"line":155,"column":0},"end":{"line":155,"column":7}},"156":{"start":{"line":157,"column":0},"end":{"line":157,"column":46}},"157":{"start":{"line":158,"column":0},"end":{"line":158,"column":6}},"158":{"start":{"line":159,"column":0},"end":{"line":159,"column":5}},"160":{"start":{"line":161,"column":0},"end":{"line":161,"column":37}},"161":{"start":{"line":162,"column":0},"end":{"line":162,"column":29}},"162":{"start":{"line":163,"column":0},"end":{"line":163,"column":31}},"164":{"start":{"line":165,"column":0},"end":{"line":165,"column":19}},"165":{"start":{"line":166,"column":0},"end":{"line":166,"column":1}}},"s":{"0":1,"1":1,"2":1,"86":1,"87":7,"89":7,"90":7,"91":7,"92":7,"93":7,"96":7,"97":7,"98":7,"101":7,"102":7,"103":7,"106":7,"107":7,"108":7,"109":7,"110":7,"111":7,"112":7,"113":7,"114":7,"115":7,"118":7,"119":3,"120":7,"122":7,"124":7,"125":7,"126":7,"127":7,"128":7,"129":7,"131":7,"132":7,"133":7,"134":7,"135":7,"136":7,"137":7,"138":7,"139":7,"140":7,"141":7,"143":7,"144":7,"145":7,"146":7,"147":76,"150":76,"151":2,"152":2,"153":2,"154":2,"156":74,"157":76,"158":7,"160":7,"161":7,"162":7,"164":7,"165":7},"branchMap":{"0":{"type":"branch","line":87,"loc":{"start":{"line":87,"column":7},"end":{"line":166,"column":1}},"locations":[{"start":{"line":87,"column":7},"end":{"line":166,"column":1}}]},"1":{"type":"branch","line":97,"loc":{"start":{"line":97,"column":20},"end":{"line":97,"column":46}},"locations":[{"start":{"line":97,"column":20},"end":{"line":97,"column":46}}]},"2":{"type":"branch","line":98,"loc":{"start":{"line":98,"column":22},"end":{"line":98,"column":47}},"locations":[{"start":{"line":98,"column":22},"end":{"line":98,"column":47}}]},"3":{"type":"branch","line":98,"loc":{"start":{"line":98,"column":38},"end":{"line":98,"column":50}},"locations":[{"start":{"line":98,"column":38},"end":{"line":98,"column":50}}]},"4":{"type":"branch","line":99,"loc":{"start":{"line":99,"column":27},"end":{"line":99,"column":57}},"locations":[{"start":{"line":99,"column":27},"end":{"line":99,"column":57}}]},"5":{"type":"branch","line":99,"loc":{"start":{"line":99,"column":43},"end":{"line":99,"column":60}},"locations":[{"start":{"line":99,"column":43},"end":{"line":99,"column":60}}]},"6":{"type":"branch","line":103,"loc":{"start":{"line":103,"column":4},"end":{"line":103,"column":81}},"locations":[{"start":{"line":103,"column":4},"end":{"line":103,"column":81}}]},"7":{"type":"branch","line":119,"loc":{"start":{"line":119,"column":25},"end":{"line":121,"column":3}},"locations":[{"start":{"line":119,"column":25},"end":{"line":121,"column":3}}]},"8":{"type":"branch","line":128,"loc":{"start":{"line":128,"column":14},"end":{"line":128,"column":53}},"locations":[{"start":{"line":128,"column":14},"end":{"line":128,"column":53}}]},"9":{"type":"branch","line":140,"loc":{"start":{"line":140,"column":17},"end":{"line":140,"column":89}},"locations":[{"start":{"line":140,"column":17},"end":{"line":140,"column":89}}]},"10":{"type":"branch","line":146,"loc":{"start":{"line":146,"column":9},"end":{"line":146,"column":30}},"locations":[{"start":{"line":146,"column":9},"end":{"line":146,"column":30}}]},"11":{"type":"branch","line":147,"loc":{"start":{"line":147,"column":14},"end":{"line":158,"column":6}},"locations":[{"start":{"line":147,"column":14},"end":{"line":158,"column":6}}]},"12":{"type":"branch","line":151,"loc":{"start":{"line":151,"column":10},"end":{"line":151,"column":35}},"locations":[{"start":{"line":151,"column":10},"end":{"line":151,"column":35}}]},"13":{"type":"branch","line":151,"loc":{"start":{"line":151,"column":35},"end":{"line":155,"column":7}},"locations":[{"start":{"line":151,"column":35},"end":{"line":155,"column":7}}]},"14":{"type":"branch","line":155,"loc":{"start":{"line":155,"column":6},"end":{"line":157,"column":46}},"locations":[{"start":{"line":155,"column":6},"end":{"line":157,"column":46}}]}},"b":{"0":[7],"1":[3],"2":[3],"3":[6],"4":[3],"5":[5],"6":[8],"7":[3],"8":[7],"9":[16],"10":[176],"11":[76],"12":[5],"13":[2],"14":[74]},"fnMap":{"0":{"name":"VirtualFor","decl":{"start":{"line":87,"column":7},"end":{"line":166,"column":1}},"loc":{"start":{"line":87,"column":7},"end":{"line":166,"column":1}},"line":87},"1":{"name":"height","decl":{"start":{"line":128,"column":14},"end":{"line":128,"column":53}},"loc":{"start":{"line":128,"column":14},"end":{"line":128,"column":53}},"line":128},"2":{"name":"transform","decl":{"start":{"line":140,"column":17},"end":{"line":140,"column":89}},"loc":{"start":{"line":140,"column":17},"end":{"line":140,"column":89}},"line":140},"3":{"name":"key","decl":{"start":{"line":146,"column":9},"end":{"line":146,"column":30}},"loc":{"start":{"line":146,"column":9},"end":{"line":146,"column":30}},"line":146},"4":{"name":"children","decl":{"start":{"line":147,"column":14},"end":{"line":158,"column":6}},"loc":{"start":{"line":147,"column":14},"end":{"line":158,"column":6}},"line":147}},"f":{"0":7,"1":7,"2":16,"3":176,"4":76}}
,"/home/runner/work/aided/aided/packages/core/src/components/virtualizer.ts": {"path":"/home/runner/work/aided/aided/packages/core/src/components/virtualizer.ts","all":false,"statementMap":{"1":{"start":{"line":2,"column":0},"end":{"line":2,"column":51}},"2":{"start":{"line":3,"column":0},"end":{"line":3,"column":48}},"3":{"start":{"line":4,"column":0},"end":{"line":4,"column":52}},"40":{"start":{"line":41,"column":0},"end":{"line":41,"column":92}},"41":{"start":{"line":42,"column":0},"end":{"line":42,"column":54}},"43":{"start":{"line":44,"column":0},"end":{"line":44,"column":52}},"44":{"start":{"line":45,"column":0},"end":{"line":45,"column":64}},"46":{"start":{"line":47,"column":0},"end":{"line":47,"column":68}},"48":{"start":{"line":49,"column":0},"end":{"line":49,"column":55}},"49":{"start":{"line":50,"column":0},"end":{"line":50,"column":35}},"50":{"start":{"line":51,"column":0},"end":{"line":51,"column":37}},"51":{"start":{"line":52,"column":0},"end":{"line":52,"column":58}},"52":{"start":{"line":53,"column":0},"end":{"line":53,"column":62}},"53":{"start":{"line":54,"column":0},"end":{"line":54,"column":5}},"55":{"start":{"line":56,"column":0},"end":{"line":56,"column":31}},"56":{"start":{"line":57,"column":0},"end":{"line":57,"column":79}},"57":{"start":{"line":58,"column":0},"end":{"line":58,"column":97}},"58":{"start":{"line":59,"column":0},"end":{"line":59,"column":49}},"59":{"start":{"line":60,"column":0},"end":{"line":60,"column":50}},"60":{"start":{"line":61,"column":0},"end":{"line":61,"column":5}},"63":{"start":{"line":64,"column":0},"end":{"line":64,"column":36}},"64":{"start":{"line":65,"column":0},"end":{"line":65,"column":20}},"66":{"start":{"line":67,"column":0},"end":{"line":67,"column":59}},"67":{"start":{"line":68,"column":0},"end":{"line":68,"column":25}},"68":{"start":{"line":69,"column":0},"end":{"line":69,"column":30}},"73":{"start":{"line":74,"column":0},"end":{"line":74,"column":38}},"74":{"start":{"line":75,"column":0},"end":{"line":75,"column":37}},"75":{"start":{"line":76,"column":0},"end":{"line":76,"column":20}},"76":{"start":{"line":77,"column":0},"end":{"line":77,"column":20}},"77":{"start":{"line":78,"column":0},"end":{"line":78,"column":5}},"79":{"start":{"line":80,"column":0},"end":{"line":80,"column":50}},"80":{"start":{"line":81,"column":0},"end":{"line":81,"column":30}},"81":{"start":{"line":82,"column":0},"end":{"line":82,"column":32}},"82":{"start":{"line":83,"column":0},"end":{"line":83,"column":24}},"83":{"start":{"line":84,"column":0},"end":{"line":84,"column":5}},"86":{"start":{"line":87,"column":0},"end":{"line":87,"column":27}},"87":{"start":{"line":88,"column":0},"end":{"line":88,"column":39}},"88":{"start":{"line":89,"column":0},"end":{"line":89,"column":38}},"89":{"start":{"line":90,"column":0},"end":{"line":90,"column":99}},"90":{"start":{"line":91,"column":0},"end":{"line":91,"column":7}},"91":{"start":{"line":92,"column":0},"end":{"line":92,"column":20}},"92":{"start":{"line":93,"column":0},"end":{"line":93,"column":5}},"95":{"start":{"line":96,"column":0},"end":{"line":96,"column":37}},"96":{"start":{"line":97,"column":0},"end":{"line":97,"column":36}},"97":{"start":{"line":98,"column":0},"end":{"line":98,"column":97}},"98":{"start":{"line":99,"column":0},"end":{"line":99,"column":5}},"99":{"start":{"line":100,"column":0},"end":{"line":100,"column":18}},"100":{"start":{"line":101,"column":0},"end":{"line":101,"column":5}},"102":{"start":{"line":103,"column":0},"end":{"line":103,"column":45}},"103":{"start":{"line":104,"column":0},"end":{"line":104,"column":36}},"105":{"start":{"line":106,"column":0},"end":{"line":106,"column":31}},"106":{"start":{"line":107,"column":0},"end":{"line":107,"column":19}},"107":{"start":{"line":108,"column":0},"end":{"line":108,"column":33}},"108":{"start":{"line":109,"column":0},"end":{"line":109,"column":6}},"110":{"start":{"line":111,"column":0},"end":{"line":111,"column":28}},"111":{"start":{"line":112,"column":0},"end":{"line":112,"column":26}},"112":{"start":{"line":113,"column":0},"end":{"line":113,"column":51}},"113":{"start":{"line":114,"column":0},"end":{"line":114,"column":7}},"114":{"start":{"line":115,"column":0},"end":{"line":115,"column":6}},"117":{"start":{"line":118,"column":0},"end":{"line":118,"column":58}},"118":{"start":{"line":119,"column":0},"end":{"line":119,"column":23}},"119":{"start":{"line":120,"column":0},"end":{"line":120,"column":58}},"120":{"start":{"line":121,"column":0},"end":{"line":121,"column":7}},"121":{"start":{"line":122,"column":0},"end":{"line":122,"column":7}},"123":{"start":{"line":124,"column":0},"end":{"line":124,"column":63}},"124":{"start":{"line":125,"column":0},"end":{"line":125,"column":31}},"125":{"start":{"line":126,"column":0},"end":{"line":126,"column":51}},"127":{"start":{"line":128,"column":0},"end":{"line":128,"column":21}},"128":{"start":{"line":129,"column":0},"end":{"line":129,"column":53}},"129":{"start":{"line":130,"column":0},"end":{"line":130,"column":66}},"130":{"start":{"line":131,"column":0},"end":{"line":131,"column":34}},"131":{"start":{"line":132,"column":0},"end":{"line":132,"column":7}},"132":{"start":{"line":133,"column":0},"end":{"line":133,"column":4}},"134":{"start":{"line":135,"column":0},"end":{"line":135,"column":67}},"135":{"start":{"line":136,"column":0},"end":{"line":136,"column":1}}},"s":{"1":1,"2":1,"3":1,"40":1,"41":15,"43":15,"44":15,"46":15,"48":15,"49":33,"50":33,"51":33,"52":17,"53":17,"55":16,"56":16,"57":16,"58":16,"59":16,"60":15,"63":15,"64":15,"66":15,"67":32,"68":32,"73":32,"74":17,"75":17,"76":17,"77":17,"79":15,"80":15,"81":15,"82":15,"83":15,"86":32,"87":5,"88":26,"89":26,"90":26,"91":5,"92":5,"95":32,"96":149,"97":149,"98":149,"99":10,"100":15,"102":15,"103":15,"105":15,"106":2,"107":2,"108":2,"110":15,"111":4,"112":3,"113":3,"114":4,"117":15,"118":10,"119":10,"120":10,"121":15,"123":15,"124":15,"125":15,"127":15,"128":8,"129":8,"130":8,"131":15,"132":15,"134":15,"135":15},"branchMap":{"0":{"type":"branch","line":41,"loc":{"start":{"line":41,"column":7},"end":{"line":136,"column":1}},"locations":[{"start":{"line":41,"column":7},"end":{"line":136,"column":1}}]},"1":{"type":"branch","line":47,"loc":{"start":{"line":47,"column":33},"end":{"line":47,"column":66}},"locations":[{"start":{"line":47,"column":33},"end":{"line":47,"column":66}}]},"2":{"type":"branch","line":49,"loc":{"start":{"line":49,"column":48},"end":{"line":61,"column":3}},"locations":[{"start":{"line":49,"column":48},"end":{"line":61,"column":3}}]},"3":{"type":"branch","line":52,"loc":{"start":{"line":52,"column":18},"end":{"line":52,"column":40}},"locations":[{"start":{"line":52,"column":18},"end":{"line":52,"column":40}}]},"4":{"type":"branch","line":52,"loc":{"start":{"line":52,"column":35},"end":{"line":52,"column":57}},"locations":[{"start":{"line":52,"column":35},"end":{"line":52,"column":57}}]},"5":{"type":"branch","line":52,"loc":{"start":{"line":52,"column":57},"end":{"line":54,"column":5}},"locations":[{"start":{"line":52,"column":57},"end":{"line":54,"column":5}}]},"6":{"type":"branch","line":54,"loc":{"start":{"line":54,"column":4},"end":{"line":60,"column":50}},"locations":[{"start":{"line":54,"column":4},"end":{"line":60,"column":50}}]},"7":{"type":"branch","line":67,"loc":{"start":{"line":67,"column":52},"end":{"line":101,"column":3}},"locations":[{"start":{"line":67,"column":52},"end":{"line":101,"column":3}}]},"8":{"type":"branch","line":74,"loc":{"start":{"line":74,"column":37},"end":{"line":78,"column":5}},"locations":[{"start":{"line":74,"column":37},"end":{"line":78,"column":5}}]},"9":{"type":"branch","line":75,"loc":{"start":{"line":75,"column":25},"end":{"line":75,"column":37}},"locations":[{"start":{"line":75,"column":25},"end":{"line":75,"column":37}}]},"10":{"type":"branch","line":78,"loc":{"start":{"line":78,"column":4},"end":{"line":87,"column":26}},"locations":[{"start":{"line":78,"column":4},"end":{"line":87,"column":26}}]},"11":{"type":"branch","line":87,"loc":{"start":{"line":87,"column":26},"end":{"line":93,"column":5}},"locations":[{"start":{"line":87,"column":26},"end":{"line":93,"column":5}}]},"12":{"type":"branch","line":88,"loc":{"start":{"line":88,"column":38},"end":{"line":91,"column":7}},"locations":[{"start":{"line":88,"column":38},"end":{"line":91,"column":7}}]},"13":{"type":"branch","line":93,"loc":{"start":{"line":93,"column":4},"end":{"line":96,"column":36}},"locations":[{"start":{"line":93,"column":4},"end":{"line":96,"column":36}}]},"14":{"type":"branch","line":96,"loc":{"start":{"line":96,"column":36},"end":{"line":99,"column":5}},"locations":[{"start":{"line":96,"column":36},"end":{"line":99,"column":5}}]},"15":{"type":"branch","line":99,"loc":{"start":{"line":99,"column":4},"end":{"line":100,"column":18}},"locations":[{"start":{"line":99,"column":4},"end":{"line":100,"column":18}}]},"16":{"type":"branch","line":103,"loc":{"start":{"line":103,"column":23},"end":{"line":133,"column":4}},"locations":[{"start":{"line":103,"column":23},"end":{"line":133,"column":4}}]},"17":{"type":"branch","line":106,"loc":{"start":{"line":106,"column":24},"end":{"line":109,"column":6}},"locations":[{"start":{"line":106,"column":24},"end":{"line":109,"column":6}}]},"18":{"type":"branch","line":111,"loc":{"start":{"line":111,"column":21},"end":{"line":115,"column":6}},"locations":[{"start":{"line":111,"column":21},"end":{"line":115,"column":6}}]},"19":{"type":"branch","line":112,"loc":{"start":{"line":112,"column":25},"end":{"line":114,"column":7}},"locations":[{"start":{"line":112,"column":25},"end":{"line":114,"column":7}}]},"20":{"type":"branch","line":118,"loc":{"start":{"line":118,"column":46},"end":{"line":122,"column":5}},"locations":[{"start":{"line":118,"column":46},"end":{"line":122,"column":5}}]},"21":{"type":"branch","line":128,"loc":{"start":{"line":128,"column":14},"end":{"line":132,"column":5}},"locations":[{"start":{"line":128,"column":14},"end":{"line":132,"column":5}}]},"22":{"type":"branch","line":129,"loc":{"start":{"line":129,"column":25},"end":{"line":129,"column":53}},"locations":[{"start":{"line":129,"column":25},"end":{"line":129,"column":53}}]}},"b":{"0":[15],"1":[15],"2":[33],"3":[18],"4":[17],"5":[17],"6":[16],"7":[32],"8":[17],"9":[0],"10":[15],"11":[5],"12":[26],"13":[10],"14":[149],"15":[10],"16":[15],"17":[2],"18":[4],"19":[3],"20":[10],"21":[8],"22":[1]},"fnMap":{"0":{"name":"createVirtualizer","decl":{"start":{"line":41,"column":7},"end":{"line":136,"column":1}},"loc":{"start":{"line":41,"column":7},"end":{"line":136,"column":1}},"line":41},"1":{"name":"setContainer","decl":{"start":{"line":103,"column":23},"end":{"line":133,"column":4}},"loc":{"start":{"line":103,"column":23},"end":{"line":133,"column":4}},"line":103},"2":{"name":"flushScroll","decl":{"start":{"line":106,"column":24},"end":{"line":109,"column":6}},"loc":{"start":{"line":106,"column":24},"end":{"line":109,"column":6}},"line":106},"3":{"name":"onScroll","decl":{"start":{"line":111,"column":21},"end":{"line":115,"column":6}},"loc":{"start":{"line":111,"column":21},"end":{"line":115,"column":6}},"line":111}},"f":{"0":15,"1":15,"2":2,"3":4}}
,"/home/runner/work/aided/aided/packages/core/src/dom/bindings.ts": {"path":"/home/runner/work/aided/aided/packages/core/src/dom/bindings.ts","all":false,"statementMap":{"1":{"start":{"line":2,"column":0},"end":{"line":2,"column":52}},"2":{"start":{"line":3,"column":0},"end":{"line":3,"column":51}},"20":{"start":{"line":21,"column":0},"end":{"line":21,"column":75}},"21":{"start":{"line":22,"column":0},"end":{"line":22,"column":22}},"22":{"start":{"line":23,"column":0},"end":{"line":23,"column":27}},"23":{"start":{"line":24,"column":0},"end":{"line":24,"column":85}},"24":{"start":{"line":25,"column":0},"end":{"line":25,"column":5}},"25":{"start":{"line":26,"column":0},"end":{"line":26,"column":1}},"28":{"start":{"line":29,"column":0},"end":{"line":29,"column":34}},"29":{"start":{"line":30,"column":0},"end":{"line":30,"column":73}},"30":{"start":{"line":31,"column":0},"end":{"line":31,"column":3}},"33":{"start":{"line":34,"column":0},"end":{"line":34,"column":69}},"54":{"start":{"line":55,"column":0},"end":{"line":55,"column":101}},"55":{"start":{"line":56,"column":0},"end":{"line":56,"column":48}},"57":{"start":{"line":58,"column":0},"end":{"line":58,"column":35}},"58":{"start":{"line":59,"column":0},"end":{"line":59,"column":20}},"59":{"start":{"line":60,"column":0},"end":{"line":60,"column":76}},"61":{"start":{"line":62,"column":0},"end":{"line":62,"column":6}},"62":{"start":{"line":63,"column":0},"end":{"line":63,"column":3}},"64":{"start":{"line":65,"column":0},"end":{"line":65,"column":45}},"66":{"start":{"line":67,"column":0},"end":{"line":67,"column":22}},"67":{"start":{"line":68,"column":0},"end":{"line":68,"column":27}},"68":{"start":{"line":69,"column":0},"end":{"line":69,"column":67}},"69":{"start":{"line":70,"column":0},"end":{"line":70,"column":45}},"70":{"start":{"line":71,"column":0},"end":{"line":71,"column":12}},"71":{"start":{"line":72,"column":0},"end":{"line":72,"column":37}},"74":{"start":{"line":75,"column":0},"end":{"line":75,"column":59}},"75":{"start":{"line":76,"column":0},"end":{"line":76,"column":24}},"76":{"start":{"line":77,"column":0},"end":{"line":77,"column":85}},"78":{"start":{"line":79,"column":0},"end":{"line":79,"column":10}},"79":{"start":{"line":80,"column":0},"end":{"line":80,"column":7}},"81":{"start":{"line":82,"column":0},"end":{"line":82,"column":52}},"82":{"start":{"line":83,"column":0},"end":{"line":83,"column":5}},"83":{"start":{"line":84,"column":0},"end":{"line":84,"column":5}},"84":{"start":{"line":85,"column":0},"end":{"line":85,"column":1}},"106":{"start":{"line":107,"column":0},"end":{"line":107,"column":63}},"107":{"start":{"line":108,"column":0},"end":{"line":108,"column":23}},"108":{"start":{"line":109,"column":0},"end":{"line":109,"column":15}},"109":{"start":{"line":110,"column":0},"end":{"line":110,"column":47}},"110":{"start":{"line":111,"column":0},"end":{"line":111,"column":9}},"112":{"start":{"line":113,"column":0},"end":{"line":113,"column":35}},"113":{"start":{"line":114,"column":0},"end":{"line":114,"column":9}},"115":{"start":{"line":116,"column":0},"end":{"line":116,"column":44}},"116":{"start":{"line":117,"column":0},"end":{"line":117,"column":19}},"118":{"start":{"line":119,"column":0},"end":{"line":119,"column":69}},"119":{"start":{"line":120,"column":0},"end":{"line":120,"column":5}},"120":{"start":{"line":121,"column":0},"end":{"line":121,"column":4}},"122":{"start":{"line":123,"column":0},"end":{"line":123,"column":48}},"124":{"start":{"line":125,"column":0},"end":{"line":125,"column":19}},"125":{"start":{"line":126,"column":0},"end":{"line":126,"column":53}},"126":{"start":{"line":127,"column":0},"end":{"line":127,"column":5}},"127":{"start":{"line":128,"column":0},"end":{"line":128,"column":1}},"158":{"start":{"line":159,"column":0},"end":{"line":159,"column":79}},"159":{"start":{"line":160,"column":0},"end":{"line":160,"column":37}},"160":{"start":{"line":161,"column":0},"end":{"line":161,"column":38}},"162":{"start":{"line":163,"column":0},"end":{"line":163,"column":38}},"164":{"start":{"line":165,"column":0},"end":{"line":165,"column":26}},"165":{"start":{"line":166,"column":0},"end":{"line":166,"column":42}},"166":{"start":{"line":167,"column":0},"end":{"line":167,"column":61}},"167":{"start":{"line":168,"column":0},"end":{"line":168,"column":9}},"168":{"start":{"line":169,"column":0},"end":{"line":169,"column":12}},"171":{"start":{"line":172,"column":0},"end":{"line":172,"column":51}},"172":{"start":{"line":173,"column":0},"end":{"line":173,"column":5}},"173":{"start":{"line":174,"column":0},"end":{"line":174,"column":3}},"174":{"start":{"line":175,"column":0},"end":{"line":175,"column":1}},"203":{"start":{"line":204,"column":0},"end":{"line":204,"column":84}},"205":{"start":{"line":206,"column":0},"end":{"line":206,"column":49}},"207":{"start":{"line":208,"column":0},"end":{"line":208,"column":43}},"208":{"start":{"line":209,"column":0},"end":{"line":209,"column":40}},"212":{"start":{"line":213,"column":0},"end":{"line":213,"column":24}},"213":{"start":{"line":214,"column":0},"end":{"line":214,"column":48}},"214":{"start":{"line":215,"column":0},"end":{"line":215,"column":28}},"215":{"start":{"line":216,"column":0},"end":{"line":216,"column":40}},"220":{"start":{"line":221,"column":0},"end":{"line":221,"column":68}},"221":{"start":{"line":222,"column":0},"end":{"line":222,"column":11}},"222":{"start":{"line":223,"column":0},"end":{"line":223,"column":14}},"224":{"start":{"line":225,"column":0},"end":{"line":225,"column":68}},"225":{"start":{"line":226,"column":0},"end":{"line":226,"column":7}},"226":{"start":{"line":227,"column":0},"end":{"line":227,"column":5}},"227":{"start":{"line":228,"column":0},"end":{"line":228,"column":3}},"228":{"start":{"line":229,"column":0},"end":{"line":229,"column":1}},"253":{"start":{"line":254,"column":0},"end":{"line":254,"column":25}},"254":{"start":{"line":255,"column":0},"end":{"line":255,"column":70}},"255":{"start":{"line":256,"column":0},"end":{"line":256,"column":44}},"256":{"start":{"line":257,"column":0},"end":{"line":257,"column":9}},"257":{"start":{"line":258,"column":0},"end":{"line":258,"column":28}},"260":{"start":{"line":261,"column":0},"end":{"line":261,"column":22}},"261":{"start":{"line":262,"column":0},"end":{"line":262,"column":24}},"262":{"start":{"line":263,"column":0},"end":{"line":263,"column":107}},"263":{"start":{"line":264,"column":0},"end":{"line":264,"column":32}},"264":{"start":{"line":265,"column":0},"end":{"line":265,"column":55}},"266":{"start":{"line":267,"column":0},"end":{"line":267,"column":42}},"267":{"start":{"line":268,"column":0},"end":{"line":268,"column":5}},"268":{"start":{"line":269,"column":0},"end":{"line":269,"column":5}},"271":{"start":{"line":272,"column":0},"end":{"line":272,"column":25}},"272":{"start":{"line":273,"column":0},"end":{"line":273,"column":107}},"273":{"start":{"line":274,"column":0},"end":{"line":274,"column":54}},"274":{"start":{"line":275,"column":0},"end":{"line":275,"column":12}},"275":{"start":{"line":276,"column":0},"end":{"line":276,"column":51}},"276":{"start":{"line":277,"column":0},"end":{"line":277,"column":5}},"277":{"start":{"line":278,"column":0},"end":{"line":278,"column":4}},"279":{"start":{"line":280,"column":0},"end":{"line":280,"column":39}},"281":{"start":{"line":282,"column":0},"end":{"line":282,"column":40}},"282":{"start":{"line":283,"column":0},"end":{"line":283,"column":1}}},"s":{"1":1,"2":1,"20":1,"21":5,"22":14,"23":14,"24":5,"25":5,"28":1,"29":1,"30":1,"33":1,"54":1,"55":21,"57":21,"58":5,"59":5,"61":5,"62":5,"64":16,"66":16,"67":37,"68":37,"69":7,"70":37,"71":30,"74":30,"75":2,"76":2,"78":2,"79":2,"81":28,"82":28,"83":16,"84":16,"106":1,"107":20,"108":20,"109":20,"110":20,"112":20,"113":13,"115":13,"116":13,"118":2,"119":2,"120":13,"122":20,"124":20,"125":20,"126":20,"127":20,"158":1,"159":6,"160":10,"162":10,"164":7,"165":13,"166":13,"167":7,"168":7,"171":3,"172":3,"173":10,"174":6,"203":1,"205":21,"207":74,"208":74,"212":74,"213":72,"214":22,"215":41,"220":41,"221":22,"222":71,"224":50,"225":50,"226":72,"227":74,"228":21,"253":1,"254":7,"255":7,"256":7,"257":7,"260":7,"261":19,"262":19,"263":6,"264":19,"266":8,"267":8,"268":7,"271":7,"272":7,"273":3,"274":7,"275":4,"276":4,"277":7,"279":7,"281":7,"282":7},"branchMap":{"0":{"type":"branch","line":21,"loc":{"start":{"line":21,"column":7},"end":{"line":26,"column":1}},"locations":[{"start":{"line":21,"column":7},"end":{"line":26,"column":1}}]},"1":{"type":"branch","line":22,"loc":{"start":{"line":22,"column":15},"end":{"line":25,"column":3}},"locations":[{"start":{"line":22,"column":15},"end":{"line":25,"column":3}}]},"2":{"type":"branch","line":24,"loc":{"start":{"line":24,"column":36},"end":{"line":24,"column":66}},"locations":[{"start":{"line":24,"column":36},"end":{"line":24,"column":66}}]},"3":{"type":"branch","line":24,"loc":{"start":{"line":24,"column":54},"end":{"line":24,"column":71}},"locations":[{"start":{"line":24,"column":54},"end":{"line":24,"column":71}}]},"4":{"type":"branch","line":24,"loc":{"start":{"line":24,"column":66},"end":{"line":24,"column":85}},"locations":[{"start":{"line":24,"column":66},"end":{"line":24,"column":85}}]},"5":{"type":"branch","line":55,"loc":{"start":{"line":55,"column":7},"end":{"line":85,"column":1}},"locations":[{"start":{"line":55,"column":7},"end":{"line":85,"column":1}}]},"6":{"type":"branch","line":58,"loc":{"start":{"line":58,"column":34},"end":{"line":63,"column":3}},"locations":[{"start":{"line":58,"column":34},"end":{"line":63,"column":3}}]},"7":{"type":"branch","line":63,"loc":{"start":{"line":63,"column":2},"end":{"line":85,"column":1}},"locations":[{"start":{"line":63,"column":2},"end":{"line":85,"column":1}}]},"8":{"type":"branch","line":67,"loc":{"start":{"line":67,"column":15},"end":{"line":84,"column":3}},"locations":[{"start":{"line":67,"column":15},"end":{"line":84,"column":3}}]},"9":{"type":"branch","line":69,"loc":{"start":{"line":69,"column":18},"end":{"line":69,"column":49}},"locations":[{"start":{"line":69,"column":18},"end":{"line":69,"column":49}}]},"10":{"type":"branch","line":69,"loc":{"start":{"line":69,"column":36},"end":{"line":69,"column":66}},"locations":[{"start":{"line":69,"column":36},"end":{"line":69,"column":66}}]},"11":{"type":"branch","line":69,"loc":{"start":{"line":69,"column":66},"end":{"line":71,"column":11}},"locations":[{"start":{"line":69,"column":66},"end":{"line":71,"column":11}}]},"12":{"type":"branch","line":71,"loc":{"start":{"line":71,"column":4},"end":{"line":83,"column":5}},"locations":[{"start":{"line":71,"column":4},"end":{"line":83,"column":5}}]},"13":{"type":"branch","line":75,"loc":{"start":{"line":75,"column":10},"end":{"line":75,"column":58}},"locations":[{"start":{"line":75,"column":10},"end":{"line":75,"column":58}}]},"14":{"type":"branch","line":75,"loc":{"start":{"line":75,"column":58},"end":{"line":80,
[...]
,"/home/runner/work/aided/aided/packages/core/src/primitives/lisAsync.ts": {"path":"/home/runner/work/aided/aided/packages/core/src/primitives/lisAsync.ts","all":false,"statementMap":{"0":{"start":{"line":1,"column":0},"end":{"line":1,"column":47}},"41":{"start":{"line":42,"column":0},"end":{"line":42,"column":50}},"42":{"start":{"line":43,"column":0},"end":{"line":43,"column":61}},"43":{"start":{"line":44,"column":0},"end":{"line":44,"column":22}},"44":{"start":{"line":45,"column":0},"end":{"line":45,"column":43}},"45":{"start":{"line":46,"column":0},"end":{"line":46,"column":35}},"47":{"start":{"line":48,"column":0},"end":{"line":48,"column":25}},"48":{"start":{"line":49,"column":0},"end":{"line":49,"column":5}},"50":{"start":{"line":51,"column":0},"end":{"line":51,"column":35}},"53":{"start":{"line":54,"column":0},"end":{"line":54,"column":38}},"54":{"start":{"line":55,"column":0},"end":{"line":55,"column":25}},"55":{"start":{"line":56,"column":0},"end":{"line":56,"column":74}},"56":{"start":{"line":57,"column":0},"end":{"line":57,"column":35}},"58":{"start":{"line":59,"column":0},"end":{"line":59,"column":65}},"59":{"start":{"line":60,"column":0},"end":{"line":60,"column":28}},"60":{"start":{"line":61,"column":0},"end":{"line":61,"column":25}},"62":{"start":{"line":63,"column":0},"end":{"line":63,"column":82}},"63":{"start":{"line":64,"column":0},"end":{"line":64,"column":44}},"64":{"start":{"line":65,"column":0},"end":{"line":65,"column":14}},"65":{"start":{"line":66,"column":0},"end":{"line":66,"column":40}},"66":{"start":{"line":67,"column":0},"end":{"line":67,"column":7}},"67":{"start":{"line":68,"column":0},"end":{"line":68,"column":6}},"69":{"start":{"line":70,"column":0},"end":{"line":70,"column":45}},"70":{"start":{"line":71,"column":0},"end":{"line":71,"column":28}},"71":{"start":{"line":72,"column":0},"end":{"line":72,"column":25}},"72":{"start":{"line":73,"column":0},"end":{"line":73,"column":58}},"73":{"start":{"line":74,"column":0},"end":{"line":74,"column":6}},"75":{"start":{"line":76,"column":0},"end":{"line":76,"column":9}},"77":{"start":{"line":78,"column":0},"end":{"line":78,"column":44}},"78":{"start":{"line":79,"column":0},"end":{"line":79,"column":21}},"79":{"start":{"line":80,"column":0},"end":{"line":80,"column":28}},"80":{"start":{"line":81,"column":0},"end":{"line":81,"column":25}},"81":{"start":{"line":82,"column":0},"end":{"line":82,"column":20}},"82":{"start":{"line":83,"column":0},"end":{"line":83,"column":5}},"83":{"start":{"line":84,"column":0},"end":{"line":84,"column":5}},"84":{"start":{"line":85,"column":0},"end":{"line":85,"column":1}}},"s":{"0":1,"41":1,"42":6,"43":6,"44":6,"45":6,"47":1,"48":1,"50":5,"53":5,"54":1,"55":1,"56":5,"58":5,"59":2,"60":2,"62":2,"63":1,"64":1,"65":1,"66":1,"67":2,"69":5,"70":1,"71":1,"72":1,"73":1,"75":5,"77":5,"78":6,"79":1,"80":1,"81":1,"82":1,"83":6,"84":6},"branchMap":{"0":{"type":"branch","line":42,"loc":{"start":{"line":42,"column":7},"end":{"line":85,"column":1}},"locations":[{"start":{"line":42,"column":7},"end":{"line":85,"column":1}}]},"1":{"type":"branch","line":45,"loc":{"start":{"line":45,"column":21},"end":{"line":84,"column":3}},"locations":[{"start":{"line":45,"column":21},"end":{"line":84,"column":3}}]},"2":{"type":"branch","line":46,"loc":{"start":{"line":46,"column":34},"end":{"line":49,"column":5}},"locations":[{"start":{"line":46,"column":34},"end":{"line":49,"column":5}}]},"3":{"type":"branch","line":49,"loc":{"start":{"line":49,"column":4},"end":{"line":79,"column":13}},"locations":[{"start":{"line":49,"column":4},"end":{"line":79,"column":13}}]},"4":{"type":"branch","line":79,"loc":{"start":{"line":79,"column":4},"end":{"line":83,"column":5}},"locations":[{"start":{"line":79,"column":4},"end":{"line":83,"column":5}}]},"5":{"type":"branch","line":54,"loc":{"start":{"line":54,"column":31},"end":{"line":57,"column":7}},"locations":[{"start":{"line":54,"column":31},"end":{"line":57,"column":7}}]},"6":{"type":"branch","line":59,"loc":{"start":{"line":59,"column":23},"end":{"line":68,"column":6}},"locations":[{"start":{"line":59,"column":23},"end":{"line":68,"column":6}}]},"7":{"type":"branch","line":63,"loc":{"start":{"line":63,"column":81},"end":{"line":67,"column":7}},"locations":[{"start":{"line":63,"column":81},"end":{"line":67,"column":7}}]},"8":{"type":"branch","line":70,"loc":{"start":{"line":70,"column":21},"end":{"line":74,"column":6}},"locations":[{"start":{"line":70,"column":21},"end":{"line":74,"column":6}}]}},"b":{"0":[6],"1":[6],"2":[1],"3":[5],"4":[1],"5":[1],"6":[2],"7":[1],"8":[1]},"fnMap":{"0":{"name":"longestIncreasingSubsequenceAsync","decl":{"start":{"line":42,"column":7},"end":{"line":85,"column":1}},"loc":{"start":{"line":42,"column":7},"end":{"line":85,"column":1}},"line":42},"1":{"name":"worker.onmessage","decl":{"start":{"line":59,"column":23},"end":{"line":68,"column":6}},"loc":{"start":{"line":59,"column":23},"end":{"line":68,"column":6}},"line":59},"2":{"name":"worker.onerror","decl":{"start":{"line":70,"column":21},"end":{"line":74,"column":6}},"loc":{"start":{"line":70,"column":21},"end":{"line":74,"column":6}},"line":70}},"f":{"0":6,"1":2,"2":1}}
,"/home/runner/work/aided/aided/packages/core/src/primitives/memo.ts": {"path":"/home/runner/work/aided/aided/packages/core/src/primitives/memo.ts","all":false,"statementMap":{"0":{"start":{"line":1,"column":0},"end":{"line":1,"column":40}},"1":{"start":{"line":2,"column":0},"end":{"line":2,"column":40}},"37":{"start":{"line":38,"column":0},"end":{"line":38,"column":80}},"40":{"start":{"line":41,"column":0},"end":{"line":41,"column":74}},"44":{"start":{"line":45,"column":0},"end":{"line":45,"column":22}},"45":{"start":{"line":46,"column":0},"end":{"line":46,"column":18}},"46":{"start":{"line":47,"column":0},"end":{"line":47,"column":14}},"52":{"start":{"line":53,"column":0},"end":{"line":53,"column":25}},"53":{"start":{"line":54,"column":0},"end":{"line":54,"column":1}}},"s":{"0":1,"1":1,"37":1,"40":65,"44":65,"45":119,"46":65,"52":65,"53":65},"branchMap":{"0":{"type":"branch","line":38,"loc":{"start":{"line":38,"column":7},"end":{"line":54,"column":1}},"locations":[{"start":{"line":38,"column":7},"end":{"line":54,"column":1}}]},"1":{"type":"branch","line":45,"loc":{"start":{"line":45,"column":15},"end":{"line":47,"column":5}},"locations":[{"start":{"line":45,"column":15},"end":{"line":47,"column":5}}]}},"b":{"0":[65],"1":[119]},"fnMap":{"0":{"name":"createMemo","decl":{"start":{"line":38,"column":7},"end":{"line":54,"column":1}},"loc":{"start":{"line":38,"column":7},"end":{"line":54,"column":1}},"line":38}},"f":{"0":65}}
,"/home/runner/work/aided/aided/packages/core/src/primitives/resource.ts": {"path":"/home/runner/work/aided/aided/packages/core/src/primitives/resource.ts","all":false,"statementMap":{"0":{"start":{"line":1,"column":0},"end":{"line":1,"column":40}},"1":{"start":{"line":2,"column":0},"end":{"line":2,"column":40}},"2":{"start":{"line":3,"column":0},"end":{"line":3,"column":36}},"3":{"start":{"line":4,"column":0},"end":{"line":4,"column":51}},"56":{"start":{"line":57,"column":0},"end":{"line":57,"column":50}},"57":{"start":{"line":58,"column":0},"end":{"line":58,"column":26}},"58":{"start":{"line":59,"column":0},"end":{"line":59,"column":25}},"59":{"start":{"line":60,"column":0},"end":{"line":60,"column":27}},"60":{"start":{"line":61,"column":0},"end":{"line":61,"column":19}},"61":{"start":{"line":62,"column":0},"end":{"line":62,"column":74}},"62":{"start":{"line":63,"column":0},"end":{"line":63,"column":60}},"63":{"start":{"line":64,"column":0},"end":{"line":64,"column":67}},"65":{"start":{"line":66,"column":0},"end":{"line":66,"column":22}},"66":{"start":{"line":67,"column":0},"end":{"line":67,"column":33}},"67":{"start":{"line":68,"column":0},"end":{"line":68,"column":21}},"68":{"start":{"line":69,"column":0},"end":{"line":69,"column":24}},"70":{"start":{"line":71,"column":0},"end":{"line":71,"column":45}},"73":{"start":{"line":74,"column":0},"end":{"line":74,"column":21}},"74":{"start":{"line":75,"column":0},"end":{"line":75,"column":25}},"75":{"start":{"line":76,"column":0},"end":{"line":76,"column":7}},"77":{"start":{"line":78,"column":0},"end":{"line":78,"column":38}},"78":{"start":{"line":79,"column":0},"end":{"line":79,"column":11}},"79":{"start":{"line":80,"column":0},"end":{"line":80,"column":81}},"80":{"start":{"line":81,"column":0},"end":{"line":81,"column":41}},"81":{"start":{"line":82,"column":0},"end":{"line":82,"column":26}},"82":{"start":{"line":83,"column":0},"end":{"line":83,"column":9}},"83":{"start":{"line":84,"column":0},"end":{"line":84,"column":19}},"84":{"start":{"line":85,"column":0},"end":{"line":85,"column":41}},"85":{"start":{"line":86,"column":0},"end":{"line":86,"column":27}},"86":{"start":{"line":87,"column":0},"end":{"line":87,"column":9}},"87":{"start":{"line":88,"column":0},"end":{"line":88,"column":17}},"88":{"start":{"line":89,"column":0},"end":{"line":89,"column":41}},"89":{"start":{"line":90,"column":0},"end":{"line":90,"column":28}},"90":{"start":{"line":91,"column":0},"end":{"line":91,"column":9}},"91":{"start":{"line":92,"column":0},"end":{"line":92,"column":7}},"92":{"start":{"line":93,"column":0},"end":{"line":93,"column":6}},"94":{"start":{"line":95,"column":0},"end":{"line":95,"column":19}},"95":{"start":{"line":96,"column":0},"end":{"line":96,"column":14}},"98":{"start":{"line":99,"column":0},"end":{"line":99,"column":57}},"102":{"start":{"line":103,"column":0},"end":{"line":103,"column":62}},"104":{"start":{"line":105,"column":0},"end":{"line":105,"column":58}},"106":{"start":{"line":107,"column":0},"end":{"line":107,"column":40}},"107":{"start":{"line":108,"column":0},"end":{"line":108,"column":1}}},"s":{"0":1,"1":1,"2":1,"3":1,"56":1,"57":5,"58":5,"59":5,"60":5,"61":5,"62":5,"63":5,"65":5,"66":7,"67":7,"68":7,"70":7,"73":7,"74":5,"75":7,"77":7,"78":7,"79":7,"80":7,"81":5,"82":5,"83":7,"84":1,"85":1,"86":1,"87":7,"88":7,"89":6,"90":6,"91":7,"92":7,"94":7,"95":5,"98":5,"102":5,"104":5,"106":5,"107":5},"branchMap":{"0":{"type":"branch","line":57,"loc":{"start":{"line":57,"column":7},"end":{"line":108,"column":1}},"locations":[{"start":{"line":57,"column":7},"end":{"line":108,"column":1}}]},"1":{"type":"branch","line":66,"loc":{"start":{"line":66,"column":15},"end":{"line":96,"column":5}},"locations":[{"start":{"line":66,"column":15},"end":{"line":96,"column":5}}]},"2":{"type":"branch","line":74,"loc":{"start":{"line":74,"column":14},"end":{"line":76,"column":5}},"locations":[{"start":{"line":74,"column":14},"end":{"line":76,"column":5}}]},"3":{"type":"branch","line":78,"loc":{"start":{"line":78,"column":25},"end":{"line":93,"column":6}},"locations":[{"start":{"line":78,"column":25},"end":{"line":93,"column":6}}]},"4":{"type":"branch","line":80,"loc":{"start":{"line":80,"column":79},"end":{"line":81,"column":40}},"locations":[{"start":{"line":80,"column":79},"end":{"line":81,"column":40}}]},"5":{"type":"branch","line":81,"loc":{"start":{"line":81,"column":40},"end":{"line":83,"column":9}},"locations":[{"start":{"line":81,"column":40},"end":{"line":83,"column":9}}]},"6":{"type":"branch","line":84,"loc":{"start":{"line":84,"column":6},"end":{"line":88,"column":8}},"locations":[{"start":{"line":84,"column":6},"end":{"line":88,"column":8}}]},"7":{"type":"branch","line":89,"loc":{"start":{"line":89,"column":40},"end":{"line":91,"column":9}},"locations":[{"start":{"line":89,"column":40},"end":{"line":91,"column":9}}]},"8":{"type":"branch","line":99,"loc":{"start":{"line":99,"column":34},"end":{"line":99,"column":48}},"locations":[{"start":{"line":99,"column":34},"end":{"line":99,"column":48}}]},"9":{"type":"branch","line":103,"loc":{"start":{"line":103,"column":45},"end":{"line":103,"column":60}},"locations":[{"start":{"line":103,"column":45},"end":{"line":103,"column":60}}]},"10":{"type":"branch","line":105,"loc":{"start":{"line":105,"column":43},"end":{"line":105,"column":56}},"locations":[{"start":{"line":105,"column":43},"end":{"line":105,"column":56}}]}},"b":{"0":[5],"1":[7],"2":[5],"3":[7],"4":[6],"5":[5],"6":[1],"7":[6],"8":[10],"9":[13],"10":[6]},"fnMap":{"0":{"name":"createResource","decl":{"start":{"line":57,"column":7},"end":{"line":108,"column":1}},"loc":{"start":{"line":57,"column":7},"end":{"line":108,"column":1}},"line":57},"1":{"name":"executeFetch","decl":{"start":{"line":78,"column":25},"end":{"line":93,"column":6}},"loc":{"start":{"line":78,"column":25},"end":{"line":93,"column":6}},"line":78}},"f":{"0":5,"1":7}}
,"/home/runner/work/aided/aided/packages/core/src/primitives/signal.ts": {"path":"/home/runner/work/aided/aided/packages/core/src/primitives/signal.ts","all":false,"statementMap":{"1":{"start":{"line":2,"column":0},"end":{"line":2,"column":78}},"30":{"start":{"line":31,"column":0},"end":{"line":31,"column":32}},"31":{"start":{"line":32,"column":0},"end":{"line":32,"column":11}},"32":{"start":{"line":33,"column":0},"end":{"line":33,"column":27}},"33":{"start":{"line":34,"column":0},"end":{"line":34,"column":39}},"34":{"start":{"line":35,"column":0},"end":{"line":35,"column":44}},"36":{"start":{"line":37,"column":0},"end":{"line":37,"column":42}},"37":{"start":{"line":38,"column":0},"end":{"line":38,"column":62}},"38":{"start":{"line":39,"column":0},"end":{"line":39,"column":24}},"39":{"start":{"line":40,"column":0},"end":{"line":40,"column":37}},"40":{"start":{"line":41,"column":0},"end":{"line":41,"column":50}},"41":{"start":{"line":42,"column":0},"end":{"line":42,"column":5}},"42":{"start":{"line":43,"column":0},"end":{"line":43,"column":17}},"43":{"start":{"line":44,"column":0},"end":{"line":44,"column":4}},"45":{"start":{"line":46,"column":0},"end":{"line":46,"column":51}},"46":{"start":{"line":47,"column":0},"end":{"line":47,"column":37}},"47":{"start":{"line":48,"column":0},"end":{"line":48,"column":13}},"48":{"start":{"line":49,"column":0},"end":{"line":49,"column":5}},"49":{"start":{"line":50,"column":0},"end":{"line":50,"column":21}},"50":{"start":{"line":51,"column":0},"end":{"line":51,"column":56}},"51":{"start":{"line":52,"column":0},"end":{"line":52,"column":17}},"52":{"start":{"line":53,"column":0},"end":{"line":53,"column":4}},"56":{"start":{"line":57,"column":0},"end":{"line":57,"column":63}},"58":{"start":{"line":59,"column":0},"end":{"line":59,"column":39}},"59":{"start":{"line":60,"column":0},"end":{"line":60,"column":3}},"61":{"start":{"line":62,"column":0},"end":{"line":62,"column":23}},"62":{"start":{"line":63,"column":0},"end":{"line":63,"column":1}}},"s":{"1":1,"30":1,"31":452,"32":452,"33":452,"34":452,"36":452,"37":594,"38":594,"39":540,"40":540,"41":540,"42":594,"43":594,"45":452,"46":344,"47":72,"48":72,"49":272,"50":272,"51":272,"52":344,"56":452,"58":2,"59":2,"61":452,"62":452},"branchMap":{"0":{"type":"branch","line":31,"loc":{"start":{"line":31,"column":7},"end":{"line":63,"column":1}},"locations":[{"start":{"line":31,"column":7},"end":{"line":63,"column":1}}]},"1":{"type":"branch","line":57,"loc":{"start":{"line":57,"column":31},"end":{"line":57,"column":62}},"locations":[{"start":{"line":57,"column":31},"end":{"line":57,"column":62}}]},"2":{"type":"branch","line":57,"loc":{"start":{"line":57,"column":47},"end":{"line":57,"column":62}},"locations":[{"start":{"line":57,"column":47},"end":{"line":57,"column":62}}]},"3":{"type":"branch","line":57,"loc":{"start":{"line":57,"column":62},"end":{"line":60,"column":3}},"locations":[{"start":{"line":57,"column":62},"end":{"line":60,"column":3}}]},"4":{"type":"branch","line":37,"loc":{"start":{"line":37,"column":32},"end":{"line":44,"column":4}},"locations":[{"start":{"line":37,"column":32},"end":{"line":44,"column":4}}]},"5":{"type":"branch","line":39,"loc":{"start":{"line":39,"column":23},"end":{"line":42,"column":5}},"locations":[{"start":{"line":39,"column":23},"end":{"line":42,"column":5}}]},"6":{"type":"branch","line":46,"loc":{"start":{"line":46,"column":33},"end":{"line":53,"column":4}},"locations":[{"start":{"line":46,"column":33},"end":{"line":53,"column":4}}]},"7":{"type":"branch","line":47,"loc":{"start":{"line":47,"column":36},"end":{"line":49,"column":5}},"locations":[{"start":{"line":47,"column":36},"end":{"line":49,"column":5}}]},"8":{"type":"branch","line":49,"loc":{"start":{"line":49,"column":4},"end":{"line":52,"column":17}},"locations":[{"start":{"line":49,"column":4},"end":{"line":52,"column":17}}]},"9":{"type":"branch","line":51,"loc":{"start":{"line":51,"column":24},"end":{"line":51,"column":54}},"locations":[{"start":{"line":51,"column":24},"end":{"line":51,"column":54}}]}},"b":{"0":[452],"1":[451],"2":[2],"3":[2],"4":[594],"5":[540],"6":[344],"7":[72],"8":[272],"9":[172]},"fnMap":{"0":{"name":"createSignal","decl":{"start":{"line":31,"column":7},"end":{"line":63,"column":1}},"loc":{"start":{"line":31,"column":7},"end":{"line":63,"column":1}},"line":31},"1":{"name":"read","decl":{"start":{"line":37,"column":32},"end":{"line":44,"column":4}},"loc":{"start":{"line":37,"column":32},"end":{"line":44,"column":4}},"line":37},"2":{"name":"write","decl":{"start":{"line":46,"column":33},"end":{"line":53,"column":4}},"loc":{"start":{"line":46,"column":33},"end":{"line":53,"column":4}},"line":46}},"f":{"0":452,"1":594,"2":344}}
,"/home/runner/work/aided/aided/packages/core/src/primitives/untrack.ts": {"path":"/home/runner/work/aided/aided/packages/core/src/primitives/untrack.ts","all":false,"statementMap":{"0":{"start":{"line":1,"column":0},"end":{"line":1,"column":52}},"32":{"start":{"line":33,"column":0},"end":{"line":33,"column":44}},"34":{"start":{"line":35,"column":0},"end":{"line":35,"column":37}},"37":{"start":{"line":38,"column":0},"end":{"line":38,"column":25}},"39":{"start":{"line":40,"column":0},"end":{"line":40,"column":7}},"41":{"start":{"line":42,"column":0},"end":{"line":42,"column":16}},"42":{"start":{"line":43,"column":0},"end":{"line":43,"column":13}},"44":{"start":{"line":45,"column":0},"end":{"line":45,"column":35}},"45":{"start":{"line":46,"column":0},"end":{"line":46,"column":3}},"46":{"start":{"line":47,"column":0},"end":{"line":47,"column":1}}},"s":{"0":1,"32":1,"34":8,"37":8,"39":8,"41":8,"42":8,"44":8,"45":8,"46":8},"branchMap":{"0":{"type":"branch","line":33,"loc":{"start":{"line":33,"column":7},"end":{"line":47,"column":1}},"locations":[{"start":{"line":33,"column":7},"end":{"line":47,"column":1}}]}},"b":{"0":[8]},"fnMap":{"0":{"name":"untrack","decl":{"start":{"line":33,"column":7},"end":{"line":47,"column":1}},"loc":{"start":{"line":33,"column":7},"end":{"line":47,"column":1}},"line":33}},"f":{"0":8}}
}
